****************************************************************
*                      CasHMC version 1.3                      *
*                       result log file                        *
*            Date : 2018/03/21      Time : 02:16:27            *
****************************************************************

- Trace type : file
- Trace file : ./trace/SPEC_CPU2006_example/mase_trace_gobmk_base.alpha.v0.trc

  ============= CasHMC statistic result =============

  Elapsed epoch : 0
  Elapsed clock : 299992

        HMC bandwidth : 4.32264 GB/s  (Considered only data size)
       Link bandwidth : 11.3601 GB/s  (Included flow packet)
     Transmitted data : 1.32788 MB (1392384 B)

    Active link power :     250 mW
     Sleep link power :       0 mW
      Down link power :       0 mW
  Total power on link :     250 mW

     Sleep mode ratio :       0 %
      Down mode ratio :       0 %
Total low-power ratio :       0 %

    Tran latency mean : 61.581 ns
                 std  : 9.24884 ns
                 max  : 131 ns
                 min  : 52 ns
    Link latency mean : 54.5791 ns
                 std  : 9.24988 ns
                 max  : 124 ns
                 min  : 45 ns
   Vault latency mean : 20.0115 ns
                 std  : 3.91681 ns
                 max  : 23.2 ns
                 min  : 15.2 ns
   Retry latency mean : 0 ns
                 std  : 0 ns
                 max  : 0 ns
                 min  : 0 ns

           Read count : 13085
          Write count : 8673
         Atomic count : 0
        Request count : 21758
       Response count : 21752
           Flow count : 98168
    Transaction count : 21751
    Error abort count : 0
    Error retry count : 0

  ----------------------  [Link 0]
  |               Read per link : 1642
  |              Write per link : 3798
  |             Atomic per link : 0
  |            Request per link : 5440
  |           Response per link : 5438
  |               Flow per link : 20003
  |        Error abort per link : 0
  |            Sleep mode ratio : 0 %
  |             Down mode ratio : 0 %
  |  Total low power mode ratio : 0 %
  |        Downstream Bandwidth : 1.59149 GB/s
  |          Upstream Bandwidth : 1.05051 GB/s
  |             Total Bandwidth :   2.642 GB/s
  |  Downstream effec Bandwidth : 0.754615 GB/s
  |    Upstream effec Bandwidth : 0.353465 GB/s
  |       Total effec Bandwidth : 1.10808 GB/s
  | Downstream transmitted data : 237.375 KB (243072 B)
  |   Upstream transmitted data : 111.188 KB (113856 B)
  -----  Total transmitted data : 348.562 KB (356928 B)

  ----------------------  [Link 1]
  |               Read per link : 4908
  |              Write per link : 532
  |             Atomic per link : 0
  |            Request per link : 5440
  |           Response per link : 5438
  |               Flow per link : 29130
  |        Error abort per link : 0
  |            Sleep mode ratio : 0 %
  |             Down mode ratio : 0 %
  |  Total low power mode ratio : 0 %
  |        Downstream Bandwidth : 1.09223 GB/s
  |          Upstream Bandwidth :  1.9445 GB/s
  |             Total Bandwidth : 3.03674 GB/s
  |  Downstream effec Bandwidth : 0.105702 GB/s
  |    Upstream effec Bandwidth : 0.943765 GB/s
  |       Total effec Bandwidth : 1.04947 GB/s
  | Downstream transmitted data :   33.25 KB (34048 B)
  |   Upstream transmitted data : 296.875 KB (304000 B)
  -----  Total transmitted data : 330.125 KB (338048 B)

  ----------------------  [Link 2]
  |               Read per link : 1633
  |              Write per link : 3806
  |             Atomic per link : 0
  |            Request per link : 5439
  |           Response per link : 5438
  |               Flow per link : 19968
  |        Error abort per link : 0
  |            Sleep mode ratio : 0 %
  |             Down mode ratio : 0 %
  |  Total low power mode ratio : 0 %
  |        Downstream Bandwidth : 1.59253 GB/s
  |          Upstream Bandwidth : 1.05304 GB/s
  |             Total Bandwidth : 2.64557 GB/s
  |  Downstream effec Bandwidth : 0.756204 GB/s
  |    Upstream effec Bandwidth : 0.35724 GB/s
  |       Total effec Bandwidth : 1.11344 GB/s
  | Downstream transmitted data : 237.875 KB (243584 B)
  |   Upstream transmitted data : 112.375 KB (115072 B)
  -----  Total transmitted data :  350.25 KB (358656 B)

  ----------------------  [Link 3]
  |               Read per link : 4902
  |              Write per link : 537
  |             Atomic per link : 0
  |            Request per link : 5439
  |           Response per link : 5438
  |               Flow per link : 29067
  |        Error abort per link : 0
  |            Sleep mode ratio : 0 %
  |             Down mode ratio : 0 %
  |  Total low power mode ratio : 0 %
  |        Downstream Bandwidth : 1.09154 GB/s
  |          Upstream Bandwidth : 1.94421 GB/s
  |             Total Bandwidth : 3.03575 GB/s
  |  Downstream effec Bandwidth : 0.106695 GB/s
  |    Upstream effec Bandwidth : 0.944958 GB/s
  |       Total effec Bandwidth : 1.05165 GB/s
  | Downstream transmitted data : 33.5625 KB (34368 B)
  |   Upstream transmitted data :  297.25 KB (304384 B)
  -----  Total transmitted data : 330.812 KB (338752 B)

  * Effec bandwidth takes data transmission into account regardless of packet header and tail
