****************************************************************
*                      CasHMC version 1.3                      *
*                       result log file                        *
*            Date : 2018/03/21      Time : 02:16:51            *
****************************************************************

- Trace type : file
- Trace file : ./trace/SPEC_CPU2006_example/mase_trace_mcf_base.alpha.v0.trc

  ============= CasHMC statistic result =============

  Elapsed epoch : 0
  Elapsed clock : 299993

        HMC bandwidth : 7.64487 GB/s  (Considered only data size)
       Link bandwidth : 22.3366 GB/s  (Included flow packet)
     Transmitted data : 2.34845 MB (2462528 B)

    Active link power :     250 mW
     Sleep link power :       0 mW
      Down link power :       0 mW
  Total power on link :     250 mW

     Sleep mode ratio :       0 %
      Down mode ratio :       0 %
Total low-power ratio :       0 %

    Tran latency mean : 61.8104 ns
                 std  : 9.18064 ns
                 max  : 136 ns
                 min  : 52 ns
    Link latency mean : 54.6985 ns
                 std  : 9.22933 ns
                 max  : 128 ns
                 min  : 45 ns
   Vault latency mean : 19.673 ns
                 std  : 3.97194 ns
                 max  : 23.2 ns
                 min  : 15.2 ns
   Retry latency mean : 0 ns
                 std  : 0 ns
                 max  : 0 ns
                 min  : 0 ns

           Read count : 21514
          Write count : 16966
         Atomic count : 0
        Request count : 38480
       Response count : 38474
           Flow count : 218818
    Transaction count : 38471
    Error abort count : 0
    Error retry count : 0

  ----------------------  [Link 0]
  |               Read per link : 1151
  |              Write per link : 8469
  |             Atomic per link : 0
  |            Request per link : 9620
  |           Response per link : 9619
  |               Flow per link : 54808
  |        Error abort per link : 0
  |            Sleep mode ratio : 0 %
  |             Down mode ratio : 0 %
  |  Total low power mode ratio : 0 %
  |        Downstream Bandwidth : 3.49738 GB/s
  |          Upstream Bandwidth : 2.18183 GB/s
  |             Total Bandwidth : 5.67921 GB/s
  |  Downstream effec Bandwidth : 1.68268 GB/s
  |    Upstream effec Bandwidth : 0.318495 GB/s
  |       Total effec Bandwidth : 2.00117 GB/s
  | Downstream transmitted data : 529.312 KB (542016 B)
  |   Upstream transmitted data : 100.188 KB (102592 B)
  -----  Total transmitted data :   629.5 KB (644608 B)

  ----------------------  [Link 1]
  |               Read per link : 9607
  |              Write per link : 13
  |             Atomic per link : 0
  |            Request per link : 9620
  |           Response per link : 9619
  |               Flow per link : 54546
  |        Error abort per link : 0
  |            Sleep mode ratio : 0 %
  |             Down mode ratio : 0 %
  |  Total low power mode ratio : 0 %
  |        Downstream Bandwidth : 1.81098 GB/s
  |          Upstream Bandwidth : 3.67501 GB/s
  |             Total Bandwidth : 5.48599 GB/s
  |  Downstream effec Bandwidth : 0.00258293 GB/s
  |    Upstream effec Bandwidth : 1.81838 GB/s
  |       Total effec Bandwidth : 1.82096 GB/s
  | Downstream transmitted data :     832  B (832 B)
  |   Upstream transmitted data :     572 KB (585728 B)
  -----  Total transmitted data : 572.812 KB (586560 B)

  ----------------------  [Link 2]
  |               Read per link : 1149
  |              Write per link : 8471
  |             Atomic per link : 0
  |            Request per link : 9620
  |           Response per link : 9618
  |               Flow per link : 54784
  |        Error abort per link : 0
  |            Sleep mode ratio : 0 %
  |             Down mode ratio : 0 %
  |  Total low power mode ratio : 0 %
  |        Downstream Bandwidth : 3.49773 GB/s
  |          Upstream Bandwidth : 2.18064 GB/s
  |             Total Bandwidth : 5.67837 GB/s
  |  Downstream effec Bandwidth : 1.68308 GB/s
  |    Upstream effec Bandwidth : 0.318495 GB/s
  |       Total effec Bandwidth : 2.00157 GB/s
  | Downstream transmitted data : 529.438 KB (542144 B)
  |   Upstream transmitted data : 100.188 KB (102592 B)
  -----  Total transmitted data : 629.625 KB (644736 B)

  ----------------------  [Link 3]
  |               Read per link : 9607
  |              Write per link : 13
  |             Atomic per link : 0
  |            Request per link : 9620
  |           Response per link : 9618
  |               Flow per link : 54680
  |        Error abort per link : 0
  |            Sleep mode ratio : 0 %
  |             Down mode ratio : 0 %
  |  Total low power mode ratio : 0 %
  |        Downstream Bandwidth : 1.81327 GB/s
  |          Upstream Bandwidth : 3.67973 GB/s
  |             Total Bandwidth : 5.49299 GB/s
  |  Downstream effec Bandwidth : 0.00258293 GB/s
  |    Upstream effec Bandwidth : 1.81878 GB/s
  |       Total effec Bandwidth : 1.82136 GB/s
  | Downstream transmitted data :     832  B (832 B)
  |   Upstream transmitted data : 572.125 KB (585856 B)
  -----  Total transmitted data : 572.938 KB (586688 B)

  * Effec bandwidth takes data transmission into account regardless of packet header and tail
