****************************************************************
*                      CasHMC version 1.3                      *
*                       result log file                        *
*            Date : 2018/03/21      Time : 02:16:31            *
****************************************************************

- Trace type : file
- Trace file : ./trace/SPEC_CPU2006_example/mase_trace_gromacs_base.alpha.v0.trc

  ============= CasHMC statistic result =============

  Elapsed epoch : 0
  Elapsed clock : 299952

        HMC bandwidth : 3.52439 GB/s  (Considered only data size)
       Link bandwidth : 10.0307 GB/s  (Included flow packet)
     Transmitted data : 1.08252 MB (1135104 B)

    Active link power :     250 mW
     Sleep link power :       0 mW
      Down link power :       0 mW
  Total power on link :     250 mW

     Sleep mode ratio :       0 %
      Down mode ratio :       0 %
Total low-power ratio :       0 %

    Tran latency mean : 60.6075 ns
                 std  : 10.2481 ns
                 max  : 384 ns
                 min  : 52 ns
    Link latency mean : 53.562 ns
                 std  : 10.1695 ns
                 max  : 360 ns
                 min  : 40 ns
   Vault latency mean : 20.3668 ns
                 std  : 3.8261 ns
                 max  : 24 ns
                 min  : 15.2 ns
   Retry latency mean : 0 ns
                 std  : 0 ns
                 max  : 0 ns
                 min  : 0 ns

           Read count : 11453
          Write count : 6282
         Atomic count : 0
        Request count : 17735
       Response count : 17735
           Flow count : 95503
    Transaction count : 17735
    Error abort count : 0
    Error retry count : 0

  ----------------------  [Link 0]
  |               Read per link : 1868
  |              Write per link : 2566
  |             Atomic per link : 0
  |            Request per link : 4434
  |           Response per link : 4434
  |               Flow per link : 23846
  |        Error abort per link : 0
  |            Sleep mode ratio : 0 %
  |             Down mode ratio : 0 %
  |  Total low power mode ratio : 0 %
  |        Downstream Bandwidth : 1.30078 GB/s
  |          Upstream Bandwidth : 1.26193 GB/s
  |             Total Bandwidth : 2.56271 GB/s
  |  Downstream effec Bandwidth :  0.5099 GB/s
  |    Upstream effec Bandwidth : 0.427632 GB/s
  |       Total effec Bandwidth : 0.937532 GB/s
  | Downstream transmitted data : 160.375 KB (164224 B)
  |   Upstream transmitted data :   134.5 KB (137728 B)
  -----  Total transmitted data : 294.875 KB (301952 B)

  ----------------------  [Link 1]
  |               Read per link : 3853
  |              Write per link : 581
  |             Atomic per link : 0
  |            Request per link : 4434
  |           Response per link : 4434
  |               Flow per link : 23858
  |        Error abort per link : 0
  |            Sleep mode ratio : 0 %
  |             Down mode ratio : 0 %
  |  Total low power mode ratio : 0 %
  |        Downstream Bandwidth : 0.907278 GB/s
  |          Upstream Bandwidth : 1.54555 GB/s
  |             Total Bandwidth : 2.45283 GB/s
  |  Downstream effec Bandwidth : 0.115453 GB/s
  |    Upstream effec Bandwidth : 0.711595 GB/s
  |       Total effec Bandwidth : 0.827047 GB/s
  | Downstream transmitted data : 36.3125 KB (37184 B)
  |   Upstream transmitted data : 223.812 KB (229184 B)
  -----  Total transmitted data : 260.125 KB (266368 B)

  ----------------------  [Link 2]
  |               Read per link : 1865
  |              Write per link : 2569
  |             Atomic per link : 0
  |            Request per link : 4434
  |           Response per link : 4434
  |               Flow per link : 23952
  |        Error abort per link : 0
  |            Sleep mode ratio : 0 %
  |             Down mode ratio : 0 %
  |  Total low power mode ratio : 0 %
  |        Downstream Bandwidth : 1.30436 GB/s
  |          Upstream Bandwidth : 1.26581 GB/s
  |             Total Bandwidth : 2.57017 GB/s
  |  Downstream effec Bandwidth : 0.510496 GB/s
  |    Upstream effec Bandwidth : 0.429222 GB/s
  |       Total effec Bandwidth : 0.939718 GB/s
  | Downstream transmitted data : 160.562 KB (164416 B)
  |   Upstream transmitted data :     135 KB (138240 B)
  -----  Total transmitted data : 295.562 KB (302656 B)

  ----------------------  [Link 3]
  |               Read per link : 3867
  |              Write per link : 566
  |             Atomic per link : 0
  |            Request per link : 4433
  |           Response per link : 4433
  |               Flow per link : 23847
  |        Error abort per link : 0
  |            Sleep mode ratio : 0 %
  |             Down mode ratio : 0 %
  |  Total low power mode ratio : 0 %
  |        Downstream Bandwidth :  0.9039 GB/s
  |          Upstream Bandwidth : 1.54113 GB/s
  |             Total Bandwidth : 2.44503 GB/s
  |  Downstream effec Bandwidth : 0.112472 GB/s
  |    Upstream effec Bandwidth : 0.707422 GB/s
  |       Total effec Bandwidth : 0.819894 GB/s
  | Downstream transmitted data :  35.375 KB (36224 B)
  |   Upstream transmitted data :   222.5 KB (227840 B)
  -----  Total transmitted data : 257.875 KB (264064 B)

  * Effec bandwidth takes data transmission into account regardless of packet header and tail
