****************************************************************
*                      CasHMC version 1.3                      *
*                       result log file                        *
*            Date : 2018/03/21      Time : 02:16:20            *
****************************************************************

- Trace type : file
- Trace file : ./trace/SPEC_CPU2006_example/mase_trace_bwaves_base.alpha.v0.trc

  ============= CasHMC statistic result =============

  Elapsed epoch : 0
  Elapsed clock : 730116

        HMC bandwidth : 1.76018 GB/s  (Considered only data size)
       Link bandwidth : 4.31896 GB/s  (Included flow packet)
     Transmitted data : 1.31598 MB (1379904 B)

    Active link power :     250 mW
     Sleep link power :       0 mW
      Down link power :       0 mW
  Total power on link :     250 mW

     Sleep mode ratio :       0 %
      Down mode ratio :       0 %
Total low-power ratio :       0 %

    Tran latency mean : 3272.3 ns
                 std  : 6050.82 ns
                 max  : 161841 ns
                 min  : 52 ns
    Link latency mean : 2021.61 ns
                 std  : 4665.24 ns
                 max  : 156913 ns
                 min  : 45 ns
   Vault latency mean : 19.3888 ns
                 std  : 4.0013 ns
                 max  : 28.8 ns
                 min  : 15.2 ns
   Retry latency mean : 0 ns
                 std  : 0 ns
                 max  : 0 ns
                 min  : 0 ns

           Read count : 11275
          Write count : 10291
         Atomic count : 0
        Request count : 21566
       Response count : 21490
           Flow count : 82425
    Transaction count : 21490
    Error abort count : 0
    Error retry count : 0

  ----------------------  [Link 0]
  |               Read per link : 5764
  |              Write per link : 7293
  |             Atomic per link : 0
  |            Request per link : 13057
  |           Response per link : 5373
  |               Flow per link : 34263
  |        Error abort per link : 0
  |            Sleep mode ratio : 0 %
  |             Down mode ratio : 0 %
  |  Total low power mode ratio : 0 %
  |        Downstream Bandwidth : 0.979667 GB/s
  |          Upstream Bandwidth : 0.907724 GB/s
  |             Total Bandwidth : 1.88739 GB/s
  |  Downstream effec Bandwidth : 0.59538 GB/s
  |    Upstream effec Bandwidth : 0.216584 GB/s
  |       Total effec Bandwidth : 0.811964 GB/s
  | Downstream transmitted data : 455.812 KB (466752 B)
  |   Upstream transmitted data : 165.812 KB (169792 B)
  -----  Total transmitted data : 621.625 KB (636544 B)

  ----------------------  [Link 1]
  |               Read per link : 4992
  |              Write per link : 2854
  |             Atomic per link : 0
  |            Request per link : 7846
  |           Response per link : 5373
  |               Flow per link : 24739
  |        Error abort per link : 0
  |            Sleep mode ratio : 0 %
  |             Down mode ratio : 0 %
  |  Total low power mode ratio : 0 %
  |        Downstream Bandwidth : 0.513233 GB/s
  |          Upstream Bandwidth : 0.728102 GB/s
  |             Total Bandwidth : 1.24133 GB/s
  |  Downstream effec Bandwidth : 0.232993 GB/s
  |    Upstream effec Bandwidth : 0.233646 GB/s
  |       Total effec Bandwidth : 0.466638 GB/s
  | Downstream transmitted data : 178.375 KB (182656 B)
  |   Upstream transmitted data : 178.875 KB (183168 B)
  -----  Total transmitted data :  357.25 KB (365824 B)

  ----------------------  [Link 2]
  |               Read per link : 284
  |              Write per link : 108
  |             Atomic per link : 0
  |            Request per link : 392
  |           Response per link : 5372
  |               Flow per link : 11827
  |        Error abort per link : 0
  |            Sleep mode ratio : 0 %
  |             Down mode ratio : 0 %
  |  Total low power mode ratio : 0 %
  |        Downstream Bandwidth : 0.134232 GB/s
  |          Upstream Bandwidth : 0.47819 GB/s
  |             Total Bandwidth : 0.612422 GB/s
  |  Downstream effec Bandwidth : 0.00881682 GB/s
  |    Upstream effec Bandwidth : 0.244585 GB/s
  |       Total effec Bandwidth : 0.253402 GB/s
  | Downstream transmitted data :    6.75 KB (6912 B)
  |   Upstream transmitted data :  187.25 KB (191744 B)
  -----  Total transmitted data :     194 KB (198656 B)

  ----------------------  [Link 3]
  |               Read per link : 235
  |              Write per link : 36
  |             Atomic per link : 0
  |            Request per link : 271
  |           Response per link : 5372
  |               Flow per link : 11596
  |        Error abort per link : 0
  |            Sleep mode ratio : 0 %
  |             Down mode ratio : 0 %
  |  Total low power mode ratio : 0 %
  |        Downstream Bandwidth : 0.125129 GB/s
  |          Upstream Bandwidth : 0.452678 GB/s
  |             Total Bandwidth : 0.577808 GB/s
  |  Downstream effec Bandwidth : 0.00293894 GB/s
  |    Upstream effec Bandwidth : 0.223033 GB/s
  |       Total effec Bandwidth : 0.225972 GB/s
  | Downstream transmitted data :    2.25 KB (2304 B)
  |   Upstream transmitted data :  170.75 KB (174848 B)
  -----  Total transmitted data :     173 KB (177152 B)

  * Effec bandwidth takes data transmission into account regardless of packet header and tail
