****************************************************************
*                      CasHMC version 1.3                      *
*                       result log file                        *
*            Date : 2018/03/21      Time : 02:17:04            *
****************************************************************

- Trace type : file
- Trace file : ./trace/SPEC_CPU2006_example/mase_trace_zeusmp_base.alpha.v0.trc

  ============= CasHMC statistic result =============

  Elapsed epoch : 0
  Elapsed clock : 299911

        HMC bandwidth : 3.67115 GB/s  (Considered only data size)
       Link bandwidth : 10.1307 GB/s  (Included flow packet)
     Transmitted data : 1.12744 MB (1182208 B)

    Active link power :     250 mW
     Sleep link power :       0 mW
      Down link power :       0 mW
  Total power on link :     250 mW

     Sleep mode ratio :       0 %
      Down mode ratio :       0 %
Total low-power ratio :       0 %

    Tran latency mean : 62.4311 ns
                 std  : 10.0397 ns
                 max  : 181 ns
                 min  : 46 ns
    Link latency mean : 53.9785 ns
                 std  : 9.28382 ns
                 max  : 165 ns
                 min  : 39 ns
   Vault latency mean : 20.5625 ns
                 std  : 4.03761 ns
                 max  : 32.8 ns
                 min  : 15.2 ns
   Retry latency mean : 0 ns
                 std  : 0 ns
                 max  : 0 ns
                 min  : 0 ns

           Read count : 11776
          Write count : 6700
         Atomic count : 0
        Request count : 18476
       Response count : 18467
           Flow count : 93063
    Transaction count : 18464
    Error abort count : 0
    Error retry count : 0

  ----------------------  [Link 0]
  |               Read per link : 3912
  |              Write per link : 708
  |             Atomic per link : 0
  |            Request per link : 4620
  |           Response per link : 4617
  |               Flow per link : 24009
  |        Error abort per link : 0
  |            Sleep mode ratio : 0 %
  |             Down mode ratio : 0 %
  |  Total low power mode ratio : 0 %
  |        Downstream Bandwidth : 0.970503 GB/s
  |          Upstream Bandwidth : 1.39382 GB/s
  |             Total Bandwidth : 2.36432 GB/s
  |  Downstream effec Bandwidth : 0.140709 GB/s
  |    Upstream effec Bandwidth : 0.571778 GB/s
  |       Total effec Bandwidth : 0.712487 GB/s
  | Downstream transmitted data :   44.25 KB (45312 B)
  |   Upstream transmitted data : 179.812 KB (184128 B)
  -----  Total transmitted data : 224.062 KB (229440 B)

  ----------------------  [Link 1]
  |               Read per link : 1973
  |              Write per link : 2646
  |             Atomic per link : 0
  |            Request per link : 4619
  |           Response per link : 4617
  |               Flow per link : 22742
  |        Error abort per link : 0
  |            Sleep mode ratio : 0 %
  |             Down mode ratio : 0 %
  |  Total low power mode ratio : 0 %
  |        Downstream Bandwidth : 1.30578 GB/s
  |          Upstream Bandwidth : 1.34235 GB/s
  |             Total Bandwidth : 2.64813 GB/s
  |  Downstream effec Bandwidth : 0.525869 GB/s
  |    Upstream effec Bandwidth : 0.533421 GB/s
  |       Total effec Bandwidth : 1.05929 GB/s
  | Downstream transmitted data : 165.375 KB (169344 B)
  |   Upstream transmitted data :  167.75 KB (171776 B)
  -----  Total transmitted data : 333.125 KB (341120 B)

  ----------------------  [Link 2]
  |               Read per link : 3920
  |              Write per link : 699
  |             Atomic per link : 0
  |            Request per link : 4619
  |           Response per link : 4617
  |               Flow per link : 23595
  |        Error abort per link : 0
  |            Sleep mode ratio : 0 %
  |             Down mode ratio : 0 %
  |  Total low power mode ratio : 0 %
  |        Downstream Bandwidth : 0.959274 GB/s
  |          Upstream Bandwidth : 1.43272 GB/s
  |             Total Bandwidth :   2.392 GB/s
  |  Downstream effec Bandwidth : 0.13892 GB/s
  |    Upstream effec Bandwidth : 0.621861 GB/s
  |       Total effec Bandwidth : 0.760781 GB/s
  | Downstream transmitted data : 43.6875 KB (44736 B)
  |   Upstream transmitted data : 195.562 KB (200256 B)
  -----  Total transmitted data :  239.25 KB (244992 B)

  ----------------------  [Link 3]
  |               Read per link : 1971
  |              Write per link : 2647
  |             Atomic per link : 0
  |            Request per link : 4618
  |           Response per link : 4616
  |               Flow per link : 22717
  |        Error abort per link : 0
  |            Sleep mode ratio : 0 %
  |             Down mode ratio : 0 %
  |  Total low power mode ratio : 0 %
  |        Downstream Bandwidth : 1.30374 GB/s
  |          Upstream Bandwidth : 1.42254 GB/s
  |             Total Bandwidth : 2.72628 GB/s
  |  Downstream effec Bandwidth : 0.526068 GB/s
  |    Upstream effec Bandwidth : 0.612719 GB/s
  |       Total effec Bandwidth : 1.13879 GB/s
  | Downstream transmitted data : 165.438 KB (169408 B)
  |   Upstream transmitted data : 192.688 KB (197312 B)
  -----  Total transmitted data : 358.125 KB (366720 B)

  * Effec bandwidth takes data transmission into account regardless of packet header and tail
