****************************************************************
*                      CasHMC version 1.3                      *
*                       result log file                        *
*            Date : 2018/04/03      Time : 14:45:23            *
****************************************************************

- Trace type : file
- Trace file : ./trace/SPEC_CPU2006_example/mase_trace_bwaves_base.alpha.v0.trc

  ============= CasHMC statistic result =============

  Elapsed epoch : 0
  Elapsed clock : 726010

        HMC bandwidth : 1.76997 GB/s  (Considered only data size)
       Link bandwidth : 4.35399 GB/s  (Included flow packet)
     Transmitted data : 1.31586 MB (1379776 B)

    Active link power :     250 mW
     Sleep link power :       0 mW
      Down link power :       0 mW
  Total power on link :     250 mW

     Sleep mode ratio :       0 %
      Down mode ratio :       0 %
Total low-power ratio :       0 %

    Tran latency mean : 3022.99 ns
                 std  : 1083.54 ns
                 max  : 23142 ns
                 min  : 52 ns
    Link latency mean : 1866.18 ns
                 std  : 675.484 ns
                 max  : 15072 ns
                 min  : 45 ns
   Vault latency mean : 19.3852 ns
                 std  : 3.99571 ns
                 max  : 23.2 ns
                 min  : 15.2 ns
   Retry latency mean : 0 ns
                 std  : 0 ns
                 max  : 0 ns
                 min  : 0 ns

           Read count : 11279
          Write count : 10290
         Atomic count : 0
        Request count : 21569
       Response count : 21489
           Flow count : 82952
    Transaction count : 21489
    Error abort count : 0
    Error retry count : 0

  ----------------------  [Link 0]
  |               Read per link : 5264
  |              Write per link : 7046
  |             Atomic per link : 0
  |            Request per link : 12310
  |           Response per link : 5373
  |               Flow per link : 33240
  |        Error abort per link : 0
  |            Sleep mode ratio : 0 %
  |             Down mode ratio : 0 %
  |  Total low power mode ratio : 0 %
  |        Downstream Bandwidth : 0.954174 GB/s
  |          Upstream Bandwidth : 0.907316 GB/s
  |             Total Bandwidth : 1.86149 GB/s
  |  Downstream effec Bandwidth : 0.578469 GB/s
  |    Upstream effec Bandwidth : 0.237841 GB/s
  |       Total effec Bandwidth : 0.81631 GB/s
  | Downstream transmitted data : 440.375 KB (450944 B)
  |   Upstream transmitted data : 181.062 KB (185408 B)
  -----  Total transmitted data : 621.438 KB (636352 B)

  ----------------------  [Link 1]
  |               Read per link : 5421
  |              Write per link : 3014
  |             Atomic per link : 0
  |            Request per link : 8435
  |           Response per link : 5372
  |               Flow per link : 25937
  |        Error abort per link : 0
  |            Sleep mode ratio : 0 %
  |             Down mode ratio : 0 %
  |  Total low power mode ratio : 0 %
  |        Downstream Bandwidth : 0.545712 GB/s
  |          Upstream Bandwidth : 0.741189 GB/s
  |             Total Bandwidth :  1.2869 GB/s
  |  Downstream effec Bandwidth : 0.247446 GB/s
  |    Upstream effec Bandwidth : 0.22372 GB/s
  |       Total effec Bandwidth : 0.471166 GB/s
  | Downstream transmitted data : 188.375 KB (192896 B)
  |   Upstream transmitted data : 170.312 KB (174400 B)
  -----  Total transmitted data : 358.688 KB (367296 B)

  ----------------------  [Link 2]
  |               Read per link : 332
  |              Write per link : 177
  |             Atomic per link : 0
  |            Request per link : 509
  |           Response per link : 5372
  |               Flow per link : 12093
  |        Error abort per link : 0
  |            Sleep mode ratio : 0 %
  |             Down mode ratio : 0 %
  |  Total low power mode ratio : 0 %
  |        Downstream Bandwidth : 0.144002 GB/s
  |          Upstream Bandwidth : 0.463407 GB/s
  |             Total Bandwidth : 0.607409 GB/s
  |  Downstream effec Bandwidth : 0.0145315 GB/s
  |    Upstream effec Bandwidth : 0.223966 GB/s
  |       Total effec Bandwidth : 0.238497 GB/s
  | Downstream transmitted data : 11.0625 KB (11328 B)
  |   Upstream transmitted data :   170.5 KB (174592 B)
  -----  Total transmitted data : 181.562 KB (185920 B)

  ----------------------  [Link 3]
  |               Read per link : 262
  |              Write per link : 53
  |             Atomic per link : 0
  |            Request per link : 315
  |           Response per link : 5372
  |               Flow per link : 11682
  |        Error abort per link : 0
  |            Sleep mode ratio : 0 %
  |             Down mode ratio : 0 %
  |  Total low power mode ratio : 0 %
  |        Downstream Bandwidth : 0.128095 GB/s
  |          Upstream Bandwidth : 0.470098 GB/s
  |             Total Bandwidth : 0.598193 GB/s
  |  Downstream effec Bandwidth : 0.00435124 GB/s
  |    Upstream effec Bandwidth : 0.237348 GB/s
  |       Total effec Bandwidth : 0.241699 GB/s
  | Downstream transmitted data :  3.3125 KB (3392 B)
  |   Upstream transmitted data : 180.688 KB (185024 B)
  -----  Total transmitted data :     184 KB (188416 B)

  * Effec bandwidth takes data transmission into account regardless of packet header and tail
