****************************************************************
*                      CasHMC version 1.3                      *
*                       result log file                        *
*            Date : 2018/04/03      Time : 14:45:58            *
****************************************************************

- Trace type : file
- Trace file : ./trace/SPEC_CPU2006_example/mase_trace_milc_base.alpha.v0.trc

  ============= CasHMC statistic result =============

  Elapsed epoch : 0
  Elapsed clock : 299989

        HMC bandwidth : 6.90287 GB/s  (Considered only data size)
       Link bandwidth : 20.1135 GB/s  (Included flow packet)
     Transmitted data : 2.12048 MB (2223488 B)

    Active link power :     250 mW
     Sleep link power :       0 mW
      Down link power :       0 mW
  Total power on link :     250 mW

     Sleep mode ratio :       0 %
      Down mode ratio :       0 %
Total low-power ratio :       0 %

    Tran latency mean : 61.3309 ns
                 std  : 7.82087 ns
                 max  : 84 ns
                 min  : 52 ns
    Link latency mean : 54.3303 ns
                 std  : 7.82123 ns
                 max  : 77 ns
                 min  : 45 ns
   Vault latency mean : 19.7311 ns
                 std  : 3.96459 ns
                 max  : 23.2 ns
                 min  : 15.2 ns
   Retry latency mean : 0 ns
                 std  : 0 ns
                 max  : 0 ns
                 min  : 0 ns

           Read count : 19678
          Write count : 15067
         Atomic count : 0
        Request count : 34745
       Response count : 34739
           Flow count : 196468
    Transaction count : 34736
    Error abort count : 0
    Error retry count : 0

  ----------------------  [Link 0]
  |               Read per link : 8668
  |              Write per link : 19
  |             Atomic per link : 0
  |            Request per link : 8687
  |           Response per link : 8685
  |               Flow per link : 49126
  |        Error abort per link : 0
  |            Sleep mode ratio : 0 %
  |             Down mode ratio : 0 %
  |  Total low power mode ratio : 0 %
  |        Downstream Bandwidth : 1.63059 GB/s
  |          Upstream Bandwidth : 3.39774 GB/s
  |             Total Bandwidth : 5.02833 GB/s
  |  Downstream effec Bandwidth : 0.0037751 GB/s
  |    Upstream effec Bandwidth : 1.72145 GB/s
  |       Total effec Bandwidth : 1.72522 GB/s
  | Downstream transmitted data :  1.1875 KB (1216 B)
  |   Upstream transmitted data :   541.5 KB (554496 B)
  -----  Total transmitted data : 542.688 KB (555712 B)

  ----------------------  [Link 1]
  |               Read per link : 1173
  |              Write per link : 7513
  |             Atomic per link : 0
  |            Request per link : 8686
  |           Response per link : 8685
  |               Flow per link : 49124
  |        Error abort per link : 0
  |            Sleep mode ratio : 0 %
  |             Down mode ratio : 0 %
  |  Total low power mode ratio : 0 %
  |        Downstream Bandwidth : 3.11947 GB/s
  |          Upstream Bandwidth : 1.90931 GB/s
  |             Total Bandwidth : 5.02878 GB/s
  |  Downstream effec Bandwidth : 1.49275 GB/s
  |    Upstream effec Bandwidth : 0.233063 GB/s
  |       Total effec Bandwidth : 1.72582 GB/s
  | Downstream transmitted data : 469.562 KB (480832 B)
  |   Upstream transmitted data : 73.3125 KB (75072 B)
  -----  Total transmitted data : 542.875 KB (555904 B)

  ----------------------  [Link 2]
  |               Read per link : 8665
  |              Write per link : 21
  |             Atomic per link : 0
  |            Request per link : 8686
  |           Response per link : 8685
  |               Flow per link : 49112
  |        Error abort per link : 0
  |            Sleep mode ratio : 0 %
  |             Down mode ratio : 0 %
  |  Total low power mode ratio : 0 %
  |        Downstream Bandwidth : 1.63054 GB/s
  |          Upstream Bandwidth : 3.39784 GB/s
  |             Total Bandwidth : 5.02838 GB/s
  |  Downstream effec Bandwidth : 0.00417248 GB/s
  |    Upstream effec Bandwidth : 1.72184 GB/s
  |       Total effec Bandwidth : 1.72602 GB/s
  | Downstream transmitted data :  1.3125 KB (1344 B)
  |   Upstream transmitted data : 541.625 KB (554624 B)
  -----  Total transmitted data : 542.938 KB (555968 B)

  ----------------------  [Link 3]
  |               Read per link : 1172
  |              Write per link : 7514
  |             Atomic per link : 0
  |            Request per link : 8686
  |           Response per link : 8684
  |               Flow per link : 49106
  |        Error abort per link : 0
  |            Sleep mode ratio : 0 %
  |             Down mode ratio : 0 %
  |  Total low power mode ratio : 0 %
  |        Downstream Bandwidth : 3.11913 GB/s
  |          Upstream Bandwidth : 1.90891 GB/s
  |             Total Bandwidth : 5.02803 GB/s
  |  Downstream effec Bandwidth : 1.49295 GB/s
  |    Upstream effec Bandwidth : 0.233063 GB/s
  |       Total effec Bandwidth : 1.72602 GB/s
  | Downstream transmitted data : 469.625 KB (480896 B)
  |   Upstream transmitted data : 73.3125 KB (75072 B)
  -----  Total transmitted data : 542.938 KB (555968 B)

  * Effec bandwidth takes data transmission into account regardless of packet header and tail
