****************************************************************
*                      CasHMC version 1.3                      *
*                       result log file                        *
*            Date : 2018/04/03      Time : 14:46:05            *
****************************************************************

- Trace type : file
- Trace file : ./trace/SPEC_CPU2006_example/mase_trace_zeusmp_base.alpha.v0.trc

  ============= CasHMC statistic result =============

  Elapsed epoch : 0
  Elapsed clock : 299911

        HMC bandwidth : 3.67115 GB/s  (Considered only data size)
       Link bandwidth :  10.129 GB/s  (Included flow packet)
     Transmitted data : 1.12744 MB (1182208 B)

    Active link power :     250 mW
     Sleep link power :       0 mW
      Down link power :       0 mW
  Total power on link :     250 mW

     Sleep mode ratio :       0 %
      Down mode ratio :       0 %
Total low-power ratio :       0 %

    Tran latency mean : 62.0844 ns
                 std  : 8.65416 ns
                 max  : 136 ns
                 min  : 46 ns
    Link latency mean : 53.626 ns
                 std  : 7.81896 ns
                 max  : 127 ns
                 min  : 39 ns
   Vault latency mean : 20.5606 ns
                 std  : 4.03893 ns
                 max  : 32 ns
                 min  : 15.2 ns
   Retry latency mean : 0 ns
                 std  : 0 ns
                 max  : 0 ns
                 min  : 0 ns

           Read count : 11776
          Write count : 6700
         Atomic count : 0
        Request count : 18476
       Response count : 18467
           Flow count : 93029
    Transaction count : 18464
    Error abort count : 0
    Error retry count : 0

  ----------------------  [Link 0]
  |               Read per link : 3912
  |              Write per link : 708
  |             Atomic per link : 0
  |            Request per link : 4620
  |           Response per link : 4617
  |               Flow per link : 24032
  |        Error abort per link : 0
  |            Sleep mode ratio : 0 %
  |             Down mode ratio : 0 %
  |  Total low power mode ratio : 0 %
  |        Downstream Bandwidth : 0.970453 GB/s
  |          Upstream Bandwidth : 1.39422 GB/s
  |             Total Bandwidth : 2.36467 GB/s
  |  Downstream effec Bandwidth : 0.140709 GB/s
  |    Upstream effec Bandwidth : 0.570983 GB/s
  |       Total effec Bandwidth : 0.711692 GB/s
  | Downstream transmitted data :   44.25 KB (45312 B)
  |   Upstream transmitted data : 179.562 KB (183872 B)
  -----  Total transmitted data : 223.812 KB (229184 B)

  ----------------------  [Link 1]
  |               Read per link : 1973
  |              Write per link : 2646
  |             Atomic per link : 0
  |            Request per link : 4619
  |           Response per link : 4617
  |               Flow per link : 22719
  |        Error abort per link : 0
  |            Sleep mode ratio : 0 %
  |             Down mode ratio : 0 %
  |  Total low power mode ratio : 0 %
  |        Downstream Bandwidth : 1.30503 GB/s
  |          Upstream Bandwidth : 1.33658 GB/s
  |             Total Bandwidth : 2.64162 GB/s
  |  Downstream effec Bandwidth : 0.525869 GB/s
  |    Upstream effec Bandwidth : 0.528055 GB/s
  |       Total effec Bandwidth : 1.05392 GB/s
  | Downstream transmitted data : 165.375 KB (169344 B)
  |   Upstream transmitted data : 166.062 KB (170048 B)
  -----  Total transmitted data : 331.438 KB (339392 B)

  ----------------------  [Link 2]
  |               Read per link : 3920
  |              Write per link : 699
  |             Atomic per link : 0
  |            Request per link : 4619
  |           Response per link : 4617
  |               Flow per link : 23558
  |        Error abort per link : 0
  |            Sleep mode ratio : 0 %
  |             Down mode ratio : 0 %
  |  Total low power mode ratio : 0 %
  |        Downstream Bandwidth : 0.958528 GB/s
  |          Upstream Bandwidth : 1.43342 GB/s
  |             Total Bandwidth : 2.39195 GB/s
  |  Downstream effec Bandwidth : 0.13892 GB/s
  |    Upstream effec Bandwidth : 0.62365 GB/s
  |       Total effec Bandwidth : 0.76257 GB/s
  | Downstream transmitted data : 43.6875 KB (44736 B)
  |   Upstream transmitted data : 196.125 KB (200832 B)
  -----  Total transmitted data : 239.812 KB (245568 B)

  ----------------------  [Link 3]
  |               Read per link : 1971
  |              Write per link : 2647
  |             Atomic per link : 0
  |            Request per link : 4618
  |           Response per link : 4616
  |               Flow per link : 22720
  |        Error abort per link : 0
  |            Sleep mode ratio : 0 %
  |             Down mode ratio : 0 %
  |  Total low power mode ratio : 0 %
  |        Downstream Bandwidth : 1.30369 GB/s
  |          Upstream Bandwidth : 1.42711 GB/s
  |             Total Bandwidth :  2.7308 GB/s
  |  Downstream effec Bandwidth : 0.526068 GB/s
  |    Upstream effec Bandwidth : 0.617091 GB/s
  |       Total effec Bandwidth : 1.14316 GB/s
  | Downstream transmitted data : 165.438 KB (169408 B)
  |   Upstream transmitted data : 194.062 KB (198720 B)
  -----  Total transmitted data :   359.5 KB (368128 B)

  * Effec bandwidth takes data transmission into account regardless of packet header and tail
