****************************************************************
*                      CasHMC version 1.3                      *
*                       result log file                        *
*            Date : 2018/04/03      Time : 14:45:30            *
****************************************************************

- Trace type : file
- Trace file : ./trace/SPEC_CPU2006_example/mase_trace_gobmk_base.alpha.v0.trc

  ============= CasHMC statistic result =============

  Elapsed epoch : 0
  Elapsed clock : 299992

        HMC bandwidth : 4.32264 GB/s  (Considered only data size)
       Link bandwidth : 11.3188 GB/s  (Included flow packet)
     Transmitted data : 1.32788 MB (1392384 B)

    Active link power :     250 mW
     Sleep link power :       0 mW
      Down link power :       0 mW
  Total power on link :     250 mW

     Sleep mode ratio :       0 %
      Down mode ratio :       0 %
Total low-power ratio :       0 %

    Tran latency mean : 61.2652 ns
                 std  : 7.93681 ns
                 max  : 99 ns
                 min  : 52 ns
    Link latency mean : 54.2638 ns
                 std  : 7.93763 ns
                 max  : 92 ns
                 min  : 45 ns
   Vault latency mean : 20.0115 ns
                 std  : 3.91681 ns
                 max  : 23.2 ns
                 min  : 15.2 ns
   Retry latency mean : 0 ns
                 std  : 0 ns
                 max  : 0 ns
                 min  : 0 ns

           Read count : 13085
          Write count : 8673
         Atomic count : 0
        Request count : 21758
       Response count : 21752
           Flow count : 97337
    Transaction count : 21751
    Error abort count : 0
    Error retry count : 0

  ----------------------  [Link 0]
  |               Read per link : 1642
  |              Write per link : 3798
  |             Atomic per link : 0
  |            Request per link : 5440
  |           Response per link : 5438
  |               Flow per link : 19499
  |        Error abort per link : 0
  |            Sleep mode ratio : 0 %
  |             Down mode ratio : 0 %
  |  Total low power mode ratio : 0 %
  |        Downstream Bandwidth : 1.58299 GB/s
  |          Upstream Bandwidth : 1.00635 GB/s
  |             Total Bandwidth : 2.58934 GB/s
  |  Downstream effec Bandwidth : 0.754615 GB/s
  |    Upstream effec Bandwidth : 0.325847 GB/s
  |       Total effec Bandwidth : 1.08046 GB/s
  | Downstream transmitted data : 237.375 KB (243072 B)
  |   Upstream transmitted data :   102.5 KB (104960 B)
  -----  Total transmitted data : 339.875 KB (348032 B)

  ----------------------  [Link 1]
  |               Read per link : 4908
  |              Write per link : 532
  |             Atomic per link : 0
  |            Request per link : 5440
  |           Response per link : 5438
  |               Flow per link : 29205
  |        Error abort per link : 0
  |            Sleep mode ratio : 0 %
  |             Down mode ratio : 0 %
  |  Total low power mode ratio : 0 %
  |        Downstream Bandwidth : 1.09472 GB/s
  |          Upstream Bandwidth : 1.97376 GB/s
  |             Total Bandwidth : 3.06848 GB/s
  |  Downstream effec Bandwidth : 0.105702 GB/s
  |    Upstream effec Bandwidth : 0.97178 GB/s
  |       Total effec Bandwidth : 1.07748 GB/s
  | Downstream transmitted data :   33.25 KB (34048 B)
  |   Upstream transmitted data : 305.688 KB (313024 B)
  -----  Total transmitted data : 338.938 KB (347072 B)

  ----------------------  [Link 2]
  |               Read per link : 1633
  |              Write per link : 3806
  |             Atomic per link : 0
  |            Request per link : 5439
  |           Response per link : 5438
  |               Flow per link : 19455
  |        Error abort per link : 0
  |            Sleep mode ratio : 0 %
  |             Down mode ratio : 0 %
  |  Total low power mode ratio : 0 %
  |        Downstream Bandwidth : 1.58389 GB/s
  |          Upstream Bandwidth : 1.00819 GB/s
  |             Total Bandwidth : 2.59208 GB/s
  |  Downstream effec Bandwidth : 0.756204 GB/s
  |    Upstream effec Bandwidth : 0.329225 GB/s
  |       Total effec Bandwidth : 1.08543 GB/s
  | Downstream transmitted data : 237.875 KB (243584 B)
  |   Upstream transmitted data : 103.562 KB (106048 B)
  -----  Total transmitted data : 341.438 KB (349632 B)

  ----------------------  [Link 3]
  |               Read per link : 4902
  |              Write per link : 537
  |             Atomic per link : 0
  |            Request per link : 5439
  |           Response per link : 5438
  |               Flow per link : 29178
  |        Error abort per link : 0
  |            Sleep mode ratio : 0 %
  |             Down mode ratio : 0 %
  |  Total low power mode ratio : 0 %
  |        Downstream Bandwidth : 1.09531 GB/s
  |          Upstream Bandwidth : 1.97356 GB/s
  |             Total Bandwidth : 3.06888 GB/s
  |  Downstream effec Bandwidth : 0.106695 GB/s
  |    Upstream effec Bandwidth : 0.972575 GB/s
  |       Total effec Bandwidth : 1.07927 GB/s
  | Downstream transmitted data : 33.5625 KB (34368 B)
  |   Upstream transmitted data : 305.938 KB (313280 B)
  -----  Total transmitted data :   339.5 KB (347648 B)

  * Effec bandwidth takes data transmission into account regardless of packet header and tail
