48
49
47
45
49
51
48
48
48
48
48
47
48
47
47
52
110
47
47
48
48
48
48
71
47
48
47
47
48
47
48
47
47
47
48
47
48
48
47
48
48
48
47
47
48
48
48
47
48
47
48
48
47
48
48
47
47
48
48
47
48
47
48
48
47
48
48
48
47
48
47
48
47
47
47
48
47
47
48
48
47
48
48
48
47
47
47
48
48
47
48
47
48
48
47
47
47
47
47
47
51
48
48
47
48
47
48
48
47
48
47
47
47
47
48
47
48
48
47
48
48
47
48
47
48
47
45
48
48
48
48
48
47
48
48
47
48
48
48
47
48
47
47
48
47
47
47
48
47
47
48
48
47
48
48
48
48
47
48
47
47
47
47
48
48
48
48
47
47
48
47
48
48
48
47
47
48
47
47
47
47
48
47
47
47
47
47
48
48
48
48
48
48
47
48
48
47
47
48
48
48
48
48
48
48
48
47
47
48
47
48
47
47
48
48
47
47
48
48
48
45
48
45
45
47
48
48
48
48
47
47
47
48
48
46
48
47
48
47
48
48
47
47
48
47
47
48
47
48
47
47
48
48
47
47
48
47
48
47
48
47
51
47
48
47
48
47
47
47
48
48
47
47
48
50
47
47
47
48
47
47
48
47
47
47
47
47
47
48
48
48
46
47
48
48
48
47
47
48
48
47
47
48
47
47
48
47
48
48
47
47
48
48
48
46
48
48
48
47
47
47
48
47
47
47
48
47
47
48
48
47
48
48
48
47
47
48
47
47
48
47
47
48
47
47
47
47
47
48
48
47
47
47
47
47
47
47
47
48
47
47
47
47
48
48
47
47
48
48
48
47
47
47
47
47
47
47
47
48
48
48
48
47
48
47
47
47
47
48
47
47
48
47
47
47
48
47
48
47
48
48
47
48
47
48
48
48
47
48
47
48
48
47
48
48
48
48
48
48
47
48
48
47
47
47
47
47
47
47
47
48
47
48
47
48
47
48
48
48
48
48
48
47
48
48
47
47
48
48
48
48
47
47
47
48
48
48
47
48
48
47
48
47
48
48
47
47
47
48
47
47
48
47
48
48
48
108
47
48
48
47
47
47
47
48
48
48
47
48
47
47
48
48
47
48
47
48
47
48
48
47
48
48
48
48
47
48
48
47
47
48
48
47
47
47
48
47
48
47
47
47
47
47
48
47
47
48
47
47
47
47
48
47
48
47
48
47
48
47
48
48
47
48
48
48
48
48
48
48
48
47
48
47
47
47
48
47
47
48
48
48
48
47
48
47
48
48
47
48
47
48
48
47
48
47
47
48
47
48
48
47
47
47
47
47
48
48
47
47
48
47
47
47
47
48
47
48
48
48
48
48
48
47
47
47
47
47
47
48
48
48
48
47
48
47
47
48
48
48
47
47
48
48
47
47
47
47
48
47
47
48
47
48
48
48
48
48
48
48
47
48
48
47
48
48
47
47
48
48
47
47
48
47
48
47
48
47
48
47
48
48
50
48
48
48
47
47
47
48
48
47
47
48
47
47
47
48
48
48
47
48
48
48
47
47
48
48
48
48
48
48
47
48
48
47
47
49
48
51
50
56
57
63
62
71
86
88
113
116
118
121
123
128
128
131
133
155
158
160
163
167
170
172
172
177
196
199
202
207
206
206
208
211
214
234
261
259
304
304
306
309
315
333
334
340
339
341
343
348
371
368
366
366
361
358
349
408
407
401
397
393
383
371
384
367
402
403
401
402
405
404
405
406
411
488
495
477
490
476
464
452
462
516
487
499
499
477
414
384
361
512
386
565
357
361
466
468
472
409
410
423
441
409
601
396
547
470
459
427
428
397
224
221
221
209
208
722
843
834
829
817
808
545
507
499
309
381
325
329
383
317
359
359
1013
971
581
508
1045
339
475
470
458
586
1094
559
535
475
1121
447
1226
1214
1205
537
526
1250
1251
1252
1253
1254
739
740
506
486
404
492
484
475
513
465
456
447
849
463
589
590
588
587
588
573
589
574
491
454
584
575
566
558
546
537
774
556
690
691
680
668
585
493
824
843
621
822
820
537
452
440
429
407
408
885
851
831
820
1015
1007
687
582
952
571
559
537
553
376
347
356
259
262
252
1062
1074
1044
649
629
596
496
484
464
1268
1210
469
371
377
383
291
425
342
350
306
314
1299
1300
1301
1302
1303
1307
1305
1306
1277
1349
418
403
1363
703
1364
1365
552
544
558
550
1517
542
525
521
522
523
526
546
544
544
543
546
455
522
450
515
624
604
596
587
579
570
924
607
654
646
637
631
694
623
690
615
682
842
834
825
816
791
828
1001
820
985
478
436
431
412
398
411
354
418
361
383
378
389
390
1150
1110
420
444
436
454
1085
1083
1084
1078
1085
1070
1086
1141
432
419
418
418
451
437
474
474
474
477
474
474
474
387
376
396
481
457
446
388
551
542
561
552
547
536
526
517
509
587
500
614
599
590
579
523
450
648
639
630
315
316
759
751
742
439
420
408
400
989
388
839
1050
1041
860
890
861
923
924
925
926
418
404
398
383
976
978
978
445
979
420
434
467
467
467
467
469
467
467
466
469
514
505
559
547
500
490
478
470
461
483
471
579
570
561
549
417
408
260
262
256
256
248
251
238
742
699
492
465
457
344
346
338
323
312
330
318
381
382
371
1383
880
892
893
894
475
467
455
501
493
478
942
993
984
1012
1014
1015
464
495
495
501
476
476
478
477
478
475
1121
1122
1123
1124
528
529
530
601
593
578
570
561
552
532
524
515
857
274
279
273
273
276
247
270
617
610
725
707
723
700
689
680
554
318
342
324
203
209
376
633
604
446
438
429
421
444
412
915
1125
1029
977
575
567
999
561
549
1031
1032
1033
561
601
582
450
432
434
434
436
1320
1161
1153
1172
1173
1174
1175
524
515
497
489
550
550
550
550
550
550
550
270
895
596
587
578
319
354
355
353
374
379
374
375
379
666
658
744
735
726
717
708
699
601
1097
909
540
529
874
872
508
522
543
902
903
536
526
521
508
500
552
541
439
428
632
623
614
1005
1006
1007
1008
1009
1063
1084
449
455
452
455
434
430
434
432
438
488
480
467
470
455
502
337
343
330
330
933
934
935
378
379
238
241
238
240
239
598
592
583
571
634
625
616
607
598
1075
536
525
517
553
545
536
394
566
558
563
446
435
430
417
399
412
862
451
1254
932
924
958
959
963
961
962
963
613
605
596
587
581
402
388
380
372
463
469
453
453
453
451
450
317
325
485
449
478
444
926
961
962
963
964
411
440
440
440
431
427
426
421
421
427
616
630
607
939
536
940
525
941
1153
577
571
559
550
506
498
487
477
468
272
274
709
700
901
902
904
910
912
912
729
720
711
702
520
512
503
489
384
386
388
374
370
371
372
1269
1055
446
434
451
926
451
447
438
429
452
999
1000
1001
503
1030
1016
1014
1014
1011
477
479
1108
527
530
527
523
524
528
526
530
527
546
613
627
622
610
601
592
548
535
514
506
867
717
868
872
349
329
611
744
736
782
770
762
753
747
527
1008
1009
440
440
440
569
570
480
1136
1091
656
545
531
514
506
497
667
658
536
1046
1049
589
580
1086
1087
1091
1089
1092
1093
1134
1100
512
521
564
553
549
550
551
554
553
553
553
1245
605
605
654
644
637
626
617
609
587
578
315
317
317
309
295
994
992
993
657
649
795
787
778
769
760
751
409
436
1104
918
470
709
687
675
656
966
544
535
360
366
1254
1237
412
413
413
413
1081
1082
1083
647
632
1088
624
682
659
651
642
1132
660
510
511
512
513
515
513
1229
1228
1229
1275
657
649
638
632
620
607
589
583
557
945
933
934
934
613
589
752
744
735
726
717
708
470
361
360
360
353
356
345
516
508
502
394
396
900
901
412
902
1160
1148
478
478
346
352
501
489
529
521
1029
1052
1027
1027
1030
548
540
555
470
470
470
470
466
469
470
469
472
1144
1146
1222
554
621
607
599
590
581
572
543
532
523
875
333
333
343
608
599
745
738
729
925
720
711
720
795
1000
1001
642
870
652
619
503
892
495
591
513
1133
1122
518
520
1020
1021
1025
1023
1024
1025
577
577
577
577
577
572
571
574
573
1124
676
1133
670
528
520
654
678
276
279
748
737
726
717
708
638
651
626
619
300
302
922
842
846
671
660
811
822
807
883
798
790
358
358
371
362
362
362
1049
474
1103
1094
1085
1073
1065
729
1148
1149
1150
594
406
412
399
399
826
817
826
694
1251
686
1279
1280
1417
1337
740
732
723
714
708
760
752
737
585
585
589
537
513
515
584
586
584
901
1451
1452
1472
1473
866
704
693
679
671
662
653
641
630
1581
723
342
342
1080
1066
388
877
1125
903
1126
892
901
893
1153
884
993
924
994
995
669
683
657
539
546
520
509
509
509
509
509
466
392
503
1341
1360
656
583
575
566
558
548
536
1204
1205
1206
1240
665
665
665
668
665
652
650
678
287
677
668
659
647
639
630
618
762
710
920
921
353
352
373
368
373
374
934
923
912
903
894
885
560
978
979
601
1000
592
1001
583
576
562
499
1028
419
405
405
405
1591
1185
1119
1120
1098
1099
1100
636
628
649
525
511
503
488
452
452
452
455
449
447
449
447
449
1292
642
632
623
535
521
513
504
495
486
1364
495
605
343
516
621
609
362
282
282
591
583
574
666
862
863
744
864
866
631
618
726
1073
849
840
980
828
839
830
900
655
625
504
506
498
494
480
480
480
480
480
700
1007
1008
1009
1010
726
633
596
579
563
555
549
537
528
1367
1355
1274
463
465
454
455
454
456
454
1210
765
754
745
736
730
544
533
519
829
566
569
566
566
566
238
241
1357
961
933
643
934
636
936
625
644
607
591
568
561
381
384
422
422
347
819
1072
811
1073
821
812
1096
803
887
452
300
858
683
674
666
656
571
992
993
994
995
411
403
403
403
403
1338
1325
705
687
679
645
637
705
697
666
655
521
526
278
283
284
283
279
285
1220
253
624
610
602
596
584
649
889
660
909
648
636
661
652
450
727
740
1008
1009
985
816
817
1425
1083
397
397
606
597
588
579
573
640
632
623
614
970
971
972
665
1003
1004
1269
1043
576
577
578
579
579
575
575
857
648
858
634
859
627
617
608
599
667
670
670
666
266
547
609
600
689
594
585
705
697
691
679
731
685
808
796
786
777
410
409
410
783
774
598
590
581
497
492
480
471
890
882
990
991
992
996
982
983
984
557
561
559
394
397
1268
1074
1054
1083
1113
1114
1115
1116
1119
484
1116
1107
520
564
566
495
548
549
549
549
558
559
557
558
559
565
481
467
512
601
614
595
651
621
539
228
229
215
219
655
666
684
660
648
639
630
619
608
315
770
762
749
738
698
684
626
906
904
905
903
891
906
882
873
926
376
378
370
373
928
917
658
641
614
552
534
1012
1013
1042
1109
1101
1080
543
1106
516
1107
509
499
523
567
551
549
550
551
552
551
623
624
592
578
625
570
561
552
543
1273
1274
722
717
718
727
719
737
760
447
436
429
430
431
432
435
436
435
803
798
789
777
769
618
610
590
1466
919
910
540
524
569
569
569
633
619
634
1003
1004
643
634
1023
625
657
649
1073
1097
1098
781
788
788
781
703
694
672
437
439
428
428
428
428
430
427
428
895
889
877
871
856
915
494
455
700
692
668
567
579
987
565
988
559
1419
1123
1112
417
417
417
417
709
703
691
682
674
778
766
761
748
500
496
495
496
484
806
797
665
899
900
901
584
903
577
1372
1364
394
400
661
652
696
706
697
1034
688
705
696
673
665
720
712
621
538
538
538
537
538
538
1192
1204
1205
1206
923
926
651
643
632
614
627
609
542
667
967
993
1020
740
728
1021
719
710
702
496
550
549
538
538
538
538
1443
1136
596
593
593
591
591
558
652
948
948
656
648
967
641
995
996
663
654
609
439
435
427
427
429
427
429
426
825
817
1107
808
799
871
872
873
874
739
734
842
830
660
652
947
357
359
348
348
348
367
367
363
1343
727
713
705
699
687
678
648
742
734
756
744
735
726
545
1154
534
1155
526
1232
578
611
601
614
1255
935
631
622
595
645
636
627
1356
1030
1065
1066
1067
1068
1069
557
563
550
553
550
550
545
548
545
564
564
570
625
617
608
599
590
958
959
960
961
439
425
445
429
1017
699
656
1018
648
635
608
770
762
523
521
521
524
212
212
203
203
208
897
907
955
956
902
890
769
741
690
1289
739
1048
1049
1053
1051
1052
788
1055
778
365
362
353
358
356
353
353
843
830
821
809
860
851
839
830
561
918
964
965
966
1281
655
644
635
666
680
1041
671
1042
579
1374
621
613
604
596
586
1153
819
820
821
435
433
422
720
712
703
694
685
465
1279
962
563
560
560
560
560
565
560
548
603
366
926
927
928
929
930
639
624
619
607
598
589
664
600
701
494
403
403
781
789
790
701
805
796
846
814
847
848
536
538
533
532
533
534
539
387
559
560
561
560
560
536
927
921
758
747
735
650
636
625
616
1348
1064
671
662
1086
1087
1088
763
783
367
368
250
241
239
739
730
720
636
714
625
784
774
863
882
893
896
912
913
890
878
869
436
414
392
393
390
397
398
938
673
645
637
1021
643
1022
1023
512
1081
1469
1138
598
613
1148
604
1149
607
640
1171
623
490
488
513
513
510
513
511
512
513
522
790
772
764
755
742
825
601
590
826
1399
301
303
292
246
677
668
662
650
626
618
610
597
720
976
784
977
978
817
818
387
387
387
829
823
811
824
889
890
910
910
911
709
701
690
550
564
552
1224
1207
537
516
542
543
544
545
546
547
1303
679
671
662
656
629
781
782
736
675
704
643
693
635
626
617
608
390
387
387
386
375
380
377
377
796
380
865
857
866
897
859
456
477
891
883
689
681
656
645
548
540
532
1454
1097
1021
1020
619
613
601
565
537
529
512
687
1086
708
699
687
680
670
498
481
1129
458
1230
1222
1215
1216
1217
1218
871
872
506
508
496
502
486
488
486
482
483
542
528
514
506
547
548
549
326
326
317
319
317
317
1028
1029
1031
1031
1032
376
653
644
635
622
614
600
706
692
684
472
469
469
253
738
729
723
624
628
560
829
548
538
900
1277
593
584
575
937
661
650
938
641
632
636
625
601
650
480
699
1049
1050
1051
1052
1053
1054
1095
496
505
486
482
483
485
486
492
486
914
915
916
917
570
553
545
536
527
434
440
427
427
429
427
1029
1030
479
477
473
474
657
651
640
725
717
708
697
692
679
224
224
672
631
615
607
601
589
658
866
868
1278
670
655
647
638
688
679
473
465
381
775
766
757
1026
1024
1025
1026
1027
1028
1406
1071
468
467
459
456
456
456
456
461
500
486
478
469
460
451
973
967
1016
1017
1018
1019
1020
428
433
419
419
419
438
437
442
439
438
662
601
445
659
649
644
631
623
519
505
1195
255
257
608
819
599
820
846
844
845
846
850
634
625
616
596
591
579
753
750
754
742
755
733
783
408
410
394
395
398
396
796
787
778
651
619
864
612
556
891
1193
1136
953
544
545
546
546
1008
620
1009
595
607
587
578
568
552
639
636
513
616
390
258
48
263
265
58
55
270
63
58
62
644
635
69
60
66
60
76
75
65
80
66
661
602
72
701
732
622
76
594
712
730
79
82
88
721
92
117
120
129
391
389
125
391
395
133
164
273
162
770
166
597
765
168
590
172
175
164
179
211
909
898
887
882
870
860
548
191
192
95
123
120
967
966
211
157
388
599
591
579
416
204
188
185
185
209
190
194
192
1064
196
236
1072
1070
1070
205
230
221
1165
1103
221
200
191
205
186
516
518
504
504
274
505
511
276
253
283
287
195
281
1156
1160
1164
264
272
254
574
243
264
234
259
226
576
1187
568
1188
610
582
1211
256
244
264
290
243
282
271
1234
620
1255
174
1256
314
700
344
701
707
343
325
447
197
720
718
399
216
454
489
476
727
722
450
437
699
428
279
264
538
554
729
705
275
595
299
596
258
271
602
565
562
571
564
569
1455
326
327
331
906
331
345
331
684
893
225
226
635
680
671
408
394
369
360
393
382
373
364
356
334
334
300
301
764
753
360
346
236
425
431
421
412
418
407
429
828
847
460
457
458
380
585
576
949
585
576
770
793
794
1045
1063
539
539
530
560
534
534
534
534
534
597
577
563
555
982
980
859
859
607
581
559
562
553
554
523
555
681
583
673
583
671
656
622
602
533
486
582
563
972
538
533
861
854
836
1093
1094
1095
1096
733
724
290
296
1166
380
386
375
361
1015
1062
1010
519
524
1068
1088
1089
1090
451
1173
461
450
432
432
417
633
618
1224
1225
581
1249
1220
1196
1168
1296
588
580
1247
582
583
587
584
583
584
585
605
457
458
459
460
461
713
708
696
669
661
619
611
839
840
705
716
861
880
621
881
738
871
729
724
718
702
968
902
624
567
208
214
1058
864
854
777
698
644
562
469
404
1050
1044
608
517
509
452
405
374
1146
1270
1240
449
450
345
351
443
359
1270
1259
1296
1297
1301
1299
1300
1284
1255
1255
1256
445
448
442
452
421
465
447
1325
439
1326
430
415
427
475
472
398
447
449
453
399
442
548
546
515
547
539
507
497
486
477
628
617
558
559
550
551
480
628
595
730
584
727
576
647
570
639
594
582
644
601
593
449
411
449
261
364
896
861
850
835
828
846
321
461
416
400
378
367
1159
1076
456
438
442
443
441
328
449
394
342
1099
1100
379
352
1174
1166
418
437
462
451
472
437
437
447
1282
1283
1284
1281
1279
1280
1257
1277
1252
1252
531
523
493
491
568
548
533
532
536
524
525
502
518
543
513
539
506
445
534
509
529
624
625
613
614
606
592
614
584
607
525
636
575
663
651
792
646
578
792
629
809
639
828
653
822
811
417
692
314
307
308
298
918
913
901
485
412
1234
1114
416
416
408
428
504
500
488
469
525
511
494
529
404
534
403
389
314
409
306
1277
1266
470
462
450
439
430
425
413
403
498
414
415
416
417
418
464
560
561
580
581
582
476
583
572
551
649
619
554
645
646
537
528
516
430
429
397
591
695
583
571
560
640
910
499
880
456
508
497
683
540
886
651
508
598
906
609
910
343
349
1800
1798
1799
1801
1800
1800
1801
1192
1075
1058
759
705
507
454
402
454
334
236
229
229
1983
1191
1182
702
687
633
625
545
1431
1426
1295
555
482
600
573
395
395
388
429
421
425
422
417
414
406
406
490
483
483
478
475
468
468
460
460
482
482
474
477
439
444
430
761
630
552
548
513
517
643
491
632
620
857
335
692
681
710
699
734
407
1078
1030
433
360
361
429
418
285
287
286
1799
1204
544
459
537
525
513
477
544
545
546
547
459
459
483
481
482
483
484
489
1332
1309
1236
1141
716
632
624
618
606
508
508
622
585
454
664
655
619
601
593
698
567
688
554
563
715
704
699
686
517
767
757
745
841
833
824
872
322
311
311
449
1075
988
595
564
382
373
365
542
526
426
426
425
416
608
576
577
578
579
1147
1138
1175
502
502
505
501
501
502
506
507
540
528
513
506
671
543
521
509
500
519
574
565
642
631
619
415
401
376
786
764
756
891
247
403
404
257
471
459
436
273
883
881
282
807
808
1535
1530
976
1014
1015
1016
447
453
450
439
429
990
455
991
992
510
507
500
500
500
503
500
500
500
503
289
529
524
512
503
494
485
477
468
572
372
375
372
175
167
661
696
671
439
432
422
671
417
666
660
250
1283
811
803
840
357
726
309
614
592
442
414
392
329
380
345
346
368
944
945
946
947
342
948
949
968
1023
1061
1062
1063
439
457
463
491
488
484
485
486
487
488
488
490
1158
940
941
544
533
524
515
509
500
492
480
551
607
590
516
557
541
607
531
600
527
598
586
687
580
906
238
777
599
775
595
767
758
749
422
380
1030
978
883
921
922
388
348
402
398
526
1016
1017
1037
1041
1039
1040
1041
1042
454
446
437
1102
1103
1104
1084
1084
549
553
550
540
540
540
545
540
542
554
609
545
539
529
519
510
502
728
599
600
601
603
477
478
579
589
537
547
813
816
820
818
819
820
568
589
558
858
859
859
762
753
747
735
984
965
499
448
449
287
217
783
768
612
544
1015
1007
1034
552
1058
1059
1078
1080
1080
554
565
548
1097
1120
404
387
390
383
370
364
1272
1232
1224
568
501
479
462
448
441
446
435
645
1302
1303
1261
1262
537
537
537
712
642
624
330
549
540
773
531
362
843
832
440
437
441
437
441
440
445
441
365
1479
503
492
483
492
478
473
460
452
444
326
332
295
301
211
217
575
932
924
934
725
977
732
711
1001
496
1150
1077
1058
493
530
581
1135
572
1154
1174
1175
1158
1150
468
463
464
454
451
451
578
507
493
485
521
483
471
462
636
629
416
378
374
365
367
366
367
1098
1099
1095
1117
1158
542
510
499
490
476
471
459
451
441
550
554
555
478
479
485
219
222
140
515
600
848
595
583
574
565
531
405
974
931
938
924
967
832
985
984
1004
333
1225
1190
1102
547
953
630
581
1135
1136
1120
1121
958
444
450
406
422
423
465
496
488
506
710
690
1085
1101
1092
1157
513
502
502
505
502
507
502
503
506
564
550
695
545
533
524
515
509
498
803
766
633
596
586
577
671
549
739
513
671
665
650
894
885
809
787
776
810
515
249
751
742
583
549
475
817
483
439
388
387
388
273
273
373
374
393
376
459
387
455
1284
1204
1159
395
412
405
350
1233
1234
1235
1236
1237
469
466
402
1187
1188
1192
1190
1191
1192
1224
482
467
488
472
475
472
471
472
474
519
509
498
489
1344
568
549
539
535
538
454
548
536
419
617
611
599
591
594
589
577
569
559
255
259
248
657
645
579
547
645
798
793
781
790
844
936
937
327
319
1143
1072
1004
483
490
391
383
959
972
1045
1046
672
1066
1067
639
1086
1140
500
481
482
483
486
483
483
472
464
739
1206
1206
1203
1195
588
574
566
557
547
552
586
525
616
617
463
449
447
448
596
453
442
659
647
614
600
591
823
511
665
653
571
731
650
750
619
892
866
767
867
869
636
806
795
920
715
599
566
439
431
1077
1071
1055
297
300
231
237
1067
1050
557
531
509
442
430
407
1177
594
455
1366
1266
1289
1218
428
430
555
411
388
1295
1296
1297
1298
1299
1300
1303
1302
1303
452
592
526
512
416
1354
1354
498
498
498
498
513
514
515
516
517
517
425
426
427
556
546
537
488
489
490
491
594
582
573
565
556
550
631
626
614
633
624
615
419
408
384
837
817
766
761
749
740
274
273
260
262
1045
977
503
477
412
404
373
352
336
301
260
402
403
320
320
304
1097
1074
1110
1111
1112
1116
1114
504
1066
1066
413
377
401
424
425
467
467
469
467
470
467
467
467
383
1217
534
454
458
537
513
504
640
634
622
614
605
596
590
575
670
690
675
667
655
744
570
739
532
734
804
366
269
621
822
816
391
574
561
485
1071
1000
980
385
1051
1052
1035
1036
1037
1038
1058
1061
1059
1060
483
1061
1065
488
488
488
488
488
490
490
490
488
526
519
509
503
575
772
769
719
720
568
586
773
577
685
569
560
551
542
742
946
902
263
268
265
265
271
770
256
762
753
578
501
546
428
397
424
330
311
313
351
1533
465
453
464
452
482
447
436
479
471
466
452
298
1086
340
1085
338
532
344
337
549
597
1161
1162
1163
1164
1321
1164
1226
1216
476
519
466
454
508
453
497
459
461
458
487
501
492
1322
483
1323
856
1332
1330
551
551
277
279
539
286
534
285
612
286
626
603
594
624
616
501
351
351
311
301
346
336
1041
445
434
426
420
473
461
442
452
438
287
491
506
533
485
525
474
516
321
507
921
940
931
932
923
1011
1000
1019
994
995
996
407
408
401
407
404
413
383
383
383
1072
472
464
455
438
424
479
479
321
323
869
313
871
317
878
336
336
335
339
336
336
336
339
546
534
525
587
579
570
561
552
425
1010
724
504
496
515
506
497
410
405
393
381
373
539
609
620
844
629
863
636
627
388
359
354
342
971
962
971
995
996
997
999
819
820
821
825
457
461
450
456
880
439
439
443
443
443
518
507
907
495
488
475
466
386
375
411
541
402
504
395
385
534
599
599
599
599
192
182
654
646
637
628
619
607
421
388
375
263
264
368
260
261
337
441
359
336
1234
338
339
353
257
260
371
365
406
398
386
297
936
963
964
982
965
959
969
968
957
964
962
394
400
384
384
384
384
1030
1031
1032
1033
623
457
624
625
444
472
473
473
472
470
471
354
456
514
505
496
515
493
479
457
447
439
424
550
542
590
582
573
564
415
408
618
629
219
729
715
707
698
689
433
334
309
375
353
337
324
338
344
341
345
887
891
889
890
891
880
963
929
906
397
399
397
988
989
421
991
991
445
458
434
426
435
469
468
422
347
481
465
468
467
530
472
490
477
510
499
515
542
534
521
515
507
495
486
477
596
600
589
630
621
614
600
355
319
302
744
736
363
1328
1329
795
796
404
392
1398
874
866
390
379
379
379
373
368
357
374
370
965
969
967
461
453
444
505
486
487
488
489
1045
305
308
538
1072
540
498
1073
566
558
587
618
611
601
1142
1165
373
645
454
577
455
468
441
457
445
446
399
450
490
1289
484
473
464
550
868
869
588
632
330
624
332
609
331
328
323
335
649
640
630
386
378
344
418
1046
1032
1031
1025
1025
482
535
524
510
502
1093
1094
564
439
428
472
461
463
453
455
453
1240
506
492
484
516
508
1052
1051
499
1062
1041
1048
451
452
363
444
442
442
444
444
442
1155
505
493
485
476
467
458
544
502
269
272
263
263
969
970
971
638
672
661
652
644
635
648
864
1107
415
321
323
937
480
939
468
940
460
480
469
407
530
535
452
403
462
480
475
441
1116
441
1108
441
482
1002
1006
481
1000
1000
1007
621
609
573
400
565
405
556
410
394
401
398
403
404
410
1148
444
435
474
423
454
244
246
511
502
491
534
557
549
936
937
946
829
575
566
328
367
368
634
369
628
389
406
926
929
926
755
1128
756
1039
502
493
484
524
516
507
498
1096
885
897
914
915
456
455
457
459
406
340
474
465
456
447
435
427
418
409
400
511
512
514
537
526
527
528
529
530
604
596
575
552
605
594
607
595
821
601
347
877
878
288
287
279
282
279
281
279
239
698
689
491
478
469
808
1016
1022
448
434
426
417
408
399
454
446
437
953
955
955
370
359
361
351
510
501
394
372
387
1086
1066
1088
1092
1090
1091
1092
425
425
425
509
400
413
418
416
418
460
452
443
455
435
427
418
500
450
352
248
255
499
539
871
610
892
624
909
615
909
603
595
586
361
357
357
357
525
391
383
374
369
424
284
289
1071
906
915
916
844
541
533
524
515
404
407
398
387
426
952
952
1079
953
1071
954
505
472
464
519
519
509
498
490
354
398
395
395
370
380
1083
433
406
426
534
522
537
514
937
583
938
575
937
581
599
572
604
603
595
584
636
444
437
451
437
442
439
444
396
714
1109
1151
969
951
550
541
533
524
515
506
559
545
537
437
439
437
439
1089
1090
624
615
463
446
472
976
1193
1171
550
539
503
569
383
1076
1077
1078
547
646
638
604
568
440
1156
927
519
547
550
547
547
549
366
365
574
1021
616
1022
1042
623
611
603
593
400
389
471
472
453
449
450
445
734
258
751
743
736
725
550
330
533
1281
1110
1111
1112
1095
1059
933
679
687
697
688
977
977
682
778
714
436
422
422
443
443
409
372
438
434
438
861
853
838
830
822
809
619
943
1394
928
1389
1179
547
252
241
237
634
1017
626
998
645
636
624
616
607
672
335
338
335
310
328
306
320
785
772
763
50
48
46
46
56
55
65
60
65
804
81
66
63
796
784
621
638
856
486
92
860
82
476
100
869
452
465
871
103
119
110
118
121
123
140
311
133
135
326
145
325
131
335
312
144
1356
151
148
114
113
187
177
187
171
192
131
134
110
130
562
236
1005
1005
393
613
1007
1015
400
666
685
594
212
204
207
191
195
181
350
175
176
227
719
229
701
217
692
206
189
184
222
243
231
702
778
798
794
767
560
263
291
261
262
219
198
587
585
738
294
587
618
219
607
196
325
326
1356
1263
320
321
322
323
326
162
656
151
151
336
327
381
662
371
684
591
427
578
388
428
361
380
493
591
500
506
738
337
627
510
419
633
411
405
269
259
251
411
311
538
1403
1059
824
816
542
543
544
545
546
577
578
742
648
302
625
285
617
358
288
359
317
290
297
418
423
627
417
363
336
331
377
360
346
389
429
355
421
456
456
456
311
313
313
311
307
477
468
597
575
817
546
662
663
501
412
395
387
379
372
450
928
744
345
334
337
206
207
345
698
689
680
772
758
591
582
421
413
493
408
485
471
300
843
844
845
846
891
880
555
395
551
539
445
927
928
929
778
483
387
376
376
834
422
835
408
836
452
452
452
452
454
452
451
450
465
483
525
461
478
469
447
434
551
678
848
584
596
849
284
271
270
181
548
536
646
516
645
632
323
315
522
852
1027
883
334
491
492
354
434
645
612
585
532
398
389
875
503
937
938
939
495
490
967
986
987
988
989
1031
487
493
480
501
501
500
501
499
500
486
506
485
568
1130
579
1150
822
823
605
593
584
575
545
531
525
515
507
491
479
479
479
261
258
785
917
825
823
1051
590
579
854
575
849
570
844
836
914
419
934
876
935
415
685
562
970
1106
1011
575
540
1027
1050
1051
1029
468
591
489
485
486
486
488
488
486
486
385
560
582
572
581
572
648
582
538
644
530
609
611
549
538
529
654
868
825
793
785
1142
1160
1161
811
803
406
580
327
538
580
328
539
468
454
356
377
377
377
1324
1080
1085
459
451
442
476
468
459
378
364
1034
433
433
434
1118
478
1155
1156
1157
1158
1202
1205
1206
1207
524
531
517
517
517
520
517
517
516
564
552
549
536
528
519
508
477
1329
627
535
523
524
609
630
572
564
658
389
701
693
684
675
666
657
981
982
983
852
531
520
812
529
517
835
495
863
864
364
350
350
350
1129
992
933
959
960
435
969
427
970
473
434
435
334
337
458
456
457
462
503
484
469
462
453
444
436
425
417
557
578
576
568
566
598
599
513
632
604
588
580
472
645
629
358
741
726
718
709
773
774
361
296
272
348
442
431
411
406
381
328
304
302
309
1348
897
880
914
933
922
450
446
394
415
415
415
407
407
1023
1024
1025
1026
1027
1030
481
1029
1030
480
481
482
477
480
484
482
483
484
557
547
539
520
512
506
494
485
476
566
567
581
531
522
621
697
689
706
680
674
662
834
835
836
780
294
296
298
289
749
566
503
484
453
445
433
350
350
350
346
347
339
301
1023
1015
455
447
438
964
467
497
462
453
466
445
436
352
252
427
507
302
612
1077
1106
614
1107
1108
605
596
587
503
392
394
400
384
383
384
383
383
228
1244
1236
1258
1259
813
801
496
485
477
468
459
451
507
855
856
381
578
909
572
560
552
542
429
460
374
362
457
484
458
1048
1037
519
511
502
493
484
475
464
547
549
547
547
554
607
350
648
673
895
897
900
698
899
900
666
692
900
687
665
679
656
343
478
345
484
375
365
366
363
363
363
1112
1066
454
446
437
908
447
903
460
549
926
927
360
639
1030
407
398
634
409
641
629
1054
620
539
389
374
465
466
465
472
1193
1176
558
513
535
513
527
521
576
513
504
495
484
573
627
366
907
908
909
910
911
912
685
647
704
681
677
664
656
646
461
362
351
340
339
339
339
527
365
383
361
1117
1103
449
442
296
298
289
295
941
488
546
502
542
984
552
995
1015
1014
552
554
625
616
1065
447
437
433
434
435
436
437
437
1194
602
608
610
525
516
508
500
490
481
1276
874
899
900
901
902
905
904
582
571
650
644
634
623
616
605
438
435
435
436
430
431
452
454
453
453
1083
537
547
947
584
561
878
552
543
909
563
558
546
529
316
322
974
681
975
976
675
660
652
409
408
397
401
399
397
391
727
799
712
615
478
462
447
440
436
437
1241
499
499
1216
1193
957
958
959
960
592
602
594
990
585
576
567
561
669
377
379
392
392
392
392
392
394
391
773
764
755
746
737
584
579
550
1209
439
920
912
582
935
936
316
316
635
626
617
608
599
585
577
653
644
713
1075
1094
1095
1086
446
446
446
446
432
432
432
434
767
758
749
510
496
488
479
470
461
1246
1254
1255
1256
938
939
551
969
563
970
555
971
657
640
653
372
401
392
395
392
392
392
391
397
392
747
741
729
653
617
1187
1192
419
940
941
942
946
604
590
582
576
563
554
545
534
526
358
344
368
348
350
690
684
673
665
655
646
572
1124
1151
1152
1135
1136
1135
499
488
481
503
581
564
905
922
924
586
924
925
580
568
587
985
425
427
416
416
412
415
414
415
418
663
732
726
717
706
697
692
628
710
528
511
503
494
488
476
464
441
559
559
1229
321
1232
978
979
980
589
580
711
697
689
683
671
662
484
480
1101
1131
1132
1133
1119
1115
463
462
451
451
451
451
487
949
950
951
953
953
954
955
990
559
558
559
550
552
550
551
460
614
453
606
594
586
600
584
575
561
426
652
643
634
622
614
608
598
584
659
687
257
798
799
800
800
801
792
777
769
775
766
751
740
598
795
462
445
439
335
925
335
338
340
337
908
337
966
983
534
526
512
417
409
1045
1543
1139
536
536
536
560
567
1176
1196
614
1197
608
1198
599
627
616
607
628
619
558
561
547
548
548
556
511
472
1347
1348
1349
1388
655
641
633
624
615
603
592
594
658
652
652
644
676
321
325
417
666
644
709
686
770
780
771
968
1032
1033
1034
1035
1036
399
385
413
413
410
263
901
273
914
973
902
974
700
997
998
1017
1240
740
700
647
570
441
444
425
425
426
241
243
1354
1113
671
662
655
693
685
676
667
533
525
763
381
381
381
377
378
1340
684
653
644
635
688
680
668
660
651
943
944
945
550
967
542
968
533
524
537
833
834
1492
1126
669
676
922
687
922
696
687
940
1196
1048
637
643
655
655
658
655
654
655
658
653
653
672
641
380
741
979
980
769
763
755
749
737
728
815
736
816
817
432
421
421
421
421
440
440
440
437
437
437
842
818
790
782
903
968
967
962
951
970
961
953
737
729
715
704
604
593
579
195
1340
1326
1130
685
679
667
1159
736
724
1160
715
706
728
574
566
557
548
539
757
756
741
1280
1279
1284
878
879
882
882
486
478
469
460
1369
955
485
473
473
472
473
478
466
466
468
485
485
555
544
536
527
1079
544
1080
1081
1100
584
1153
1157
682
683
630
684
618
685
610
464
461
452
448
454
453
451
452
451
685
786
777
766
744
760
740
617
525
525
525
506
766
760
680
668
608
594
586
577
568
1446
988
1003
1004
1005
686
588
577
568
559
552
766
758
743
763
754
742
448
436
427
381
1114
882
916
1166
1167
1218
512
518
504
505
1019
1020
1021
1022
560
560
559
562
546
547
548
548
547
603
595
1099
1100
1101
1104
1103
615
380
372
372
372
374
391
678
669
660
651
643
628
620
611
602
775
764
810
811
813
805
796
832
787
776
612
605
573
868
1375
626
615
606
597
681
672
646
638
629
402
402
394
414
414
414
414
716
477
1066
466
1067
472
1095
1096
1158
531
519
510
501
546
537
531
519
468
477
461
461
461
460
458
319
307
1264
1004
1005
1303
569
561
555
543
534
525
584
444
466
445
445
309
312
1159
1160
854
855
681
672
663
675
552
544
899
920
921
428
428
409
408
411
1308
640
650
874
660
895
913
730
914
915
341
343
332
332
332
332
332
798
789
781
662
1233
896
894
894
895
730
721
711
697
687
752
741
732
721
783
570
559
545
335
337
331
331
329
332
564
555
904
905
885
1288
972
330
322
319
319
319
352
322
687
749
741
732
726
714
556
545
1294
1081
598
583
594
893
913
669
914
915
663
692
683
961
410
410
401
401
401
400
396
1346
693
682
674
695
669
661
651
696
688
924
922
923
926
332
339
325
325
325
781
772
618
607
621
612
603
889
890
1312
454
688
763
990
1010
782
1011
773
805
828
382
381
825
838
644
891
636
645
918
654
938
1364
537
537
540
537
537
537
537
535
534
761
768
598
584
846
838
829
1387
914
915
1199
709
672
379
748
739
730
721
712
699
672
667
655
1072
1073
427
416
416
437
437
883
931
941
926
965
939
988
946
1007
403
408
395
395
1000
773
1094
1095
768
750
742
661
647
1391
527
526
526
526
735
1222
782
1223
1224
793
1244
1263
807
798
820
811
668
657
650
640
394
396
388
385
385
280
269
271
1431
1005
1006
1007
776
769
716
828
823
811
821
812
1059
458
465
465
464
896
640
998
656
999
648
1000
639
1027
1691
1255
1083
754
743
1084
734
644
656
797
798
469
471
462
460
459
715
758
747
891
889
767
755
748
778
769
760
593
593
589
593
591
587
587
345
1381
1048
690
679
668
659
669
660
967
608
994
1030
1031
1032
678
809
810
669
657
608
818
829
846
443
431
453
456
456
456
456
456
920
911
902
895
697
686
981
669
1009
553
549
549
552
400
499
500
535
233
1346
1126
706
695
1150
1156
1157
1158
743
744
735
723
714
705
632
645
633
790
813
518
399
405
392
392
392
756
747
735
894
857
955
942
962
938
490
485
485
485
485
490
491
1050
1035
1023
764
756
751
738
723
626
1114
1604
1183
679
671
662
716
1209
708
1211
699
1237
720
708
697
682
671
644
740
732
723
564
551
1364
879
1394
1395
1356
929
930
511
513
502
502
504
502
502
502
504
521
395
1026
616
602
588
580
1077
1079
1079
1084
1081
421
450
450
453
445
445
445
448
447
699
690
678
673
661
767
752
742
733
832
834
777
834
768
835
692
590
278
278
269
269
269
1369
681
672
663
654
645
637
628
711
703
1000
780
1001
788
327
328
329
329
328
810
805
793
629
503
493
484
475
506
1187
1170
1159
453
445
444
423
601
592
517
1010
527
518
1029
513
500
519
511
502
1123
646
1124
638
1125
633
620
611
480
486
476
473
473
473
673
576
517
503
496
486
481
521
513
1300
944
982
983
984
985
874
875
614
602
540
548
538
535
538
535
532
532
535
987
972
584
649
635
627
637
1048
1069
654
861
862
438
441
431
429
430
429
423
424
425
745
960
711
960
705
810
802
793
784
738
546
869
953
954
890
955
736
956
980
757
687
676
662
657
645
636
627
618
1449
1268
450
439
439
439
468
445
443
847
839
830
818
810
801
527
900
901
1248
1249
1250
1297
607
635
635
685
677
1062
670
659
1094
676
1095
1096
474
476
464
465
465
732
837
831
838
823
839
814
867
868
795
786
596
596
592
592
593
592
587
587
916
931
925
989
1008
804
796
743
1042
732
721
713
703
694
1501
1490
1130
592
591
792
315
707
702
687
679
648
643
826
818
850
838
312
827
818
538
507
371
372
1014
1003
992
983
971
966
513
481
448
461
462
463
464
388
508
1151
1152
1153
1142
1143
1144
1133
1196
1175
1158
491
526
526
525
526
528
526
523
523
526
1284
1282
1283
1284
1288
582
580
1325
655
645
1297
636
627
621
609
554
637
308
309
695
575
372
703
348
682
698
674
665
680
673
661
652
779
852
844
867
835
485
483
484
485
679
922
932
920
994
643
635
1017
641
1041
508
507
494
495
498
494
495
708
1127
1132
1130
1119
1119
1189
1126
619
607
599
590
581
572
622
614
605
506
509
496
499
498
499
466
448
514
515
516
707
701
566
558
798
799
617
800
801
1425
1405
635
392
392
385
386
728
719
948
762
970
757
749
740
503
504
505
509
507
532
533
896
888
876
868
944
948
946
935
936
905
892
760
656
656
636
625
610
602
1735
378
380
371
367
368
369
1327
376
368
320
434
424
852
775
841
866
859
843
838
826
817
730
530
522
513
538
542
525
514
325
1351
1334
1042
640
1074
1076
725
1076
1077
735
724
1097
722
708
696
686
765
753
738
757
744
801
868
869
870
871
470
472
463
463
465
465
459
467
859
683
501
680
496
522
491
479
68
71
479
71
70
78
80
84
87
93
95
1388
95
95
100
1030
110
525
113
114
521
122
120
123
131
132
134
132
598
608
1054
632
1055
608
595
166
181
180
184
181
166
182
175
161
611
597
651
610
227
229
235
229
231
235
214
696
449
201
190
454
234
453
457
253
259
232
321
703
224
720
236
210
260
250
1200
591
807
825
826
593
526
257
286
282
543
202
521
209
205
171
517
283
559
549
171
342
329
318
450
456
1355
301
273
266
264
265
266
268
972
975
276
275
970
969
970
289
317
279
677
270
257
284
982
278
361
259
686
579
735
746
605
590
353
597
364
362
401
1504
1107
1081
223
197
329
222
311
225
330
430
815
421
673
404
659
396
620
387
260
695
696
279
694
549
297
690
676
547
347
348
349
721
721
575
722
580
728
582
379
729
415
608
521
482
628
473
483
655
390
391
383
378
541
471
732
759
757
758
759
466
470
453
445
436
427
504
504
504
504
506
504
505
503
505
518
585
584
215
208
543
531
523
548
519
666
512
502
646
818
324
319
316
317
323
163
326
608
731
378
727
737
791
959
467
457
460
449
444
432
423
296
848
684
647
564
939
406
402
386
962
1100
1002
402
449
417
502
521
1084
1085
1105
1106
1107
1108
1102
1103
1151
489
469
470
471
474
472
464
464
610
530
510
502
493
484
653
680
681
606
369
360
954
413
414
415
416
407
395
386
629
617
613
691
684
674
666
483
489
1103
491
219
573
564
568
559
582
623
575
560
535
761
750
721
712
939
940
1099
1045
968
347
327
434
785
777
375
1077
1078
1079
1080
1084
1082
1070
1071
437
595
419
405
472
472
468
469
470
471
980
388
377
380
380
378
379
381
385
384
556
550
538
529
734
439
1143
540
526
521
512
514
504
507
517
858
496
581
573
580
569
572
564
568
551
914
992
936
881
630
372
376
360
1010
1011
1000
1100
997
861
479
471
459
1075
1071
1072
484
476
467
418
420
512
422
426
1200
1183
1207
1208
1209
1210
1211
483
466
476
1088
534
1108
654
1109
1132
577
573
551
573
600
618
465
454
457
454
454
453
456
454
718
698
512
509
498
369
370
1345
607
596
582
575
566
557
550
536
495
572
694
218
206
550
661
530
652
646
634
626
879
722
937
929
998
1000
1000
1001
258
1222
1077
1069
417
868
407
863
516
481
469
929
952
989
1155
1156
442
356
344
469
469
600
585
1103
1104
1100
1101
451
451
453
454
447
446
447
447
448
508
497
492
480
471
470
466
460
449
507
436
437
446
403
567
556
786
596
805
592
807
583
808
613
543
886
583
832
683
734
723
714
1003
386
392
388
384
327
326
809
738
725
1073
1074
1067
1010
1002
993
631
1122
1056
1075
1076
1305
1293
1208
595
596
435
415
405
393
745
728
693
685
673
1230
1231
1232
1224
1268
523
512
503
512
513
487
487
487
458
448
451
450
1372
1373
586
578
558
553
531
523
501
428
563
565
569
502
409
144
146
418
587
494
585
578
482
569
481
567
468
563
1040
997
946
882
877
254
256
245
251
237
242
694
618
1216
1208
1006
996
1053
1052
1053
470
1054
1048
1054
1249
1114
578
1144
1145
1118
1079
1070
515
500
498
499
500
501
502
547
545
546
541
526
521
574
575
576
565
491
492
493
494
466
592
583
520
509
573
693
661
652
644
632
698
689
600
586
495
614
605
736
727
719
718
571
433
434
350
428
357
306
624
307
486
498
418
384
1039
1111
1085
1074
1064
1059
404
405
1041
1032
501
449
373
362
353
341
302
302
303
284
316
288
298
408
399
1319
1276
1265
1253
1274
1274
1275
1276
1277
1278
1279
1270
462
1267
457
507
1320
1304
511
503
1324
495
532
519
499
450
439
425
570
394
505
418
501
488
476
462
454
431
420
397
386
374
351
339
307
295
486
479
514
746
505
709
518
686
506
688
537
748
531
737
725
541
328
524
335
345
542
343
344
982
930
900
883
872
455
444
432
421
437
1055
438
1004
1005
413
376
364
353
335
339
521
1121
1086
1048
1040
472
438
427
415
1196
428
371
373
314
317
316
305
300
292
277
528
1372
1364
1352
1343
467
447
454
428
417
406
394
402
389
427
415
404
392
317
308
294
295
475
463
546
451
440
431
420
411
402
620
377
367
356
344
320
308
297
285
274
509
500
489
478
455
447
454
711
715
340
503
510
766
504
493
687
481
470
458
347
335
359
348
336
340
499
444
430
434
1012
1013
1002
1003
1019
1008
996
984
435
890
1066
1056
404
402
403
396
398
402
399
396
563
548
399
1136
1124
1158
497
489
477
466
457
2193
2194
2194
2195
410
401
314
307
308
2255
2256
2252
588
579
1329
595
497
503
405
400
395
390
1427
1415
2423
416
509
507
425
417
482
580
568
559
550
542
533
623
590
582
636
637
638
653
435
654
655
657
483
1062
1050
515
513
427
428
429
432
431
395
401
1139
1156
521
513
503
494
525
516
507
538
539
422
1100
1018
1019
1020
1021
655
498
492
433
440
441
442
443
1375
1211
1129
760
811
505
391
588
654
578
392
396
389
404
342
405
403
576
568
439
596
431
422
413
404
397
2437
2376
438
509
465
285
471
539
531
572
558
550
532
546
523
267
442
2565
2556
367
358
364
1678
1657
1684
1685
449
438
429
463
427
456
420
497
498
499
500
501
502
455
541
461
380
381
546
537
576
568
335
261
626
615
606
589
269
274
272
279
620
307
307
641
526
431
360
352
345
334
325
382
1158
1150
788
415
407
834
427
805
339
329
520
508
499
490
581
582
583
584
945
957
949
733
454
451
451
451
450
450
449
450
451
769
480
477
477
477
444
562
547
539
530
521
512
503
488
473
403
525
517
529
685
692
677
668
662
650
669
534
517
764
497
507
495
791
474
1080
874
875
876
445
445
448
445
447
447
445
449
452
465
514
506
497
488
479
470
462
505
332
336
330
331
1047
1048
1049
557
601
552
543
600
591
671
662
293
326
328
324
330
1167
1168
771
1169
743
735
726
717
570
559
550
828
829
1289
1281
1272
458
460
922
925
924
925
926
931
928
535
533
529
530
535
532
535
535
617
608
601
583
602
593
539
528
519
495
487
478
610
279
280
281
664
285
656
647
640
628
455
722
714
704
774
755
746
441
424
416
319
445
448
447
377
378
379
955
947
938
975
976
977
978
981
472
466
1012
1013
1014
1015
1016
1012
1011
1032
529
1033
522
563
514
566
511
614
604
587
587
589
587
587
587
591
606
606
673
696
631
619
694
708
611
602
593
584
799
833
275
320
314
307
308
896
883
309
856
878
848
835
577
568
553
358
359
970
360
955
609
585
567
447
435
427
418
409
449
1089
1075
264
266
501
492
487
519
510
501
1160
623
626
1198
1216
1217
1218
1219
1220
1221
1280
1266
475
477
464
463
463
463
465
463
464
1328
562
548
850
537
851
521
513
503
494
485
575
311
311
957
335
335
619
611
711
703
697
685
676
667
607
342
343
344
625
344
343
345
488
477
472
487
479
1164
1148
867
416
286
292
947
526
520
508
539
506
495
485
543
537
553
544
402
1064
1100
1104
1102
1103
1104
1105
1106
1107
517
513
485
485
485
485
485
547
539
515
504
805
988
989
990
448
454
441
663
952
672
970
667
764
753
731
723
552
549
549
549
551
549
549
797
788
724
618
634
292
294
1265
972
970
971
967
678
693
674
661
650
643
633
717
708
352
355
339
339
342
804
1064
799
793
781
650
623
513
1355
1183
479
479
479
1208
1206
1207
994
995
564
550
542
533
524
515
503
1049
1050
622
1070
636
627
1092
1090
620
609
604
464
481
483
513
513
516
513
513
513
513
518
512
1267
599
873
871
874
873
615
882
608
598
580
593
572
563
554
667
383
392
384
367
367
367
402
371
370
1013
1014
786
775
766
757
748
739
833
834
835
836
265
267
689
703
673
899
599
922
610
942
1340
1256
420
423
420
416
419
423
421
417
406
720
709
697
688
680
733
728
716
707
726
1190
342
638
624
616
896
601
593
584
575
566
557
577
651
694
686
677
668
659
651
491
1030
1031
1032
1033
1034
550
541
529
831
832
833
835
835
836
1140
1132
876
490
492
485
471
469
465
939
527
941
508
941
545
504
550
551
552
550
549
550
551
529
414
580
544
594
631
625
613
608
577
549
520
500
513
302
303
304
305
306
728
307
722
708
699
691
680
758
749
737
836
828
838
879
898
899
900
901
392
537
529
379
378
523
511
424
390
972
973
1033
1025
462
458
484
485
486
476
465
464
465
463
461
1117
1150
1151
1152
1153
1154
1157
604
1156
1157
586
436
440
551
540
533
365
679
633
170
702
690
681
672
598
589
580
571
559
579
721
716
704
686
678
501
796
787
307
308
309
249
909
919
901
920
943
944
426
903
890
539
528
982
511
491
478
1087
1053
446
553
476
1109
1101
1102
1103
518
516
516
516
538
530
394
518
510
556
548
539
530
1223
1216
496
485
485
482
486
483
484
484
490
1316
1233
540
539
606
592
252
254
576
590
566
560
540
524
513
961
855
856
301
305
306
597
589
687
679
761
932
753
935
744
983
783
775
765
539
843
531
844
521
451
450
453
331
339
323
327
324
590
952
953
954
955
1268
1161
604
594
574
566
560
588
583
571
467
462
464
463
463
1123
548
540
531
750
542
531
751
492
773
346
346
346
558
678
826
670
661
646
638
630
513
1306
927
916
475
476
477
478
465
461
456
455
525
517
508
870
868
869
574
870
843
566
557
548
540
528
519
592
583
396
398
385
386
387
387
697
706
999
1016
1017
770
771
708
630
495
481
473
1140
553
555
553
552
553
575
481
527
257
273
274
275
621
609
209
603
591
580
572
581
597
585
685
678
669
1023
660
336
348
346
809
363
370
1108
827
1109
818
1110
832
879
880
851
842
601
590
599
943
963
964
965
423
412
1018
1019
1020
690
607
596
600
606
1390
1379
1119
558
557
558
558
558
559
558
1176
1200
659
642
1199
634
625
619
607
586
682
682
523
623
270
697
600
592
561
701
693
683
674
662
706
697
811
803
794
785
776
767
429
418
419
420
421
422
423
401
402
403
801
627
619
607
503
490
556
1122
1123
1015
1016
1017
1020
1019
1020
1181
1173
1061
443
445
447
427
433
410
412
410
410
1136
1137
1138
526
512
1160
504
487
477
471
462
450
479
471
534
579
579
584
576
580
544
262
267
546
271
536
527
519
611
602
593
581
573
346
347
284
284
284
237
239
751
743
734
725
716
747
826
827
505
828
497
484
833
387
481
379
370
397
896
897
898
899
1544
971
963
951
497
447
974
396
976
447
448
450
452
437
437
1069
490
491
491
491
491
491
490
403
546
531
523
305
720
543
534
525
517
511
500
490
569
299
300
291
291
288
293
289
687
679
711
702
693
684
543
533
772
525
513
773
779
402
780
1003
272
273
995
946
891
921
565
922
544
923
535
526
518
570
581
596
572
586
1002
451
1003
459
497
513
510
510
510
513
510
509
510
512
1165
581
573
564
558
546
540
529
880
881
883
339
341
332
332
334
332
334
633
624
735
721
713
704
695
686
222
225
820
821
661
627
847
613
848
601
854
507
524
871
329
337
318
319
320
321
1186
1169
630
997
641
997
622
613
606
664
1032
466
464
464
464
464
464
726
717
569
795
796
797
798
799
1208
1200
617
603
595
588
577
571
549
541
529
378
380
369
369
369
369
652
646
776
762
754
745
736
727
567
452
284
286
617
618
606
898
548
922
555
547
941
999
1268
635
623
1066
693
1067
685
1068
677
1096
681
687
550
736
1165
1166
1167
1252
1219
637
642
623
624
628
626
628
626
628
645
645
707
693
685
676
667
658
1015
1016
1017
1018
357
363
349
350
352
369
369
368
369
741
733
721
710
868
854
850
837
828
407
880
722
714
986
702
545
523
536
514
1293
1092
629
1087
621
1088
621
1116
627
618
609
601
648
640
630
1198
466
472
456
456
456
456
456
456
456
1283
1281
1282
1283
1284
1285
862
863
869
529
282
284
276
273
598
581
573
564
555
568
946
558
548
1002
404
404
404
403
404
403
650
745
737
725
717
708
699
596
805
617
525
511
503
317
847
851
1194
1203
592
583
577
568
557
548
621
610
600
683
675
1012
1013
1014
1015
1016
1017
676
544
1094
511
513
497
498
501
499
498
499
503
888
889
890
581
566
552
544
535
939
938
939
428
430
419
444
439
440
443
446
57
450
61
451
61
653
641
69
712
67
68
674
701
83
79
720
651
696
673
91
102
95
91
103
113
98
107
114
566
111
654
118
557
123
128
132
129
127
157
156
161
243
166
250
166
170
1194
631
620
611
602
232
590
208
233
575
164
558
199
665
654
238
723
961
300
301
271
262
262
243
393
260
230
405
255
750
742
732
539
526
305
296
281
1381
1085
320
307
289
326
318
315
295
1127
1127
302
303
1134
1135
1133
344
320
1133
380
311
300
1141
322
942
280
298
541
269
536
594
581
566
432
559
576
568
1003
1004
1005
1034
405
382
370
403
369
383
398
384
496
428
372
416
707
1071
508
697
487
500
472
509
523
1109
1108
742
271
275
747
341
751
332
746
750
325
753
267
624
757
314
279
676
690
569
441
416
349
341
410
402
322
725
726
727
655
729
731
735
732
689
361
698
358
339
749
719
337
719
720
464
753
440
754
495
467
466
463
466
461
317
349
403
400
403
404
375
389
375
375
642
602
640
641
458
453
497
446
436
429
418
519
519
519
522
519
515
518
516
437
514
505
493
484
606
598
517
593
570
545
206
220
554
631
619
610
587
502
411
779
736
768
727
769
718
728
797
870
862
850
345
328
418
418
430
423
351
373
646
638
576
512
959
490
491
381
496
387
501
389
389
391
1057
614
448
443
546
435
426
436
489
1100
648
524
325
325
1247
437
437
437
440
433
434
437
439
638
689
680
663
675
503
659
495
1385
547
538
529
520
512
503
458
583
445
335
341
666
1023
678
667
395
662
653
492
507
468
1176
1168
1112
1146
1144
1145
1057
1058
1062
1060
1061
1062
430
432
433
435
410
410
412
410
408
933
459
460
456
248
249
250
250
249
250
555
547
529
521
512
521
512
1030
569
348
348
571
560
542
403
392
383
597
381
474
687
677
671
659
1218
478
550
476
537
429
533
403
446
402
302
283
312
294
1038
918
907
493
450
368
425
354
406
996
997
998
999
1000
1001
1002
997
1017
1021
1015
394
806
807
826
446
448
431
431
450
450
453
450
450
450
446
447
329
511
937
503
938
522
516
515
511
499
458
453
444
432
547
548
134
125
597
487
591
483
578
566
557
545
657
714
706
758
759
543
721
715
703
263
412
261
362
331
941
923
851
391
883
884
885
886
928
929
930
473
474
368
357
458
348
443
426
426
1033
1034
1035
1036
1036
1028
1000
447
527
512
512
512
512
512
508
511
494
513
514
410
507
415
634
565
556
548
540
720
721
722
727
496
497
498
764
624
612
765
603
599
575
567
663
815
713
707
696
822
691
818
812
800
474
952
275
277
254
257
776
660
582
536
465
457
462
1025
1026
1046
1140
1131
1083
1121
1122
454
460
606
443
433
582
424
415
1232
1215
658
1216
1217
1237
548
549
550
551
555
553
556
590
260
547
538
530
609
694
674
660
1324
1325
366
341
340
361
361
361
351
338
752
745
735
664
597
446
438
423
412
1487
437
424
217
509
517
574
504
510
493
482
465
269
770
630
622
606
614
1026
1043
311
295
1146
1123
705
532
371
357
508
1191
1204
1208
1206
1207
1208
1210
1214
455
629
460
461
462
627
604
538
525
496
485
476
467
672
1006
986
987
457
448
444
1066
500
503
501
502
501
508
490
493
700
444
570
553
546
564
563
562
550
541
533
527
492
664
483
320
323
274
282
251
527
654
265
645
928
901
929
886
924
898
947
967
968
1102
1033
1020
360
361
899
891
936
908
937
938
958
455
458
448
625
599
1000
574
1001
500
396
508
509
392
413
413
413
409
412
413
412
413
416
602
597
478
467
1197
520
511
502
496
484
476
462
441
413
451
452
456
454
220
219
173
170
608
600
594
582
591
575
702
423
402
809
802
786
777
949
950
949
768
948
1131
1083
375
260
300
301
400
408
510
478
464
431
358
350
305
920
974
975
976
1222
1004
444
436
1046
395
404
483
481
414
450
491
482
482
478
475
431
421
421
421
1202
1203
1204
1205
524
555
519
497
520
520
523
520
504
507
497
410
375
540
570
562
553
547
534
471
547
465
561
249
178
513
508
612
500
751
742
733
711
701
652
329
258
1115
1064
935
973
974
833
446
411
379
339
332
319
383
354
355
322
360
334
410
365
411
410
1108
1109
1135
1168
1169
1173
1164
1120
1110
1110
1111
491
491
469
466
462
463
467
465
466
529
521
542
508
501
488
481
471
463
460
549
442
549
545
541
531
519
610
560
150
583
574
566
679
701
671
665
656
645
635
624
467
271
255
301
1074
1006
955
513
447
438
388
375
948
378
370
355
451
447
448
449
450
371
455
456
457
1060
1099
1097
1083
1083
1087
1058
1059
1060
1066
475
586
527
455
454
450
451
454
453
454
1169
677
666
1169
654
531
532
561
486
487
529
532
610
619
606
583
595
575
570
557
598
611
584
576
685
557
677
549
676
658
406
795
808
902
799
787
778
789
934
923
798
609
546
534
317
470
1028
404
1038
1036
1037
1038
1039
1040
1041
1042
1043
456
609
609
589
452
456
454
454
563
653
480
499
476
467
525
373
373
373
373
638
639
640
541
608
609
427
416
594
738
711
694
647
641
529
294
289
221
209
1348
1343
1331
567
558
363
363
594
586
292
283
299
668
341
329
320
607
498
414
415
415
418
381
540
521
459
321
991
992
993
994
995
996
1064
1032
632
396
1061
924
475
475
442
477
449
421
437
502
490
490
490
490
493
492
495
494
551
547
257
562
553
567
548
563
543
534
897
926
927
919
928
929
844
832
379
369
361
363
363
365
735
726
509
440
423
636
415
1196
1115
1002
994
735
724
489
542
583
731
513
546
537
719
653
626
541
538
1124
1125
545
495
493
494
1185
1205
1206
436
429
1278
1270
494
470
467
467
469
472
469
416
505
497
488
479
473
461
451
509
1368
1369
1367
510
570
385
251
253
652
643
629
621
606
598
450
438
427
1082
1083
1084
1085
319
308
307
308
307
308
1249
1158
437
385
373
365
398
847
401
866
455
407
288
276
960
492
483
975
995
548
537
996
519
533
540
542
419
1114
1105
757
491
504
504
504
504
527
516
507
501
490
527
481
472
466
575
587
587
589
878
877
657
647
634
626
618
608
492
959
992
993
994
995
477
480
470
470
470
470
489
489
536
543
893
557
545
912
536
939
942
560
412
421
416
409
397
389
398
389
428
717
1049
709
700
691
682
700
710
528
520
1114
515
797
313
1232
313
313
307
299
296
296
1253
640
629
620
595
950
672
699
664
649
642
1013
1018
1015
1013
449
441
438
1387
1085
532
583
575
566
557
548
539
506
926
914
531
522
513
689
678
669
652
645
638
478
1008
1009
493
478
1087
1073
435
439
437
429
418
422
418
418
418
1147
1148
905
904
473
473
516
540
526
518
511
500
491
984
985
986
987
981
334
327
344
327
594
586
1029
577
568
693
674
662
653
419
419
416
417
711
702
604
593
495
489
481
498
819
1242
260
534
525
516
489
540
522
535
354
352
652
643
973
996
997
998
999
1000
1001
1053
1042
470
459
459
459
459
459
455
456
506
529
521
506
498
489
889
890
891
892
890
891
343
348
336
624
608
600
594
582
707
392
679
671
392
662
400
397
404
681
672
594
584
777
505
491
783
806
1143
544
538
526
517
492
557
547
538
529
625
619
937
939
939
940
943
997
980
422
427
424
417
420
412
409
410
409
458
450
465
445
436
421
814
481
481
481
250
885
886
887
527
906
536
925
530
518
511
605
348
597
396
400
396
396
396
400
184
183
676
664
654
189
572
650
475
763
484
769
1147
547
539
530
521
512
500
561
552
543
907
908
909
910
911
914
605
596
424
416
430
1011
1000
730
429
431
420
420
420
420
430
420
427
823
824
850
851
524
852
853
512
505
495
483
544
545
546
443
510
549
528
519
539
530
521
509
292
260
623
611
602
588
580
709
704
692
683
674
665
415
379
865
382
383
384
385
312
310
440
426
328
330
969
882
917
918
922
920
921
922
926
428
434
421
421
421
423
424
420
441
441
519
499
488
480
471
462
450
1046
1068
1076
1100
529
603
593
584
575
1158
1159
398
404
391
391
619
393
391
541
617
425
279
283
425
272
710
701
638
852
817
818
819
823
821
387
1377
243
250
567
558
549
593
585
576
568
471
1030
988
989
990
404
401
401
401
402
623
411
616
410
634
410
625
489
476
470
459
840
1160
524
515
893
572
564
575
565
359
358
347
606
347
597
585
519
511
893
668
891
659
1094
1080
951
483
486
483
483
483
453
254
536
525
520
508
499
490
475
467
555
930
931
932
378
365
364
366
356
650
640
631
622
610
999
1047
1021
1074
1069
1045
471
470
471
471
548
537
529
522
511
863
861
864
873
547
514
509
494
310
312
301
301
301
301
301
690
679
670
661
652
684
539
531
408
397
383
375
366
357
1060
1058
815
816
289
289
284
305
279
276
1153
276
1173
927
569
561
552
543
535
959
960
951
931
438
989
425
989
495
487
431
432
437
446
438
539
429
537
420
402
529
523
512
793
612
590
581
593
584
843
857
858
861
612
452
444
427
293
937
749
378
384
371
370
371
371
370
373
371
842
830
831
832
472
464
455
422
301
446
437
315
299
434
307
443
970
971
397
397
983
400
990
401
632
624
633
624
1028
615
606
471
471
1128
529
517
531
569
776
561
777
552
584
575
566
493
485
476
595
586
577
437
412
965
933
956
957
958
942
411
413
402
405
402
398
399
403
401
448
437
432
420
411
402
394
385
534
388
329
335
1013
1011
1012
1013
377
374
365
325
562
649
663
644
631
640
1094
650
1113
427
425
421
634
1191
564
1188
1269
620
612
603
574
554
509
501
638
626
959
960
980
983
982
741
713
696
689
544
471
470
465
462
462
462
458
467
459
1148
479
540
529
521
512
503
494
480
439
1224
999
1000
1001
1038
560
692
684
675
666
657
648
484
403
1098
433
430
439
421
420
421
421
421
423
1146
573
1129
1127
868
1490
1265
568
560
545
537
528
519
484
340
346
333
336
1028
1029
1030
1031
594
689
681
672
664
645
658
415
413
423
1104
1105
456
441
523
512
466
465
1198
548
539
533
521
450
442
605
595
929
488
482
998
686
678
669
663
467
443
459
1050
1093
1085
1102
1106
1107
1108
842
845
844
845
846
877
495
495
499
503
478
478
478
478
478
955
955
933
533
526
527
526
532
400
608
603
589
577
569
560
514
509
486
510
497
488
613
603
594
612
621
612
646
455
436
190
392
382
787
779
770
763
752
743
303
297
286
308
312
918
371
400
401
402
406
407
408
409
412
384
1032
1033
1037
1035
1036
1037
476
1106
483
517
503
503
503
503
503
1169
1170
1171
1172
1175
1174
1175
415
406
410
416
445
420
621
613
623
614
605
664
656
1257
650
522
520
1329
715
706
593
579
432
408
407
511
500
573
1433
631
622
613
632
543
525
488
678
610
342
317
773
781
991
774
991
769
760
1023
1024
779
448
437
428
1088
1089
1171
1131
447
453
442
444
429
429
428
429
481
470
457
459
451
445
433
1096
1097
1098
1099
378
384
371
371
371
568
613
604
433
463
452
436
437
441
365
431
447
359
429
1271
507
495
514
505
496
488
476
468
443
547
538
294
279
651
643
634
625
644
635
425
390
384
366
294
348
347
330
332
1454
1052
1041
1094
1082
1083
1084
1085
1086
903
904
462
464
445
446
494
480
468
457
475
467
980
1012
1013
1014
465
470
456
456
475
477
475
475
474
475
482
475
378
1136
569
555
547
568
558
548
526
539
517
508
496
485
572
208
209
651
643
634
627
616
672
663
656
318
754
746
737
361
353
347
270
379
380
329
331
301
303
296
1062
1043
1032
1072
1070
1071
1072
968
969
970
971
405
405
397
433
1009
1029
1030
1031
479
484
485
410
1104
448
444
445
446
447
450
444
445
446
505
508
411
412
708
676
479
590
579
573
561
553
543
532
526
509
528
513
624
613
604
592
587
576
416
254
255
753
774
765
756
747
738
375
367
358
346
378
379
380
381
382
304
997
918
1038
1039
964
965
966
986
990
988
989
990
422
991
992
461
492
477
475
476
477
474
478
475
476
533
515
507
498
489
480
471
463
454
563
563
523
512
506
494
586
578
571
557
540
554
437
684
677
667
658
650
640
273
265
227
246
273
274
278
276
277
278
279
1404
1396
855
847
397
388
368
362
390
899
417
358
360
361
363
977
978
993
979
996
985
1004
1005
1006
1007
418
400
453
487
479
457
454
454
454
454
458
453
48
495
49
487
478
470
460
451
486
484
79
453
444
438
439
525
517
574
566
551
56
556
547
538
296
297
406
366
358
335
710
711
765
890
309
808
800
788
793
794
795
811
812
813
814
815
381
393
394
395
396
397
398
399
456
400
447
401
438
483
454
455
463
48
47
48
53
77
77
80
84
89
89
92
96
101
116
119
124
124
128
129
134
136
138
158
163
164
165
168
175
174
175
178
198
200
195
196
198
220
251
281
319
324
324
326
329
334
336
336
339
360
363
365
368
372
372
375
376
382
369
370
371
375
373
362
363
465
489
490
484
488
479
482
486
482
448
480
443
419
551
539
530
521
536
528
519
525
517
551
524
515
574
633
628
610
534
700
586
568
437
421
737
723
539
537
538
492
479
454
358
359
282
840
825
817
809
415
880
543
459
364
860
353
346
336
327
414
417
414
414
380
369
354
408
371
405
445
433
434
435
455
497
451
439
537
526
646
653
651
652
631
716
710
687
634
626
400
416
1253
435
451
440
365
445
371
367
370
364
373
520
506
1397
1389
561
468
474
455
447
468
457
488
512
497
522
510
526
517
317
334
306
1010
1011
593
581
570
349
341
1604
1598
1093
418
438
405
439
428
458
447
438
424
412
478
393
413
478
562
513
551
534
522
510
499
566
491
498
429
648
656
590
571
547
466
399
651
208
657
653
704
637
610
526
462
717
817
779
771
864
865
782
341
342
344
332
1266
1147
851
410
410
397
1211
452
441
429
459
383
372
347
456
511
499
510
491
476
468
459
451
438
591
585
570
452
422
410
589
403
404
536
535
536
550
646
509
480
490
916
668
479
606
618
607
520
467
387
370
370
339
257
1023
445
419
411
715
690
1037
616
540
500
386
387
384
385
287
288
1160
1120
475
467
481
1172
1080
1086
1087
504
495
411
403
394
453
457
400
403
402
408
406
405
406
1228
1215
811
849
834
716
541
507
499
490
481
472
463
436
422
563
451
452
560
221
709
516
499
622
493
618
469
610
605
594
886
366
467
296
460
389
729
549
894
523
496
460
949
938
446
507
393
446
384
366
539
474
416
417
376
368
362
390
1070
1022
2373
1078
2433
560
561
562
563
564
528
557
558
559
569
560
551
594
544
535
529
586
578
643
374
372
376
376
375
376
846
935
1327
978
494
483
920
474
465
456
893
854
538
542
476
576
577
501
502
503
333
332
333
579
571
989
989
990
690
694
656
608
602
657
412
2969
2970
464
470
471
472
475
1187
1148
3072
900
901
902
609
608
592
584
575
3185
3181
676
677
653
654
655
646
472
473
678
669
660
715
567
1065
563
736
552
486
488
780
609
579
777
685
580
537
446
444
445
449
447
448
449
455
1256
510
502
493
484
475
466
458
406
675
1345
1086
1074
1075
1379
1115
1104
403
399
400
401
404
403
404
384
375
1164
1164
471
466
454
448
436
427
450
399
391
490
491
494
440
390
462
220
232
458
450
441
432
547
539
872
620
621
563
336
335
651
674
675
657
1299
1009
3531
3523
808
800
788
382
371
374
363
357
487
552
553
3670
482
485
475
466
455
437
490
431
418
505
506
498
547
487
452
455
549
444
493
487
577
473
462
454
447
582
570
490
490
627
603
491
586
505
541
542
580
577
550
267
727
713
875
650
863
515
686
383
372
517
527
525
984
972
450
450
505
474
480
431
643
651
1028
508
500
618
566
441
556
525
1123
1112
596
563
545
407
400
400
1192
1193
1194
3091
3118
532
521
1281
512
559
462
842
454
605
519
520
521
525
530
524
525
1399
533
561
552
546
534
526
517
509
608
606
607
608
592
577
552
553
461
635
734
738
628
729
604
724
716
801
1215
1114
551
373
374
375
376
350
818
704
628
601
482
432
938
1352
1312
1142
1142
1129
1036
346
348
348
339
633
562
553
367
1375
1233
1139
3280
379
367
725
536
461
525
526
467
545
565
566
596
591
579
570
561
555
647
639
627
552
544
553
544
663
532
521
671
442
583
599
539
494
446
463
452
613
564
491
754
487
647
633
584
480
266
439
634
615
533
489
490
288
349
292
351
1009
1010
956
1169
1041
496
373
365
424
338
344
3734
1119
1162
1154
3830
492
1218
1219
503
1238
560
561
562
563
566
566
570
568
461
462
463
464
465
644
619
607
626
617
609
600
539
531
526
513
506
589
590
591
580
481
484
485
484
462
1511
965
653
618
648
607
641
583
638
582
632
421
358
228
1040
953
720
649
653
493
501
434
286
278
1130
1044
3534
412
390
387
376
391
437
438
442
440
397
398
1195
526
518
1228
1229
1229
1267
548
539
524
516
507
498
580
584
582
586
584
585
401
392
390
1265
712
604
595
581
552
464
452
496
344
340
340
346
343
348
1391
1361
862
847
563
554
825
620
621
622
456
623
624
4011
509
500
491
482
473
306
296
3351
358
361
347
355
339
351
340
336
1081
878
752
719
4224
771
483
3542
530
541
523
511
535
507
498
486
535
557
558
560
560
561
549
595
567
771
598
759
759
818
807
793
738
406
399
394
3000
2271
2309
491
494
482
883
901
618
591
579
565
388
386
385
386
1752
665
654
639
448
440
434
422
1366
528
529
475
463
529
456
518
507
525
516
505
567
500
560
712
713
649
477
202
197
572
563
700
638
631
621
566
558
839
770
747
739
1349
351
369
356
370
256
1451
465
867
985
986
1128
1019
1539
542
531
541
717
687
631
455
618
603
605
609
606
607
539
1314
1329
725
557
718
466
1220
1221
1247
555
583
547
693
535
616
592
580
615
616
577
567
613
558
795
685
643
635
679
624
672
618
664
609
721
666
714
702
671
574
509
471
798
630
766
873
858
636
641
744
576
536
259
872
256
253
363
434
1053
1044
1023
1092
316
313
208
204
201
1004
993
373
370
369
550
484
1344
436
449
502
353
353
351
352
353
356
344
362
280
1472
1345
636
487
484
483
468
460
485
458
449
437
488
437
445
446
491
486
541
478
534
468
527
463
511
481
465
434
516
568
514
483
869
567
556
536
557
552
550
549
553
473
999
984
627
399
531
392
520
402
1065
1066
1033
972
960
456
583
466
447
983
983
499
487
1037
447
408
366
367
276
1090
596
585
575
509
2036
545
2011
2009
2010
2011
440
365
350
371
349
299
2075
2076
1266
702
694
710
656
549
469
455
457
2202
1570
506
488
491
481
486
468
456
474
1514
1502
504
495
481
467
533
524
467
514
626
606
606
598
583
597
602
592
582
565
630
576
497
674
686
651
605
479
705
206
699
716
705
697
650
524
735
829
821
806
795
511
318
306
307
328
329
304
292
326
1307
1124
596
403
392
407
381
370
401
390
400
388
323
424
316
288
422
279
413
449
440
445
437
496
425
418
408
396
515
371
372
464
207
470
402
403
339
595
501
513
792
641
495
634
489
618
815
506
499
617
363
789
573
790
525
347
502
503
302
437
435
388
974
961
895
375
376
249
250
615
453
605
563
515
969
489
587
478
470
528
349
397
384
385
381
380
384
371
1120
1104
380
716
460
451
442
433
449
428
420
411
399
494
495
473
422
398
399
402
381
380
474
460
442
537
416
537
524
517
488
860
807
293
559
284
547
297
342
288
343
280
977
921
663
428
420
557
489
526
453
391
382
499
420
523
425
528
529
532
531
532
533
970
997
532
521
492
481
483
484
485
489
487
554
542
422
350
1119
1120
1121
1188
2625
1272
549
550
551
552
553
554
555
561
547
765
754
746
736
618
607
599
590
581
1402
2836
583
581
582
268
701
692
735
665
728
642
634
788
1233
784
771
762
614
428
426
427
428
431
430
431
432
359
1345
497
489
480
471
462
453
446
439
477
475
476
320
326
583
1180
1129
1130
1135
1132
1123
605
597
587
402
400
342
1573
1405
1317
1266
756
299
302
298
549
538
527
483
458
3420
3424
3422
3423
3424
3425
520
507
409
401
389
3620
497
505
3585
506
494
514
504
505
521
513
561
578
567
555
417
394
397
383
371
360
402
387
381
3139
3131
1670
460
449
437
426
419
408
400
391
498
487
488
489
490
491
556
546
533
521
569
557
549
598
587
575
565
552
363
907
304
306
306
290
297
286
274
263
499
491
388
380
368
359
1080
1069
419
439
454
442
452
437
426
508
496
525
436
519
506
495
483
568
514
371
331
529
597
661
653
644
613
641
629
458
444
448
372
333
333
1359
735
506
1229
1230
1231
1491
548
512
1305
1306
935
937
1384
1361
996
528
517
523
521
522
520
515
515
537
478
464
450
432
540
528
517
614
595
607
586
580
568
556
589
574
659
560
543
650
639
627
617
688
434
310
781
269
770
269
757
272
753
220
738
571
781
773
532
417
349
1015
1007
324
949
950
1046
982
976
977
398
454
437
429
421
408
416
469
460
466
461
444
466
516
482
494
483
483
366
1143
1144
1145
1170
463
449
477
474
474
460
461
445
419
408
401
534
520
534
543
530
521
509
501
489
478
463
585
573
562
583
356
344
316
630
619
607
668
663
651
641
629
415
745
932
263
923
295
296
297
234
513
486
324
326
320
311
320
1069
1052
1041
1029
353
354
345
351
1102
980
981
982
408
400
385
418
1024
1051
431
428
431
432
419
420
426
423
464
382
457
441
434
427
415
403
455
445
500
437
426
493
482
480
469
336
512
500
567
555
608
231
601
233
578
595
223
578
829
291
292
286
286
655
522
490
356
334
326
311
303
352
968
960
898
408
375
307
388
414
436
452
440
434
345
1015
959
552
529
998
999
1000
1001
1091
1035
512
463
463
468
472
445
445
447
452
495
464
456
447
438
503
516
473
459
447
517
508
491
480
512
501
489
558
547
587
576
876
877
847
298
291
288
292
299
299
303
300
301
299
706
697
688
546
681
372
1044
1000
885
417
409
400
391
385
373
432
272
274
491
543
482
535
526
970
971
972
451
443
347
1056
1048
1026
407
413
394
394
425
394
399
396
356
364
746
460
449
440
783
431
422
407
459
470
506
477
478
302
876
904
356
336
638
624
616
629
686
687
639
630
703
370
370
370
370
368
367
319
623
808
1110
578
558
560
478
1168
949
920
489
427
521
519
525
526
527
585
576
567
561
549
535
527
515
507
559
671
663
633
630
631
711
703
691
310
686
674
1114
886
737
899
490
478
834
470
479
467
861
383
387
387
1291
1062
471
992
993
503
512
498
498
498
498
498
530
345
528
520
550
518
506
497
575
555
546
428
428
403
601
589
580
1202
1203
1204
1207
1207
1252
768
389
378
380
370
368
369
370
612
603
594
621
615
604
441
416
434
1384
890
489
489
489
286
275
515
506
519
965
967
582
985
574
986
569
560
552
579
452
437
416
416
416
417
416
684
678
1137
1138
977
695
533
519
511
502
493
484
796
479
467
1243
335
343
340
332
917
917
918
681
673
661
652
644
635
561
957
738
441
441
476
1070
1062
548
540
849
531
516
526
880
879
879
469
468
469
470
460
449
449
449
449
672
638
648
971
987
1267
1077
593
593
593
609
668
660
651
642
633
624
570
557
549
751
907
888
312
311
312
650
641
629
816
801
793
784
772
871
1023
1022
905
417
639
631
614
606
589
490
983
1181
1168
541
560
570
570
570
570
570
621
603
595
1121
1126
1123
1124
1127
1130
635
626
617
609
600
654
645
636
518
826
800
1270
792
536
539
529
526
526
526
528
522
523
1390
604
590
582
573
564
555
546
538
1028
1013
1014
1015
417
421
1042
419
720
713
703
694
685
676
582
1098
1099
441
443
1183
1168
492
492
492
494
492
492
612
604
618
555
289
297
946
947
948
954
583
575
566
559
551
539
600
390
390
390
384
380
379
381
689
1082
1083
1087
804
708
699
690
681
496
485
477
487
1202
299
301
301
901
902
907
617
925
611
563
569
953
693
683
980
413
443
433
433
433
433
433
779
770
761
752
643
525
527
540
880
1240
1171
567
321
323
320
317
321
983
986
985
661
647
639
633
621
612
600
676
668
404
393
383
1094
1090
1089
820
789
759
750
742
733
526
830
541
831
832
1227
555
322
328
627
618
609
600
657
589
599
969
970
428
418
406
406
406
406
406
406
442
762
753
738
730
715
654
510
828
1189
1160
348
338
338
598
574
593
557
571
549
541
535
47
47
47
48
47
54
1000
51
1000
1009
982
967
711
84
91
966
83
94
92
102
79
98
115
99
477
125
477
136
481
530
476
485
757
735
137
751
123
141
143
149
152
160
174
797
104
174
570
586
562
553
813
1195
233
231
235
219
171
242
239
169
184
915
225
205
221
209
196
378
377
197
218
376
197
155
215
241
241
411
218
241
211
703
175
180
170
713
690
1001
1027
232
1028
1026
232
222
823
826
229
220
225
194
231
186
504
755
261
253
247
879
1074
864
864
1083
976
881
912
295
288
262
279
300
257
291
295
284
286
333
936
949
325
931
391
316
333
304
799
791
657
778
767
395
408
386
697
698
699
700
329
702
698
744
277
278
616
744
265
275
274
265
270
356
274
1367
309
290
1357
279
321
313
298
688
689
690
691
692
328
694
825
851
239
826
629
627
628
629
633
633
440
720
663
1260
926
419
407
943
831
687
783
425
488
320
349
323
756
397
394
398
393
378
379
400
401
402
403
407
405
406
226
216
442
632
462
453
444
435
448
433
519
424
345
253
256
245
640
632
749
623
606
673
817
806
466
472
671
665
373
376
572
534
502
338
338
338
444
258
554
364
356
347
498
486
286
875
876
877
918
907
387
374
410
390
318
553
310
554
613
623
1032
1070
461
457
458
462
460
461
468
464
462
719
504
498
486
509
481
493
483
690
474
583
502
506
345
347
233
240
1107
830
980
903
827
828
686
619
678
670
790
776
900
883
793
337
338
411
368
1362
1259
1159
1065
961
939
991
749
536
1010
1034
1035
1036
583
530
530
533
531
532
533
501
502
568
560
530
555
546
537
565
563
564
558
419
422
421
422
573
612
599
582
560
532
501
493
481
622
596
362
180
184
675
666
658
649
643
408
390
372
905
1083
1060
971
934
1127
1012
325
331
283
241
392
333
434
390
1097
377
355
342
1129
1121
502
1162
1163
1164
384
425
433
459
460
447
1267
1250
520
1290
1267
1267
1268
1269
1270
1243
1244
523
526
508
507
511
508
513
508
510
1294
592
575
570
546
562
553
545
532
497
624
624
428
624
583
587
579
535
527
488
664
651
722
717
705
406
177
700
691
684
498
449
372
809
803
795
417
378
365
351
308
247
1166
1093
1011
385
377
461
342
485
481
1087
1125
567
568
569
570
547
551
549
528
469
1181
1185
1183
1184
1173
1174
497
497
482
488
422
422
422
418
419
533
516
1288
691
511
512
538
467
465
509
510
784
725
624
616
601
594
584
579
567
610
328
618
604
689
594
685
593
683
570
669
689
478
461
426
836
828
921
819
828
819
948
972
973
999
392
365
1058
997
998
999
941
1000
558
1001
476
449
410
402
412
1057
487
489
486
486
613
611
590
408
581
431
427
428
429
521
715
683
642
469
567
685
686
687
637
520
638
639
513
503
1311
306
300
298
290
278
272
301
287
678
667
649
662
653
663
388
397
388
372
360
395
629
1488
496
292
476
363
315
304
489
713
481
630
591
538
334
534
424
1615
1099
1072
1110
1086
1087
1088
1089
1090
997
388
369
369
353
354
526
1066
437
417
1067
401
392
445
445
448
445
445
445
279
276
281
466
457
451
439
431
422
487
478
566
552
697
391
389
382
418
990
779
473
457
466
632
455
624
448
515
443
290
291
282
572
557
549
336
802
822
354
823
824
893
893
894
895
896
947
930
447
941
477
468
487
459
474
678
570
588
578
571
572
570
574
573
577
574
292
283
553
544
535
682
837
970
779
771
685
394
395
379
202
198
195
187
187
759
601
589
452
467
445
439
424
601
1140
1126
657
332
329
643
326
326
321
623
567
262
631
254
365
1037
1015
1016
346
347
292
705
546
538
503
1085
482
1108
1109
1128
1187
1173
426
546
522
1221
1222
913
914
577
521
489
489
492
489
485
486
490
990
552
544
535
1037
860
581
550
538
538
540
539
543
561
561
417
668
648
662
627
619
607
598
583
562
287
288
592
565
834
844
845
864
865
735
623
728
611
725
390
953
1059
1048
1000
980
974
963
973
1026
1045
1046
439
438
413
413
400
365
401
366
474
467
463
455
1066
446
437
1118
702
1181
1179
642
1143
606
1134
593
485
486
425
411
413
413
411
411
664
605
466
469
466
467
456
311
315
1393
564
550
543
533
524
515
566
538
533
475
445
437
576
567
558
292
297
279
281
194
727
814
792
785
797
1008
1009
780
771
432
1215
1111
1100
393
336
337
419
545
537
1166
1190
529
1191
1177
1002
1003
533
449
441
457
537
571
438
430
430
430
430
1115
1147
1148
1149
1150
532
521
516
504
495
566
553
529
526
529
530
530
534
360
572
561
546
551
540
547
536
522
755
440
568
133
135
582
513
495
637
763
631
617
608
515
939
933
925
884
812
963
831
964
942
302
287
248
1164
1147
527
482
474
1062
421
427
398
482
369
450
438
302
480
355
485
1239
1117
1155
1156
1157
1158
1159
1160
571
420
1175
1148
476
602
603
591
522
514
511
511
511
514
514
513
484
487
539
530
521
512
499
507
499
461
453
569
569
558
391
514
393
471
398
131
520
588
492
583
475
580
452
574
562
208
166
768
778
894
840
841
842
621
810
801
310
796
787
384
349
1076
1047
1009
937
387
349
296
999
1000
375
358
358
531
1059
523
1060
1083
1084
524
1045
1044
455
454
455
458
455
454
455
455
456
512
504
498
486
477
468
461
470
634
432
521
461
462
465
452
569
744
745
566
555
746
652
545
648
574
804
633
793
644
333
333
261
263
234
823
811
803
917
908
890
882
533
1045
774
734
608
469
470
393
345
350
1212
1204
1169
1113
707
637
604
599
584
1171
1172
1173
1174
1212
1213
586
1250
1248
1249
1250
1252
1256
494
419
506
498
489
480
471
462
451
442
467
404
393
381
375
501
489
483
472
463
476
629
464
653
498
676
486
677
701
702
745
745
701
759
751
914
891
866
736
760
502
771
817
806
807
555
457
460
412
397
378
899
913
894
523
555
502
490
518
499
458
315
317
317
233
328
239
628
639
1153
1172
596
1156
1153
1153
1153
639
622
593
440
433
387
390
359
1255
1255
1254
1255
1239
1243
1544
1471
1467
1420
494
425
414
415
404
405
526
406
511
503
409
581
561
537
546
634
632
556
629
642
547
551
531
523
694
691
691
691
674
653
576
567
558
570
747
403
733
372
374
753
501
416
415
415
421
874
891
958
949
918
907
892
579
567
559
536
307
296
954
422
414
395
369
273
275
235
383
371
295
1228
1220
1140
1131
1100
349
345
347
341
334
353
342
1185
1183
1184
1185
1186
1187
420
412
403
1248
448
449
434
435
422
408
396
385
378
507
488
474
467
454
443
431
420
444
430
532
520
497
445
516
486
483
283
271
237
548
540
362
554
545
536
704
690
678
667
691
681
680
477
486
465
397
454
422
759
350
338
328
890
882
873
863
851
440
429
386
387
420
406
381
382
303
322
324
297
315
454
377
359
348
1174
1132
1125
388
377
370
359
324
313
301
445
257
242
439
231
424
421
412
404
423
414
402
392
379
371
351
340
328
340
329
319
309
296
285
273
263
250
396
397
404
411
400
717
724
713
701
361
462
451
723
439
447
750
453
769
410
386
409
386
359
360
361
915
904
895
881
869
506
498
988
510
976
965
520
973
979
522
1091
1080
1068
1057
1046
495
483
475
479
398
404
325
331
1879
1880
1906
1907
1911
1908
1899
610
606
593
578
504
427
2011
2002
481
443
439
439
432
433
423
411
400
517
469
473
461
449
440
443
431
420
1493
1480
510
496
484
454
473
466
591
579
568
525
514
625
614
602
591
585
423
393
640
629
472
437
725
698
692
678
330
463
492
794
782
773
764
750
407
396
384
430
419
420
407
350
374
376
369
369
361
379
301
303
294
501
490
1914
1174
1097
483
479
493
482
404
404
390
381
372
451
444
442
443
444
446
450
399
388
488
451
442
433
448
434
440
447
448
444
432
415
426
567
559
513
501
493
491
492
481
378
351
306
650
637
624
645
632
624
764
461
752
285
475
287
330
331
332
333
536
322
524
256
516
916
905
893
885
876
871
473
457
441
1708
1709
404
1184
1185
563
428
416
438
426
571
494
1860
1312
1313
1314
1883
1875
542
544
488
491
491
491
491
487
679
668
654
615
1384
1373
616
617
619
623
619
483
603
844
494
706
701
689
680
671
690
685
673
647
632
622
614
742
734
426
783
774
766
757
522
476
456
448
829
911
904
292
896
293
886
342
317
347
348
327
353
356
939
461
442
416
406
393
379
1189
1177
1177
1120
1215
413
415
413
415
414
416
1204
1202
1203
1204
1205
443
449
449
433
437
345
345
341
347
532
518
510
524
525
514
524
532
451
452
453
453
453
291
292
466
1406
771
684
676
547
536
525
516
507
501
476
433
470
453
611
597
588
580
666
658
648
640
590
498
638
273
629
274
408
302
303
730
721
378
370
358
349
375
376
377
351
346
345
1027
1028
1029
1030
1057
1084
1084
1085
977
981
979
980
981
484
470
491
491
497
494
491
492
491
492
500
491
1075
544
508
583
577
565
556
547
540
533
521
509
529
626
615
606
677
669
660
651
642
642
652
306
662
540
325
348
743
415
409
398
389
417
418
419
420
354
355
349
340
353
1442
1433
972
418
410
401
392
432
457
396
402
1058
1059
1060
1062
1062
1063
1064
1062
1063
1127
492
493
493
492
484
481
480
478
484
1171
1172
588
567
559
550
541
532
523
515
502
596
510
292
553
694
689
780
681
669
719
659
651
621
696
544
530
809
347
833
349
834
553
840
837
852
549
519
383
1081
1073
1092
1030
1035
1032
1033
544
598
598
598
602
579
571
571
573
620
611
602
590
582
665
577
568
560
652
652
565
652
652
696
694
652
679
662
676
341
339
834
243
245
822
830
705
797
886
784
772
887
632
324
317
928
919
907
900
676
601
588
380
381
610
582
1027
1025
1026
312
318
312
318
625
498
490
484
523
476
514
506
497
1184
1170
1165
1153
1181
1182
1183
1184
462
468
464
467
463
464
466
484
481
477
463
1291
1293
605
591
1319
583
565
555
582
510
503
432
308
611
558
549
532
524
619
416
732
724
942
715
706
697
979
969
970
505
480
469
337
1049
876
868
426
429
417
418
419
420
949
952
951
952
953
956
955
950
970
512
965
504
947
496
541
539
527
528
529
530
520
521
524
593
573
551
519
541
590
591
592
595
594
601
667
583
643
575
562
546
641
633
713
264
265
808
803
795
786
777
765
727
571
903
904
854
532
351
897
351
529
920
921
922
923
540
525
511
503
968
965
961
432
962
1090
1061
1053
1044
428
429
529
432
525
526
545
546
547
555
547
538
532
520
511
526
517
620
508
499
490
601
636
637
638
642
640
501
750
694
743
707
711
563
712
528
516
426
369
373
371
372
280
867
848
840
919
858
920
849
921
544
538
524
504
494
411
414
411
415
411
413
357
1065
1048
400
462
179
525
511
503
494
485
476
467
1130
1131
501
404
309
1231
1232
656
687
679
670
683
1273
674
1274
1298
694
606
1328
482
468
453
453
456
456
486
661
497
541
488
524
484
478
466
514
1513
1504
984
985
986
987
986
989
608
596
587
519
521
424
517
516
516
516
1112
522
449
604
596
587
578
569
560
552
572
657
568
671
675
709
704
459
352
354
354
351
789
780
772
763
757
745
1010
1011
1012
790
1032
575
1033
893
591
582
491
494
1170
1149
1141
488
477
477
477
479
477
429
1045
1049
1047
1048
1049
1055
1085
580
572
557
549
480
481
590
370
356
333
642
645
644
645
550
532
645
658
679
664
655
639
628
618
734
283
277
276
277
762
753
744
735
564
551
889
875
885
876
867
940
876
511
944
339
345
339
345
1119
592
558
569
1071
1090
1091
578
594
589
466
458
434
483
486
418
418
1290
1209
1223
1218
1217
1216
1217
1213
568
586
578
1251
557
557
537
537
1336
589
589
585
588
589
474
580
581
559
657
677
653
640
631
622
648
609
704
603
593
583
571
398
368
332
333
937
932
932
853
931
939
863
855
884
844
830
822
343
345
347
349
1227
978
1036
997
1022
1023
1042
674
1020
727
704
715
706
1084
712
1109
531
531
527
528
529
743
591
1367
1359
1259
625
621
619
620
621
496
494
592
349
707
689
678
667
658
649
668
660
703
648
624
614
609
728
720
321
322
772
762
752
743
562
542
531
815
810
905
897
888
879
71
451
452
441
553
526
518
501
476
1290
1074
1066
153
1103
1104
1105
1106
1107
479
480
472
475
480
475
455
455
501
515
493
475
470
483
1190
1191
1192
1227
1228
118
562
1245
1246
552
552
541
542
543
544
545
545
545
1358
608
625
604
649
650
651
652
653
654
787
788
789
790
710
711
704
426
695
427
686
677
669
452
453
454
455
456
457
818
810
798
789
781
772
513
1014
1005
997
906
656
648
636
47
47
47
48
47
50
51
55
57
59
63
67
69
87
90
93
95
98
101
105
99
126
129
131
131
134
134
142
143
143
170
190
230
233
237
241
242
244
244
244
251
262
264
296
335
336
343
341
344
346
351
353
352
375
376
379
381
382
415
415
408
410
404
406
398
458
462
463
386
384
385
391
388
397
495
488
499
479
470
461
460
461
462
463
389
373
567
561
550
541
349
593
604
508
503
607
487
599
529
521
443
424
412
571
572
309
298
289
281
798
789
648
559
443
443
447
445
446
446
450
450
449
579
431
563
428
417
408
399
476
461
533
448
449
450
258
263
488
480
987
486
988
627
494
646
667
360
366
718
719
721
722
722
1169
1161
1182
1170
1232
1223
500
503
354
521
525
543
579
567
556
598
404
693
685
1393
671
596
597
596
532
427
424
424
424
425
427
424
424
426
784
684
628
617
1550
1544
1533
527
490
582
571
562
553
555
551
551
543
548
570
561
570
548
566
474
521
470
485
448
510
523
293
563
587
561
818
807
935
798
793
781
990
1026
1226
1215
1052
453
349
338
371
402
391
552
516
488
480
463
1225
1109
531
532
460
533
534
553
554
1264
544
614
612
608
564
481
481
414
414
1284
1285
1286
1274
535
527
545
537
513
513
513
513
515
513
512
1383
913
568
467
623
606
598
589
580
571
562
557
539
644
639
562
632
505
627
617
586
658
249
245
777
772
760
751
742
752
412
973
996
1081
1070
370
362
494
423
1102
1071
1043
1043
1205
462
568
566
567
454
572
459
577
464
611
1161
1162
1163
1164
1165
547
532
686
546
549
695
659
620
554
545
546
1276
599
673
664
654
649
637
622
681
684
681
670
577
578
630
617
618
707
658
647
704
642
630
611
707
699
793
765
896
884
875
864
855
846
613
205
344
215
815
806
668
304
291
283
274
389
1062
1063
1064
1725
1229
1221
1125
333
329
334
342
332
1154
1155
1156
1127
1127
1127
1117
1118
1119
414
405
411
378
389
459
389
451
389
439
472
459
448
439
430
460
456
457
459
456
470
453
444
433
424
412
408
395
386
377
503
258
259
559
551
543
530
522
513
356
325
322
215
204
699
692
682
673
692
683
336
328
288
280
327
318
870
861
391
392
393
394
395
396
399
398
399
419
420
343
349
347
353
979
970
1007
1008
1009
1010
1011
1012
1013
1014
1034
1035
1036
1037
461
463
458
458
458
458
458
465
458
395
384
372
373
374
375
378
494
482
594
586
588
580
571
563
553
529
521
509
497
514
619
608
599
588
582
572
322
297
553
542
293
212
325
326
386
359
800
786
778
772
760
751
317
338
324
312
295
361
349
350
300
351
340
393
1179
399
1168
367
1079
1071
1094
1088
1089
1090
1110
1111
1112
1113
1114
464
1116
468
475
466
455
474
425
471
426
529
524
506
481
481
457
444
433
421
436
516
584
558
547
538
527
515
492
484
469
590
530
579
518
568
507
558
575
498
529
617
331
287
527
264
280
716
705
693
682
670
333
754
743
441
427
401
390
809
366
352
461
935
388
374
931
918
375
906
895
451
372
437
370
316
316
328
331
487
472
458
356
280
395
387
375
366
349
340
338
339
1252
1219
340
1209
330
300
286
465
456
450
438
454
443
422
419
585
439
607
448
437
423
450
668
669
670
652
667
671
637
672
660
719
755
724
431
390
336
316
288
288
536
528
495
488
461
453
332
303
876
866
857
849
840
831
450
389
293
299
1682
1683
1684
1685
1676
543
533
516
484
361
367
1793
1813
1807
1808
450
372
374
522
511
481
415
1262
436
425
426
1246
1262
428
611
433
466
454
478
488
484
475
469
457
553
449
440
553
568
493
572
570
510
491
611
580
572
538
438
428
422
660
473
697
686
324
325
326
327
775
731
723
714
429
408
393
398
399
400
335
287
888
959
879
960
355
1066
1033
434
436
392
993
994
995
996
997
440
433
434
439
427
419
420
421
422
478
478
487
457
449
440
435
476
477
593
383
387
385
385
384
385
390
385
384
587
576
431
423
414
408
400
387
363
1271
797
747
356
364
350
510
490
482
559
551
220
209
481
458
635
625
616
607
601
589
319
331
323
314
904
908
906
907
744
748
384
330
315
307
298
289
280
1028
1053
1045
1029
455
458
447
432
432
432
434
432
432
504
949
938
942
466
458
541
531
523
513
527
504
495
334
341
339
346
458
371
435
446
698
440
428
472
1169
485
729
797
510
516
375
592
398
387
383
594
886
887
888
889
890
891
895
1370
958
975
764
779
780
781
549
428
544
539
542
544
543
547
629
551
616
608
589
581
572
563
554
545
526
601
445
664
662
720
583
711
655
646
634
773
812
732
813
724
829
293
281
281
268
780
639
341
334
333
322
331
350
953
927
919
910
901
534
489
481
1090
408
364
565
557
492
477
468
456
1174
1175
1176
1177
1235
1227
449
436
455
442
1252
1253
1254
1258
1256
1257
1258
1259
496
488
1279
479
470
461
565
565
565
565
565
567
487
565
567
570
609
585
586
323
580
571
697
683
956
696
684
955
622
610
754
278
279
274
785
776
767
554
524
522
502
370
361
353
357
348
336
379
387
388
377
354
370
371
1224
313
319
308
365
523
514
505
1092
1096
1094
1096
1096
1100
1097
1098
1099
398
390
1163
1147
375
367
358
454
456
401
450
450
415
461
510
505
505
274
276
265
265
591
639
1255
634
599
604
596
853
857
295
304
286
279
280
283
663
560
580
465
454
446
464
456
385
367
353
1480
1057
898
434
435
475
466
457
440
523
515
506
497
489
969
965
542
1029
1033
1016
1017
748
764
1012
1010
1113
450
452
441
441
440
868
488
474
466
458
517
517
516
514
517
516
537
528
521
511
502
493
936
443
310
298
671
663
654
645
342
367
997
721
739
730
603
592
399
285
463
442
291
290
460
466
421
1163
1139
880
526
497
921
917
949
950
951
453
449
443
469
466
463
449
518
449
512
501
492
483
474
563
1062
526
492
483
474
468
457
392
384
350
647
638
629
1159
617
609
392
871
1251
929
351
357
358
355
350
364
975
1001
963
850
851
839
839
840
841
396
405
391
391
390
391
390
393
922
392
949
944
487
472
926
465
456
446
437
512
476
552
553
461
518
218
217
544
533
524
727
661
668
653
669
568
554
693
654
643
634
622
614
381
744
767
375
768
759
816
917
817
849
418
407
407
406
407
408
409
410
411
457
450
442
431
422
427
417
409
578
511
556
353
354
355
506
356
335
276
501
494
572
564
338
1097
1090
815
769
1159
1160
319
322
314
833
790
1216
553
544
552
543
1247
375
512
1303
1330
1331
476
464
465
492
514
503
541
531
519
509
509
525
501
568
569
388
606
390
595
383
1155
1083
1084
1085
1088
1087
1204
1132
489
495
495
1169
1170
1171
492
494
484
476
470
458
444
433
421
557
507
557
501
490
558
558
557
563
568
510
499
591
579
395
525
513
628
617
606
436
429
375
725
736
1056
722
1057
714
707
503
498
538
526
346
352
388
373
368
383
1218
390
460
428
422
864
855
523
495
481
483
512
513
514
466
467
470
367
369
522
511
427
416
1192
1193
1129
1127
1128
484
486
432
1450
412
1261
384
1188
1220
1243
485
485
485
485
538
486
434
569
424
527
422
409
551
539
530
521
514
501
489
478
466
608
594
582
570
176
524
646
635
625
612
600
456
426
418
419
721
709
260
705
696
286
275
260
317
863
836
1167
385
371
323
323
324
325
329
327
363
379
383
345
347
349
1105
1305
1149
1141
443
1128
438
1129
445
411
417
394
400
390
395
485
506
517
495
1247
1248
1249
1221
1282
551
543
532
521
509
498
486
475
476
602
611
598
597
590
581
567
555
544
548
486
678
667
655
593
644
570
370
553
672
655
751
739
728
402
716
392
444
713
347
787
803
479
468
419
400
809
291
272
903
894
885
873
863
343
324
313
298
343
328
351
381
369
370
325
329
322
323
312
304
1296
1156
1148
422
410
399
387
379
374
361
352
342
341
444
409
494
385
385
401
284
377
371
360
382
373
579
565
374
429
420
374
409
359
399
396
641
660
661
662
710
683
719
643
578
720
416
405
765
766
454
449
455
456
446
450
448
453
885
874
862
477
377
418
419
420
413
414
415
301
303
291
992
980
969
957
973
560
1814
1815
1816
397
1870
1871
380
1872
385
656
1878
643
633
639
506
496
401
395
2047
2025
435
421
345
346
336
340
322
594
498
1401
1393
1378
571
559
580
548
540
530
577
592
515
504
530
616
617
618
619
620
621
385
387
376
572
555
708
697
669
475
467
743
458
781
800
788
341
339
239
241
232
562
548
857
846
834
452
441
432
421
941
930
361
306
564
549
447
453
459
386
382
375
386
372
372
398
1278
384
1267
391
1220
1221
1196
498
487
475
503
471
496
520
503
1213
1214
1215
1216
1217
1312
1304
452
454
445
447
431
433
431
432
431
488
474
457
452
440
431
502
501
502
501
832
408
495
436
409
410
411
400
538
549
540
541
540
532
501
490
538
533
512
651
630
619
607
432
669
657
645
457
443
393
732
285
821
812
803
794
785
777
380
321
357
542
511
480
369
353
337
329
291
1019
1231
1217
354
1057
352
359
354
357
392
384
375
1099
1137
1167
1168
1169
1170
1171
475
481
468
474
424
419
419
419
509
498
474
474
474
474
474
400
376
379
1315
672
692
683
596
588
573
603
626
604
315
617
611
599
591
579
570
546
669
683
669
661
654
643
420
412
400
731
314
315
836
828
819
825
816
432
410
353
403
384
354
375
407
408
342
344
306
310
1056
1045
411
1082
1086
1052
1059
1058
1056
1055
1064
412
414
452
456
457
457
460
456
457
457
459
1185
543
557
549
540
531
522
513
505
340
342
330
330
333
582
670
662
656
647
635
626
525
392
1446
865
449
449
445
446
488
534
529
517
508
499
480
472
568
557
294
296
525
641
632
623
614
473
465
1041
1042
1043
1081
1082
1083
1134
1112
465
467
453
453
453
455
453
453
1184
1184
1185
884
887
887
565
545
530
523
510
502
494
484
384
972
612
612
595
561
559
443
662
484
705
509
497
488
719
739
739
729
720
729
720
711
577
799
498
803
376
376
570
542
433
433
446
435
926
388
445
1329
1015
995
495
490
491
492
493
496
504
505
547
541
529
517
509
504
491
482
473
1145
695
1146
687
1134
374
696
1124
1139
756
724
689
728
719
704
550
513
495
484
397
384
381
381
382
879
880
575
454
443
435
429
417
487
488
487
488
487
1458
517
508
249
255
490
504
485
1061
1062
636
625
1063
616
607
598
1098
617
540
529
480
1162
1163
1164
438
446
427
427
427
430
1257
1249
866
870
868
869
870
556
541
529
521
512
503
547
557
921
475
480
466
472
470
470
1013
652
643
559
545
1053
581
580
581
558
559
558
558
1164
645
636
627
864
865
866
867
868
871
670
656
646
633
612
604
592
344
349
348
350
327
330
327
826
818
800
814
814
872
873
892
834
638
626
610
583
575
1144
1133
390
379
400
383
386
1040
435
435
639
628
613
605
597
630
619
1130
1131
1163
1164
553
511
511
495
496
496
496
1201
743
1201
625
643
618
608
1319
839
839
665
659
618
610
598
590
577
566
554
788
936
780
937
771
856
856
857
378
863
381
377
377
367
363
274
854
276
914
874
865
627
608
580
572
582
964
981
614
535
955
521
512
504
544
990
471
471
1293
1285
530
531
531
530
533
531
531
531
491
697
1140
628
614
1159
606
1301
658
652
640
594
586
580
568
545
537
364
364
281
281
800
931
804
796
950
977
864
865
866
785
773
764
840
831
822
567
559
550
572
557
549
964
965
479
966
967
987
1025
1194
1186
1069
542
543
534
524
1115
1116
1063
576
578
576
575
579
580
577
574
428
608
599
649
530
510
528
