****************************************************************
*                      CasHMC version 1.3                      *
*                       result log file                        *
*            Date : 2018/03/19      Time : 16:30:13            *
****************************************************************

- Trace type : file
- Trace file : ./trace/SPEC_CPU2006_example/mase_trace_gromacs_base.alpha.v0.trc

  ============= CasHMC statistic result =============

  Elapsed epoch : 0
  Elapsed clock : 299952

        HMC bandwidth : 3.52439 GB/s  (Considered only data size)
       Link bandwidth : 10.0303 GB/s  (Included flow packet)
     Transmitted data : 1.08252 MB (1135104 B)

    Active link power :     250 mW
     Sleep link power :       0 mW
      Down link power :       0 mW
  Total power on link :     250 mW

     Sleep mode ratio :       0 %
      Down mode ratio :       0 %
Total low-power ratio :       0 %

    Tran latency mean : 60.4979 ns
                 std  : 8.97901 ns
                 max  : 136 ns
                 min  : 47 ns
    Link latency mean : 53.4522 ns
                 std  : 8.95619 ns
                 max  : 128 ns
                 min  : 39 ns
   Vault latency mean : 20.3579 ns
                 std  : 3.84301 ns
                 max  : 24 ns
                 min  : 4 ns
   Retry latency mean : 0 ns
                 std  : 0 ns
                 max  : 0 ns
                 min  : 0 ns

           Read count : 11453
          Write count : 6282
         Atomic count : 0
        Request count : 17735
       Response count : 17735
           Flow count : 95494
    Transaction count : 17735
    Error abort count : 0
    Error retry count : 0

  ----------------------  [Link 0]
  |               Read per link : 1868
  |              Write per link : 2566
  |             Atomic per link : 0
  |            Request per link : 4434
  |           Response per link : 4434
  |               Flow per link : 23841
  |        Error abort per link : 0
  |            Sleep mode ratio : 0 %
  |             Down mode ratio : 0 %
  |  Total low power mode ratio : 0 %
  |        Downstream Bandwidth : 1.30068 GB/s
  |          Upstream Bandwidth : 1.26218 GB/s
  |             Total Bandwidth : 2.56286 GB/s
  |  Downstream effec Bandwidth :  0.5099 GB/s
  |    Upstream effec Bandwidth : 0.42803 GB/s
  |       Total effec Bandwidth : 0.93793 GB/s
  | Downstream transmitted data : 160.375 KB (164224 B)
  |   Upstream transmitted data : 134.625 KB (137856 B)
  -----  Total transmitted data :     295 KB (302080 B)

  ----------------------  [Link 1]
  |               Read per link : 3853
  |              Write per link : 581
  |             Atomic per link : 0
  |            Request per link : 4434
  |           Response per link : 4434
  |               Flow per link : 23861
  |        Error abort per link : 0
  |            Sleep mode ratio : 0 %
  |             Down mode ratio : 0 %
  |  Total low power mode ratio : 0 %
  |        Downstream Bandwidth : 0.907378 GB/s
  |          Upstream Bandwidth :  1.5454 GB/s
  |             Total Bandwidth : 2.45278 GB/s
  |  Downstream effec Bandwidth : 0.115453 GB/s
  |    Upstream effec Bandwidth : 0.711396 GB/s
  |       Total effec Bandwidth : 0.826849 GB/s
  | Downstream transmitted data : 36.3125 KB (37184 B)
  |   Upstream transmitted data :  223.75 KB (229120 B)
  -----  Total transmitted data : 260.062 KB (266304 B)

  ----------------------  [Link 2]
  |               Read per link : 1865
  |              Write per link : 2569
  |             Atomic per link : 0
  |            Request per link : 4434
  |           Response per link : 4434
  |               Flow per link : 23948
  |        Error abort per link : 0
  |            Sleep mode ratio : 0 %
  |             Down mode ratio : 0 %
  |  Total low power mode ratio : 0 %
  |        Downstream Bandwidth : 1.30431 GB/s
  |          Upstream Bandwidth : 1.26566 GB/s
  |             Total Bandwidth : 2.56997 GB/s
  |  Downstream effec Bandwidth : 0.510496 GB/s
  |    Upstream effec Bandwidth : 0.429222 GB/s
  |       Total effec Bandwidth : 0.939718 GB/s
  | Downstream transmitted data : 160.562 KB (164416 B)
  |   Upstream transmitted data :     135 KB (138240 B)
  -----  Total transmitted data : 295.562 KB (302656 B)

  ----------------------  [Link 3]
  |               Read per link : 3867
  |              Write per link : 566
  |             Atomic per link : 0
  |            Request per link : 4433
  |           Response per link : 4433
  |               Flow per link : 23844
  |        Error abort per link : 0
  |            Sleep mode ratio : 0 %
  |             Down mode ratio : 0 %
  |  Total low power mode ratio : 0 %
  |        Downstream Bandwidth : 0.903801 GB/s
  |          Upstream Bandwidth : 1.54088 GB/s
  |             Total Bandwidth : 2.44468 GB/s
  |  Downstream effec Bandwidth : 0.112472 GB/s
  |    Upstream effec Bandwidth : 0.707223 GB/s
  |       Total effec Bandwidth : 0.819695 GB/s
  | Downstream transmitted data :  35.375 KB (36224 B)
  |   Upstream transmitted data : 222.438 KB (227776 B)
  -----  Total transmitted data : 257.812 KB (264000 B)

  * Effec bandwidth takes data transmission into account regardless of packet header and tail
