****************************************************************
*                      CasHMC version 1.3                      *
*                       result log file                        *
*            Date : 2018/03/19      Time : 16:30:29            *
****************************************************************

- Trace type : file
- Trace file : ./trace/SPEC_CPU2006_example/mase_trace_milc_base.alpha.v0.trc

  ============= CasHMC statistic result =============

  Elapsed epoch : 0
  Elapsed clock : 299989

        HMC bandwidth : 6.90287 GB/s  (Considered only data size)
       Link bandwidth : 20.0878 GB/s  (Included flow packet)
     Transmitted data : 2.12048 MB (2223488 B)

    Active link power :     250 mW
     Sleep link power :       0 mW
      Down link power :       0 mW
  Total power on link :     250 mW

     Sleep mode ratio :       0 %
      Down mode ratio :       0 %
Total low-power ratio :       0 %

    Tran latency mean : 61.655 ns
                 std  : 9.1416 ns
                 max  : 131 ns
                 min  : 52 ns
    Link latency mean : 54.6545 ns
                 std  : 9.14193 ns
                 max  : 124 ns
                 min  : 45 ns
   Vault latency mean : 19.7311 ns
                 std  : 3.96459 ns
                 max  : 23.2 ns
                 min  : 15.2 ns
   Retry latency mean : 0 ns
                 std  : 0 ns
                 max  : 0 ns
                 min  : 0 ns

           Read count : 19678
          Write count : 15067
         Atomic count : 0
        Request count : 34745
       Response count : 34739
           Flow count : 195949
    Transaction count : 34736
    Error abort count : 0
    Error retry count : 0

  ----------------------  [Link 0]
  |               Read per link : 8668
  |              Write per link : 19
  |             Atomic per link : 0
  |            Request per link : 8687
  |           Response per link : 8685
  |               Flow per link : 48787
  |        Error abort per link : 0
  |            Sleep mode ratio : 0 %
  |             Down mode ratio : 0 %
  |  Total low power mode ratio : 0 %
  |        Downstream Bandwidth : 1.62304 GB/s
  |          Upstream Bandwidth : 3.31692 GB/s
  |             Total Bandwidth : 4.93997 GB/s
  |  Downstream effec Bandwidth : 0.0037751 GB/s
  |    Upstream effec Bandwidth : 1.64992 GB/s
  |       Total effec Bandwidth : 1.65369 GB/s
  | Downstream transmitted data :  1.1875 KB (1216 B)
  |   Upstream transmitted data :     519 KB (531456 B)
  -----  Total transmitted data : 520.188 KB (532672 B)

  ----------------------  [Link 1]
  |               Read per link : 1173
  |              Write per link : 7513
  |             Atomic per link : 0
  |            Request per link : 8686
  |           Response per link : 8685
  |               Flow per link : 49136
  |        Error abort per link : 0
  |            Sleep mode ratio : 0 %
  |             Down mode ratio : 0 %
  |  Total low power mode ratio : 0 %
  |        Downstream Bandwidth : 3.12007 GB/s
  |          Upstream Bandwidth : 1.98103 GB/s
  |             Total Bandwidth :  5.1011 GB/s
  |  Downstream effec Bandwidth : 1.49275 GB/s
  |    Upstream effec Bandwidth : 0.30479 GB/s
  |       Total effec Bandwidth : 1.79754 GB/s
  | Downstream transmitted data : 469.562 KB (480832 B)
  |   Upstream transmitted data :  95.875 KB (98176 B)
  -----  Total transmitted data : 565.438 KB (579008 B)

  ----------------------  [Link 2]
  |               Read per link : 8665
  |              Write per link : 21
  |             Atomic per link : 0
  |            Request per link : 8686
  |           Response per link : 8685
  |               Flow per link : 48887
  |        Error abort per link : 0
  |            Sleep mode ratio : 0 %
  |             Down mode ratio : 0 %
  |  Total low power mode ratio : 0 %
  |        Downstream Bandwidth : 1.62622 GB/s
  |          Upstream Bandwidth : 3.31449 GB/s
  |             Total Bandwidth : 4.94071 GB/s
  |  Downstream effec Bandwidth : 0.00417248 GB/s
  |    Upstream effec Bandwidth : 1.64535 GB/s
  |       Total effec Bandwidth : 1.64952 GB/s
  | Downstream transmitted data :  1.3125 KB (1344 B)
  |   Upstream transmitted data : 517.562 KB (529984 B)
  -----  Total transmitted data : 518.875 KB (531328 B)

  ----------------------  [Link 3]
  |               Read per link : 1172
  |              Write per link : 7514
  |             Atomic per link : 0
  |            Request per link : 8686
  |           Response per link : 8684
  |               Flow per link : 49139
  |        Error abort per link : 0
  |            Sleep mode ratio : 0 %
  |             Down mode ratio : 0 %
  |  Total low power mode ratio : 0 %
  |        Downstream Bandwidth : 3.12022 GB/s
  |          Upstream Bandwidth : 1.98575 GB/s
  |             Total Bandwidth : 5.10597 GB/s
  |  Downstream effec Bandwidth : 1.49295 GB/s
  |    Upstream effec Bandwidth : 0.309359 GB/s
  |       Total effec Bandwidth : 1.80231 GB/s
  | Downstream transmitted data : 469.625 KB (480896 B)
  |   Upstream transmitted data : 97.3125 KB (99648 B)
  -----  Total transmitted data : 566.938 KB (580544 B)

  * Effec bandwidth takes data transmission into account regardless of packet header and tail
