****************************************************************
*                      CasHMC version 1.3                      *
*                       result log file                        *
*            Date : 2018/03/19      Time : 16:30:22            *
****************************************************************

- Trace type : file
- Trace file : ./trace/SPEC_CPU2006_example/mase_trace_lbm_base.alpha.v0.trc

  ============= CasHMC statistic result =============

  Elapsed epoch : 0
  Elapsed clock : 299997

        HMC bandwidth : 24.4385 GB/s  (Considered only data size)
       Link bandwidth : 40.5117 GB/s  (Included flow packet)
     Transmitted data : 7.50745 MB (7872128 B)

    Active link power :     250 mW
     Sleep link power :       0 mW
      Down link power :       0 mW
  Total power on link :     250 mW

     Sleep mode ratio :       0 %
      Down mode ratio :       0 %
Total low-power ratio :       0 %

    Tran latency mean : 121.993 ns
                 std  : 32.3222 ns
                 max  : 275 ns
                 min  : 47 ns
    Link latency mean : 78.3123 ns
                 std  : 25.5701 ns
                 max  : 206 ns
                 min  : 35 ns
   Vault latency mean : 19.8312 ns
                 std  : 4.14174 ns
                 max  : 36.8 ns
                 min  : 15.2 ns
   Retry latency mean : 0 ns
                 std  : 0 ns
                 max  : 0 ns
                 min  : 0 ns

           Read count : 63742
          Write count : 59278
         Atomic count : 0
        Request count : 123020
       Response count : 122983
           Flow count : 77622
    Transaction count : 122978
    Error abort count : 0
    Error retry count : 0

  ----------------------  [Link 0]
  |               Read per link : 15939
  |              Write per link : 14831
  |             Atomic per link : 0
  |            Request per link : 30770
  |           Response per link : 30746
  |               Flow per link : 19156
  |        Error abort per link : 0
  |            Sleep mode ratio : 0 %
  |             Down mode ratio : 0 %
  |  Total low power mode ratio : 0 %
  |        Downstream Bandwidth : 4.88718 GB/s
  |          Upstream Bandwidth : 5.24988 GB/s
  |             Total Bandwidth : 10.1371 GB/s
  |  Downstream effec Bandwidth : 2.94668 GB/s
  |    Upstream effec Bandwidth : 3.18332 GB/s
  |       Total effec Bandwidth :    6.13 GB/s
  | Downstream transmitted data : 926.938 KB (949184 B)
  |   Upstream transmitted data : 1001.38 KB (1025408 B)
  -----  Total transmitted data : 1.88312 MB (1974592 B)

  ----------------------  [Link 1]
  |               Read per link : 15948
  |              Write per link : 14820
  |             Atomic per link : 0
  |            Request per link : 30768
  |           Response per link : 30745
  |               Flow per link : 19597
  |        Error abort per link : 0
  |            Sleep mode ratio : 0 %
  |             Down mode ratio : 0 %
  |  Total low power mode ratio : 0 %
  |        Downstream Bandwidth : 4.88619 GB/s
  |          Upstream Bandwidth : 5.23726 GB/s
  |             Total Bandwidth : 10.1235 GB/s
  |  Downstream effec Bandwidth :  2.9445 GB/s
  |    Upstream effec Bandwidth : 3.15014 GB/s
  |       Total effec Bandwidth : 6.09464 GB/s
  | Downstream transmitted data :  926.25 KB (948480 B)
  |   Upstream transmitted data : 990.938 KB (1014720 B)
  -----  Total transmitted data : 1.87225 MB (1963200 B)

  ----------------------  [Link 2]
  |               Read per link : 15941
  |              Write per link : 14805
  |             Atomic per link : 0
  |            Request per link : 30746
  |           Response per link : 30745
  |               Flow per link : 19821
  |        Error abort per link : 0
  |            Sleep mode ratio : 0 %
  |             Down mode ratio : 0 %
  |  Total low power mode ratio : 0 %
  |        Downstream Bandwidth : 4.89439 GB/s
  |          Upstream Bandwidth : 5.22698 GB/s
  |             Total Bandwidth : 10.1214 GB/s
  |  Downstream effec Bandwidth : 2.94152 GB/s
  |    Upstream effec Bandwidth :   3.141 GB/s
  |       Total effec Bandwidth : 6.08252 GB/s
  | Downstream transmitted data : 925.312 KB (947520 B)
  |   Upstream transmitted data : 988.062 KB (1011776 B)
  -----  Total transmitted data : 1.86853 MB (1959296 B)

  ----------------------  [Link 3]
  |               Read per link : 15914
  |              Write per link : 14822
  |             Atomic per link : 0
  |            Request per link : 30736
  |           Response per link : 30747
  |               Flow per link : 19048
  |        Error abort per link : 0
  |            Sleep mode ratio : 0 %
  |             Down mode ratio : 0 %
  |  Total low power mode ratio : 0 %
  |        Downstream Bandwidth : 4.88405 GB/s
  |          Upstream Bandwidth : 5.24581 GB/s
  |             Total Bandwidth : 10.1299 GB/s
  |  Downstream effec Bandwidth :  2.9449 GB/s
  |    Upstream effec Bandwidth : 3.18491 GB/s
  |       Total effec Bandwidth :  6.1298 GB/s
  | Downstream transmitted data : 926.375 KB (948608 B)
  |   Upstream transmitted data : 1001.88 KB (1025920 B)
  -----  Total transmitted data : 1.88306 MB (1974528 B)

  * Effec bandwidth takes data transmission into account regardless of packet header and tail
