55
56
55
52
56
58
55
55
55
55
55
54
55
54
54
59
117
54
54
55
55
55
55
78
54
55
54
54
55
54
55
54
54
54
55
54
55
55
54
55
55
55
54
54
55
55
55
55
55
54
55
55
54
55
55
54
54
55
55
54
55
54
55
55
54
55
55
55
54
55
54
55
54
54
54
55
54
54
55
55
54
55
55
55
54
54
54
55
55
55
55
54
55
55
55
55
54
54
54
55
58
55
55
54
56
54
57
55
54
55
54
54
54
54
55
55
55
55
54
55
55
54
55
54
55
54
52
55
55
55
55
55
54
55
55
54
55
55
55
54
55
54
54
55
54
54
54
55
54
54
55
55
54
55
55
55
55
54
55
54
54
54
54
55
55
55
55
54
54
55
54
55
55
55
54
54
55
54
54
54
54
55
54
54
54
54
54
55
55
55
55
55
55
54
55
55
54
54
55
55
55
55
55
55
55
55
54
54
55
54
55
54
54
55
55
54
54
55
55
55
52
56
52
52
54
55
55
55
55
54
54
54
55
55
53
55
54
55
54
55
55
54
54
55
54
54
55
55
55
54
54
55
55
54
54
55
54
55
54
55
54
58
54
55
54
55
54
54
54
55
55
54
54
55
57
54
54
54
55
54
54
55
54
54
54
54
54
54
55
55
55
54
54
55
55
55
54
54
55
55
54
54
55
54
54
55
54
55
55
54
54
55
55
55
54
55
55
55
54
54
54
55
54
54
54
55
54
54
55
55
54
55
55
55
54
54
55
54
54
55
54
54
55
54
54
54
54
54
55
55
54
54
54
54
54
54
54
54
55
54
54
54
54
55
55
54
54
55
55
55
54
54
54
54
54
54
54
54
55
55
55
55
54
55
54
54
54
54
55
54
54
55
54
54
54
55
54
55
54
55
55
54
55
54
55
55
55
54
55
54
55
55
54
55
55
55
55
55
55
54
55
55
54
54
54
54
54
54
54
54
55
54
55
54
55
54
55
55
55
55
55
55
54
55
55
54
54
55
55
55
55
54
54
54
55
55
55
54
55
55
54
55
54
55
55
54
54
54
55
54
54
55
54
55
55
55
115
54
55
55
54
54
54
54
55
55
55
54
55
54
54
55
55
54
55
54
55
54
55
55
54
55
55
55
55
55
55
55
55
54
57
56
56
54
54
55
54
55
54
54
54
54
54
55
54
54
55
54
54
54
54
55
54
55
54
55
54
55
54
55
55
54
55
55
55
55
55
55
55
55
54
55
54
54
54
55
54
54
55
55
55
55
54
55
54
55
55
54
55
54
55
55
54
55
54
54
56
54
55
55
54
54
54
54
54
55
55
55
54
55
54
54
54
54
55
54
55
55
55
55
55
55
54
54
54
54
54
54
55
55
55
55
54
55
54
54
55
55
55
54
54
55
55
54
54
54
54
55
54
54
55
54
55
55
55
55
55
55
55
54
55
55
54
55
55
54
54
55
55
54
54
55
54
55
54
55
54
55
54
55
55
57
55
55
55
54
54
54
55
55
54
54
55
54
54
54
55
55
55
54
55
55
55
54
54
55
55
55
55
55
55
54
55
55
54
54
56
55
58
57
63
64
70
69
78
93
95
120
123
125
128
130
135
135
138
140
162
165
167
170
174
177
179
179
184
203
206
209
214
213
217
215
221
223
241
268
274
312
315
313
319
324
340
342
347
346
348
350
355
386
392
390
399
394
400
400
415
414
416
418
422
421
418
452
423
494
494
491
491
493
491
491
491
495
547
572
542
576
549
546
546
546
599
589
602
601
590
585
603
603
627
644
679
631
635
672
676
679
676
678
679
689
681
720
664
722
715
714
752
751
733
724
703
688
242
242
828
870
870
873
870
870
846
832
833
809
923
682
819
925
802
394
793
1055
1042
1042
1045
1096
500
523
528
527
1127
1181
1128
1123
1141
1207
608
1285
1282
1282
1188
1166
1335
1335
1335
1335
1335
1335
1335
755
755
482
763
623
535
781
519
517
516
1443
564
875
735
644
624
627
606
626
606
602
600
649
649
649
649
647
647
1344
669
721
721
719
721
709
723
1053
1071
756
1090
1090
819
821
823
825
825
827
1161
888
861
861
1677
1617
938
940
999
942
944
946
1020
993
990
999
996
999
985
1146
1207
1089
1089
1087
1072
1072
1072
1072
2015
2013
1112
1095
1103
1120
1091
1160
1132
1161
551
557
2141
2141
2143
2145
2147
2152
2151
2153
2149
2182
568
570
2188
1687
2166
2151
795
701
707
707
2382
787
699
659
659
563
548
567
565
565
565
567
563
563
567
568
781
780
740
740
645
628
2002
673
721
721
721
724
717
725
721
723
723
976
976
976
880
846
884
2078
885
2022
885
884
887
884
877
891
883
897
890
921
921
927
927
2322
2322
949
973
973
983
2147
2142
2123
2089
2123
2089
2123
2198
1119
612
611
606
1138
630
509
495
495
498
495
495
495
497
491
506
522
520
523
524
752
747
622
608
612
609
608
608
609
608
608
645
640
642
644
648
648
712
698
698
725
727
955
955
950
804
804
804
804
1844
799
1755
2591
1983
1618
1885
1618
1798
1798
1798
1702
913
913
913
913
1732
1733
1732
952
1732
950
954
523
512
503
488
490
488
488
488
490
578
567
1066
1063
562
546
543
543
543
574
571
643
632
623
605
606
606
640
642
645
644
646
648
285
1237
1229
724
724
724
724
726
726
361
359
377
375
779
420
418
2136
2128
2165
1657
1657
863
504
502
881
881
516
1545
2245
2245
1769
1602
1602
637
668
667
673
671
671
522
521
499
497
1707
1707
1707
1707
551
551
551
774
773
773
773
622
622
599
599
599
1818
671
676
674
673
675
304
302
710
712
921
768
926
770
745
745
745
384
384
390
388
394
433
845
848
843
843
843
844
467
469
1566
2083
2111
2103
972
972
1638
975
596
1660
1645
1645
627
633
639
635
682
684
686
688
2273
2273
2273
1783
1783
1783
1783
774
773
773
609
826
662
597
595
571
571
571
573
1898
660
658
634
622
668
669
667
395
411
396
396
400
735
734
1020
855
790
788
764
764
764
2095
2085
843
843
1763
1760
844
850
857
1638
1638
599
587
591
588
587
608
606
605
605
954
954
672
1716
1716
1716
1716
1716
1937
1965
770
776
777
780
778
778
481
474
460
809
809
811
814
813
523
523
529
527
527
1939
1939
1939
579
414
403
406
403
405
261
664
663
644
641
986
686
682
663
663
2074
722
722
722
750
750
750
415
780
616
621
611
608
612
609
464
469
1816
515
1870
1870
1870
1747
1682
1683
1656
1656
1656
778
778
778
778
637
628
628
628
629
689
695
693
693
693
490
474
474
480
728
510
729
500
1503
1835
1835
1835
1553
577
606
606
472
464
461
461
463
448
457
680
890
666
1663
691
1663
691
1663
2020
751
754
617
606
609
609
607
595
593
640
642
875
874
1846
1846
1547
1548
1530
1529
912
778
767
767
767
767
756
754
752
794
796
796
796
454
409
1993
1993
854
856
876
1524
881
880
538
493
549
1765
1765
1765
564
1616
1616
1616
1616
1474
611
616
1867
672
675
672
559
548
551
548
551
548
567
747
775
778
775
662
651
654
651
651
651
1733
862
1733
1736
741
741
765
767
769
938
935
822
811
814
811
1666
1652
863
863
492
889
891
889
1950
1950
951
937
940
937
937
566
971
971
959
1816
1818
1020
649
1854
1720
1712
1709
1711
1711
1897
1706
728
734
777
763
763
763
585
576
574
574
574
1848
626
626
864
863
865
685
674
674
675
674
713
715
715
715
715
2004
2001
1659
774
774
1005
1005
1005
827
816
816
451
842
1724
1714
512
943
942
943
945
1764
942
941
562
568
2245
2240
615
613
613
445
1876
1763
1752
1062
1062
1756
685
1080
1076
699
699
1799
730
556
556
556
556
536
534
1895
1893
1893
2065
859
851
846
849
678
669
667
669
667
2006
2002
2002
1633
709
709
954
952
952
784
773
773
773
787
786
786
786
792
790
844
822
825
820
822
1748
1748
852
1748
2210
2210
518
518
515
521
949
949
974
569
1696
1707
1707
1707
1709
612
612
618
638
638
638
502
491
493
493
491
493
1822
1824
2077
575
790
778
778
778
642
631
634
631
631
1972
701
701
711
725
725
913
914
914
2030
778
767
785
1651
1727
1727
859
1723
877
877
871
1745
871
885
881
2223
2219
962
964
1703
1692
1695
1692
1692
1670
1032
685
685
609
598
600
598
600
598
1984
1120
1777
691
689
690
693
733
707
709
1203
859
856
780
769
768
773
768
769
750
753
1933
1929
1527
826
821
832
851
848
1563
850
852
897
897
922
922
404
404
1504
506
1219
1219
1143
1128
1128
1128
1816
1816
1816
1146
618
624
622
622
1233
1229
1247
1233
1780
1233
1796
1796
2421
2417
1302
1302
784
784
777
1320
802
802
808
617
610
609
604
605
617
618
625
1440
1966
1966
1985
1985
929
916
916
916
916
725
714
712
712
2254
800
790
790
2129
2125
845
898
1836
1126
1836
1126
1144
953
1786
942
1820
991
1820
1820
989
995
989
987
994
1036
1016
609
609
541
530
530
487
536
2393
2402
1112
1090
683
683
616
604
600
2028
2024
2024
2060
711
711
711
711
686
687
686
745
698
749
749
749
746
724
725
724
783
736
2185
2185
812
814
841
841
847
847
1450
1433
1023
1023
955
944
940
2307
1789
989
1809
989
1799
989
988
964
958
1822
996
558
558
550
2446
2439
1912
1912
1721
1710
1704
1098
1098
1108
1102
664
664
656
591
577
577
580
475
473
475
473
470
2614
796
794
786
674
660
660
660
556
556
2151
618
755
624
648
651
649
655
655
657
692
692
687
687
2046
2026
883
1619
1620
754
750
756
2151
982
982
1665
874
893
893
1680
896
888
917
919
924
923
923
571
531
518
501
971
1794
1794
1794
1794
1010
1006
1009
1006
1006
654
617
601
584
2424
2424
2449
700
702
702
703
702
488
475
1990
1208
853
813
800
786
781
781
781
2014
587
590
587
587
587
587
589
2139
2086
1679
913
1679
699
1672
686
714
714
714
714
715
751
754
769
769
433
1067
1697
1067
1683
1086
870
1705
859
1623
538
516
923
920
920
923
921
918
1727
1727
1727
1722
630
630
588
588
435
2499
2499
1060
1057
1057
731
731
1075
1075
752
749
543
548
543
548
549
548
301
306
2053
317
840
840
798
801
645
876
1970
853
1637
707
707
717
717
715
929
798
1695
1682
1684
1680
1680
2148
2148
601
603
879
879
879
635
638
905
905
905
905
1832
1616
1605
721
1635
1635
2342
1900
797
797
797
614
600
600
600
1737
852
1737
852
1737
853
852
669
655
692
695
691
688
695
702
731
731
749
730
730
727
729
734
733
799
799
1026
1028
1026
843
840
836
838
848
850
852
854
856
898
901
894
894
950
950
2069
2069
1743
1746
1716
1674
1674
986
991
990
992
994
2146
2146
1781
1619
1637
1637
1637
1637
1639
1100
1637
1393
1117
1157
1159
550
1165
1165
593
593
588
588
585
585
581
586
583
573
581
662
1239
665
1252
642
645
662
664
658
661
710
729
739
732
729
725
725
715
714
758
791
793
798
797
795
795
798
1789
1786
1786
1519
1516
1604
943
943
1616
914
916
918
920
983
980
981
980
976
979
968
1700
1700
1731
1976
1976
1763
1081
1788
1079
1788
1080
562
580
602
587
584
584
584
580
606
1187
1187
655
635
670
635
635
635
631
1959
1961
1269
1939
1939
1288
1288
1385
1407
760
762
764
764
764
472
461
461
459
824
859
850
832
832
832
832
828
2147
2131
2127
578
588
607
607
607
959
959
982
1634
1634
708
695
1652
695
736
736
1701
1720
1720
1107
1717
1718
1108
802
802
802
832
834
834
834
834
460
451
449
449
1229
1232
924
927
920
1863
517
527
981
981
981
962
985
1416
985
1407
987
2045
2047
2059
723
723
723
721
772
764
761
761
761
1184
1181
1184
807
521
521
521
521
539
862
862
858
1692
1692
1692
890
1693
891
2306
2306
659
665
984
982
1002
1020
1020
1819
1018
761
761
761
761
775
775
775
810
810
810
570
559
559
1980
1996
1996
1996
1691
1693
916
915
912
672
917
665
662
939
1740
1767
1792
1020
1017
1792
777
766
767
764
818
817
817
817
817
570
2230
1903
617
614
614
614
614
630
931
1955
1954
949
949
1972
704
1625
1614
724
724
724
766
765
765
763
765
459
450
448
1104
1104
1724
1104
857
1751
1751
1751
1751
873
876
898
895
891
891
1821
624
629
626
626
626
399
388
388
2343
1054
1054
1052
1055
748
737
737
1080
1078
1109
802
791
791
812
1752
812
1752
812
2105
873
889
887
909
1851
1843
689
678
678
703
692
692
1947
1935
1972
1972
1732
1721
1721
810
816
814
817
814
582
571
574
571
590
585
627
881
881
881
881
649
1872
1872
1872
1625
696
693
703
697
1669
756
753
1669
753
753
749
1034
1034
792
553
542
545
544
546
546
546
551
1178
953
1854
1854
956
953
953
948
947
2196
1007
1953
1951
1954
1647
1636
1056
1638
1054
509
508
497
502
500
385
374
1128
889
877
877
1145
909
895
895
893
1194
1798
1798
1798
2173
998
995
995
1009
1031
1626
1031
1615
723
2272
768
768
768
657
645
1725
1718
1718
1718
709
708
707
864
864
864
752
741
739
2106
1854
848
845
592
581
581
586
581
579
888
598
1705
1705
1705
1705
1700
932
932
682
668
668
668
686
691
1737
736
734
736
1066
1827
1827
798
1098
1098
1645
872
1634
1634
878
880
883
881
572
561
565
555
584
584
585
584
581
575
983
986
983
979
977
981
977
974
665
2131
2095
718
718
1879
1879
1879
1553
1572
757
757
755
755
757
804
803
802
799
808
793
805
803
1205
1223
1681
1245
1587
1576
939
925
925
941
931
447
438
438
457
448
1003
1000
1000
1000
1690
1024
1690
1437
1018
1751
2255
1932
1112
1135
1550
1135
1550
652
671
1571
662
707
705
712
712
534
539
534
534
534
543
1295
1292
1291
807
792
1726
818
815
1724
2062
666
668
668
668
893
893
718
715
715
715
716
715
945
1892
1001
1892
1583
1590
1590
809
465
454
1045
1048
867
889
1660
1660
1679
1678
1675
926
928
928
926
929
928
2118
2107
592
592
617
617
617
571
571
571
2211
1101
1101
757
749
696
1907
1907
1907
750
760
750
760
750
704
704
704
752
749
749
749
408
413
410
409
863
402
1288
1288
962
1583
953
481
864
958
958
958
912
915
912
910
910
911
2218
2216
1744
1744
1007
669
666
666
665
654
654
1049
1809
1078
1078
733
734
733
753
739
1833
739
1918
1909
1918
1740
1740
1740
1740
1740
863
865
865
871
869
871
533
521
507
899
899
899
899
570
570
570
572
574
574
576
574
349
1910
1910
1911
1566
1555
397
719
707
693
693
693
696
1089
1089
753
493
490
490
496
804
790
793
790
808
806
1673
808
806
1725
2152
870
645
634
1780
918
915
1780
915
690
704
701
701
715
716
755
1844
1844
1844
1844
1844
1844
1934
839
848
843
843
843
507
507
530
507
1606
1606
1606
1605
913
913
913
913
591
610
616
614
614
616
459
1705
1705
500
500
500
500
716
719
716
1082
1082
1085
760
750
747
585
587
807
807
805
805
808
650
845
1883
1884
2304
729
726
726
726
744
744
744
744
742
970
970
815
1705
1690
1676
1676
1676
1676
2081
2081
884
886
889
886
548
491
477
482
916
916
916
578
521
507
1552
1552
1836
1836
1836
1611
1600
594
599
596
596
596
470
459
464
460
459
1092
666
470
1097
758
705
688
688
685
685
2008
577
579
796
1815
796
1815
1840
1515
1501
1501
1504
695
684
684
684
687
684
1568
927
1568
927
1568
927
1440
789
791
791
791
492
431
854
843
843
862
862
1509
863
878
1535
2125
2125
1761
569
569
569
569
1651
1001
1651
998
1003
698
639
624
624
663
661
657
657
651
675
69
677
678
79
77
684
84
79
83
724
724
90
82
89
121
97
96
123
101
124
759
746
130
774
758
763
134
742
755
761
137
140
146
775
150
182
184
188
806
805
183
809
813
190
227
821
225
834
228
838
841
230
841
234
237
236
241
271
1304
1301
998
943
926
925
923
272
273
261
273
271
1989
1987
307
307
935
987
987
987
963
354
354
355
225
368
229
216
213
1746
217
394
1696
1679
1678
259
400
266
2124
2119
400
247
247
227
251
1081
1083
1083
1071
299
540
564
300
295
305
310
305
313
1769
1774
1779
337
316
336
1141
334
319
334
324
334
1160
1654
1148
1643
1189
657
1665
365
361
373
375
362
375
369
1687
686
1708
432
1707
431
1717
439
1717
1421
445
436
709
441
1374
1357
475
471
517
547
544
1366
1310
523
520
761
518
517
517
1354
1375
799
761
516
1415
554
1415
498
515
1420
1390
859
1395
827
847
2063
562
550
553
1898
352
607
599
1499
1903
364
365
896
1488
1488
663
656
617
416
661
651
639
639
439
473
473
355
355
1024
995
407
409
411
564
570
568
568
444
572
467
1078
1096
514
521
521
555
732
732
1068
750
632
1091
1097
1097
1278
1303
725
725
576
740
580
564
564
555
555
772
763
614
614
1284
1281
1282
1281
653
653
656
660
659
661
607
639
733
669
734
655
732
729
730
733
732
686
794
796
1035
803
783
1039
1036
1034
1522
1520
1522
1524
799
801
788
794
1588
878
884
882
882
1222
1651
1076
1073
1075
1673
1686
1679
1667
972
1757
1051
574
574
551
482
1208
1230
1800
1599
1232
1622
1622
1622
1622
1896
1181
704
1592
667
649
652
634
605
605
607
628
620
622
620
622
624
855
835
763
752
734
735
741
1472
1450
730
751
1455
1473
785
1473
784
997
786
833
836
835
1535
1044
875
876
870
876
1717
932
933
935
938
942
943
943
945
1177
1111
1097
1079
1079
1068
1036
1035
2084
2107
2104
1113
1115
1091
1097
1105
1105
2199
2190
2237
2237
2091
2088
2072
2063
2063
2063
2063
1227
1241
1206
1223
608
1247
553
2069
500
2043
500
471
505
520
515
481
495
495
500
471
479
672
616
576
616
587
576
553
550
550
815
731
603
605
607
609
605
689
660
917
656
833
659
693
664
674
698
694
704
706
708
711
710
759
759
850
1664
916
916
887
885
910
822
914
893
890
890
868
2544
2541
977
955
952
954
953
943
960
960
957
2156
2133
994
994
2692
2215
1071
1079
1104
1104
1125
648
531
658
2245
2234
2216
2216
2201
2172
2172
2183
2185
2187
742
625
598
550
653
642
610
609
612
571
573
569
576
600
590
605
592
590
610
604
614
726
692
689
653
654
650
661
651
664
686
713
711
729
727
886
731
730
867
774
914
793
922
821
899
859
876
869
869
871
871
860
977
980
940
935
933
2671
2668
971
971
971
980
1034
1050
1050
1046
1066
1064
1062
1105
555
1109
563
559
407
569
409
2852
2830
621
622
620
487
487
491
488
487
649
524
526
528
530
532
567
730
600
618
618
618
592
618
616
644
809
654
679
699
701
687
691
693
695
695
690
718
739
721
723
725
771
1494
753
1494
782
818
818
851
827
1559
857
826
881
1066
902
1082
879
907
2652
2649
2620
2618
2634
2606
2606
1767
1226
1221
1071
1063
1125
1040
1016
1150
1009
541
479
427
2967
1233
1233
1236
1233
1233
1233
1232
2772
2775
2772
1166
1157
1308
1238
700
636
586
554
556
633
462
466
463
465
465
625
532
532
537
534
536
536
538
538
550
550
552
555
554
555
575
1393
935
639
636
637
637
778
645
681
679
1506
683
933
879
750
748
984
746
2619
2536
819
805
805
825
823
815
819
816
3288
2839
921
901
923
921
920
919
1951
1951
1951
1951
568
568
508
505
505
505
505
510
2868
2772
2768
2754
2119
1162
1161
744
741
673
672
672
666
671
720
720
720
720
720
719
727
720
718
740
756
756
762
761
756
814
813
810
1371
1370
950
2252
914
914
890
954
2408
2384
1010
1010
976
976
952
1025
1022
1005
458
1021
474
1112
1112
1112
1114
1116
2518
2507
2556
594
594
597
597
525
525
528
530
632
629
628
629
1272
569
582
579
579
609
609
611
1289
739
728
728
728
729
1378
1374
1350
1990
723
733
735
733
761
761
761
749
1544
1541
774
1541
1541
2450
2147
2142
2187
2186
1766
930
938
936
936
481
1722
508
1722
1722
986
983
561
557
545
533
521
521
521
524
521
599
598
583
568
559
559
559
559
633
604
607
604
393
393
713
1179
736
671
672
671
733
675
722
716
468
2013
2013
2005
2054
574
821
576
825
825
825
828
827
825
649
659
659
675
2149
1602
1591
1591
704
1591
1591
1538
2233
2283
2283
2259
619
819
825
671
668
618
523
509
509
509
509
511
1727
1727
1721
738
685
590
576
579
579
579
576
572
628
623
631
621
646
640
646
643
644
652
652
1064
656
1901
721
966
745
923
754
829
815
815
815
815
2020
2016
2016
2065
1610
871
871
922
922
1001
1703
1699
1706
1694
1682
1682
1682
1682
1000
538
501
1741
1741
1741
1741
1530
1096
637
597
593
571
571
576
561
563
623
1141
601
604
602
591
591
592
1233
641
643
645
648
635
637
647
690
692
712
1332
1352
1357
1354
1356
1348
727
739
728
1383
1383
1383
809
810
815
793
1484
1475
868
870
872
872
872
899
898
900
902
1561
1099
2008
1084
1835
1785
1708
1695
1694
1117
1114
1115
1724
1745
1078
1065
517
444
425
408
2195
2190
2190
1153
1156
1153
1140
589
520
521
501
1254
1926
1926
1920
1898
581
581
566
1297
1297
1298
570
624
624
1375
609
601
1443
1433
685
682
687
464
463
464
468
466
471
2133
756
753
753
519
539
539
538
539
542
582
588
586
592
590
596
612
1622
1060
1009
990
2287
991
991
1848
992
2366
2363
2363
1037
1050
1102
1944
1108
1958
1955
1955
1955
1945
904
669
634
549
498
487
946
934
699
664
948
583
532
521
1220
1016
577
559
559
559
436
404
406
2110
2112
2093
2114
2171
703
688
688
688
563
536
535
531
532
583
588
581
572
574
581
579
582
580
608
628
1291
633
632
634
636
640
640
1356
1353
1372
1135
2363
1122
1825
1755
1755
773
2471
2471
2471
1082
1168
1123
1109
1880
1880
1880
1865
1853
929
935
506
933
594
555
998
659
1008
1255
1255
1979
2002
1797
2024
643
626
626
629
523
539
523
525
529
694
677
1202
680
677
585
574
577
576
1449
1324
657
653
675
677
697
695
1331
687
707
712
709
1389
1389
1392
1048
968
968
801
801
820
822
827
826
826
983
983
983
892
911
913
893
893
909
911
929
929
973
939
977
2326
2326
2326
1024
1032
1034
1033
2168
2133
2045
1997
1986
1089
1086
1083
2026
2026
2029
1901
1841
1843
2071
678
610
684
614
553
507
493
493
496
715
651
648
584
1996
589
589
589
589
591
591
581
581
583
678
667
664
664
628
671
668
669
668
668
674
672
692
692
702
702
773
940
943
876
851
1750
1949
1869
836
836
2356
2353
2353
896
905
900
900
1015
1037
1950
1950
1059
1877
1866
1078
1884
2056
693
693
597
589
524
504
504
504
505
1211
2003
2003
2023
2025
784
784
688
680
579
616
628
638
659
661
650
647
646
648
664
654
656
715
715
718
713
715
1397
726
746
748
750
766
785
795
811
1456
1471
823
1471
1472
839
876
878
1130
883
882
887
886
889
1640
1642
1639
971
967
955
971
1663
1260
1161
1153
1085
1072
1069
1086
2525
1069
1139
2603
2603
2629
2096
1139
1140
1221
1146
536
2110
2110
2046
2003
1989
1989
1991
1989
1989
597
1261
1253
1225
541
2056
2056
623
612
587
567
538
538
538
538
538
538
534
536
538
684
657
637
600
602
604
606
655
652
652
652
652
655
652
657
656
686
688
690
695
694
699
1564
962
894
886
858
838
798
797
799
801
2392
2388
889
889
889
889
889
889
874
871
871
948
950
930
932
934
2519
2129
2172
2076
2068
2003
1983
1928
1983
1983
1041
542
497
591
576
546
526
491
488
491
488
488
488
489
2147
692
567
568
579
577
581
725
690
687
687
687
687
690
681
691
722
717
719
721
902
730
835
733
819
969
815
815
832
878
881
840
882
882
882
2502
2468
2467
935
2539
1937
1869
1858
1833
1813
1784
1787
1784
1784
1029
1784
1787
1072
644
547
543
509
511
511
511
509
1110
683
585
584
1129
1191
1188
1177
1179
589
642
1231
642
1231
642
642
642
642
1292
1356
1354
729
734
731
731
737
1353
290
926
829
826
791
796
791
791
796
372
377
379
408
2239
931
474
938
935
948
939
493
953
954
499
509
541
2376
583
1876
585
598
591
588
606
644
1935
1864
1844
1806
2488
1807
2490
2488
730
762
752
527
765
523
763
525
543
489
773
586
582
1963
548
1963
1957
1972
1969
573
572
574
576
603
594
606
594
685
594
913
681
677
681
673
671
383
372
377
376
379
378
2137
742
742
742
745
531
517
516
518
513
515
523
530
841
541
841
539
841
539
565
2269
1860
1761
1757
1723
2337
2334
2362
1795
1795
1795
703
705
705
711
709
717
713
438
430
1870
768
768
768
768
493
526
500
502
504
1958
505
1959
509
1965
528
368
357
360
357
357
357
360
615
612
586
917
642
634
634
608
606
2092
1652
699
699
727
567
556
556
559
556
556
556
597
801
820
1799
838
1595
692
692
692
692
695
692
1910
1910
1698
1717
1682
1673
1673
1668
1668
1668
1395
826
832
830
836
1722
834
834
490
479
464
890
887
1465
890
891
540
528
513
513
558
562
558
568
559
558
555
623
623
623
623
620
618
1049
1049
701
690
675
671
700
699
699
690
692
704
696
696
772
786
786
782
1780
782
376
798
384
390
817
414
833
833
425
424
1854
1900
1625
1911
1617
1583
1620
1592
1587
1595
1591
555
561
559
559
453
419
1498
1487
1487
1487
1487
618
1487
1487
620
497
497
497
500
497
497
492
497
698
591
557
571
574
571
571
574
574
562
573
573
633
636
637
639
641
647
687
698
677
904
904
798
764
750
753
753
766
808
802
793
784
795
802
801
804
1907
1910
1559
1548
1533
1529
1942
1942
1548
915
917
919
1636
1636
962
1637
1633
969
976
976
474
976
512
491
491
464
1036
496
497
495
1056
499
556
500
542
543
579
613
595
590
592
593
590
587
585
617
623
621
691
687
670
664
664
664
664
1285
1275
740
1975
1563
1555
1555
771
769
2040
1618
1618
854
856
856
856
878
416
413
422
435
1617
1586
1569
941
941
941
542
534
534
534
532
1654
521
523
597
1680
585
571
1681
611
611
620
1095
1096
1095
1748
1767
453
707
678
706
678
688
680
686
495
485
461
489
733
1891
547
534
534
765
1927
1929
609
852
612
852
614
852
624
621
355
628
712
701
700
679
679
412
728
2110
2094
1608
1604
1585
540
817
817
817
817
2169
2159
627
616
616
649
649
651
653
655
497
2310
706
706
550
716
716
1812
1810
560
1820
1818
1821
596
598
437
592
592
592
482
470
463
1910
652
651
652
539
527
522
689
571
573
575
577
577
2016
2016
2016
659
817
814
814
703
691
708
1635
2147
733
451
453
1707
783
1708
785
1706
785
794
791
535
864
866
571
570
592
608
608
608
2329
510
1873
510
559
1876
1879
567
1878
1677
1696
740
740
740
620
642
625
643
630
593
596
596
600
437
431
2022
647
647
495
497
531
533
535
569
558
556
555
755
755
1891
1891
1899
1626
790
627
632
670
670
693
402
696
689
695
1754
1757
1598
1579
2078
1579
1822
810
810
542
824
824
824
556
1895
1716
1719
1623
1611
628
627
629
631
461
436
656
655
504
504
490
490
490
490
486
701
701
551
573
559
559
559
559
555
776
776
599
577
787
784
655
652
1793
656
635
1851
1851
693
695
697
700
697
315
300
307
753
752
753
752
747
1651
1985
1720
853
854
854
854
470
457
872
872
872
1795
1698
1697
533
533
535
537
570
557
557
558
561
1920
1798
1789
1792
1789
1626
1615
683
541
530
696
518
446
450
447
536
718
576
565
551
481
481
481
530
532
528
530
537
571
563
1792
868
1814
748
1830
737
1561
649
649
649
657
657
657
396
698
687
687
687
430
706
442
447
1987
1716
1724
1573
1573
837
837
837
576
567
570
570
570
476
1679
1678
1875
1678
1875
1678
659
655
522
677
673
681
681
548
550
594
573
562
562
416
1805
468
470
470
720
706
704
560
1934
779
1934
761
1937
635
791
636
639
649
649
648
700
698
697
700
697
702
460
476
462
898
1724
2140
1721
1717
799
801
801
801
573
562
819
819
819
619
621
623
625
1854
1712
687
676
668
668
677
1734
1932
1932
764
761
600
775
602
1757
1757
1757
647
828
828
826
665
659
1904
1840
719
730
697
568
568
748
575
574
782
1933
835
1933
1691
823
784
659
658
466
446
707
708
707
519
492
496
942
502
914
788
790
788
786
574
604
2189
1929
1929
1796
1796
1778
1767
923
941
771
744
1672
1665
748
988
756
773
773
773
571
478
464
454
468
468
473
1097
1097
1097
909
883
862
863
1826
2203
1826
2198
2015
602
592
588
588
985
1914
985
1686
790
697
679
679
679
693
712
400
386
388
385
363
395
1122
1123
1122
203
178
176
67
193
81
226
196
90
949
243
90
87
857
839
832
837
1865
833
113
1707
104
837
121
1711
522
842
1693
125
261
131
149
154
153
283
500
154
156
515
166
515
163
524
525
174
2239
186
183
189
187
216
200
208
205
221
204
208
202
212
630
263
1781
1654
614
661
1654
1663
621
1017
1026
670
294
296
299
244
244
225
503
229
229
324
1077
269
1078
270
762
250
247
250
261
348
292
770
1753
1772
1771
1583
1524
315
353
295
294
287
283
1550
1547
808
344
800
807
297
805
291
629
606
2269
2269
344
344
344
344
347
338
868
339
338
393
393
430
883
429
1422
1346
706
1326
455
597
433
438
1327
1338
1328
1335
951
440
780
1338
440
786
442
447
445
446
446
484
482
1050
2208
2029
1770
1770
710
710
710
710
710
1051
883
1485
1473
538
1087
368
1087
572
380
569
407
332
339
603
619
790
622
444
429
383
613
443
406
422
670
424
518
477
477
477
477
479
479
477
332
538
531
806
806
984
647
1006
1006
578
578
575
575
576
433
621
1086
1079
515
515
518
515
366
537
801
751
751
1124
1099
761
761
594
594
772
598
773
773
606
1183
1183
1165
1165
1238
1215
876
560
880
731
731
1238
1238
1238
1238
789
623
623
498
1293
658
1293
658
1295
574
484
473
473
475
473
473
473
490
625
764
496
539
528
528
528
684
835
1469
717
847
1470
626
624
623
623
660
657
788
661
706
692
665
668
701
1454
1643
1635
454
801
803
793
801
835
835
835
835
837
515
1497
856
1618
1569
1569
914
608
1576
1594
1594
1594
1594
1707
685
691
689
624
624
536
525
522
522
522
527
522
769
1734
788
1753
1622
1622
737
734
643
632
635
632
635
633
634
740
737
722
722
514
500
994
1665
1653
1525
1844
837
837
985
826
989
830
902
892
1615
673
1544
941
1533
666
945
945
1567
1996
1832
1022
1022
1623
1645
1645
1645
813
1080
845
621
621
518
509
509
507
507
513
908
938
716
734
631
993
639
639
1000
639
639
642
667
666
667
675
1357
1342
1342
1134
1981
1998
1998
1173
952
811
953
812
840
857
816
852
851
854
841
873
873
873
2152
2144
1835
958
958
958
972
972
972
524
513
1789
579
581
570
1960
613
1909
1818
1807
1807
2037
1853
1853
1853
714
721
718
604
604
552
538
538
538
754
753
644
641
586
575
573
573
1974
653
652
650
650
660
665
680
681
684
686
902
788
788
733
722
722
2110
2095
2095
1869
801
798
1884
816
814
1685
814
1712
1609
866
866
866
836
2251
2013
1998
1692
1692
953
1700
953
1700
508
491
491
444
448
502
499
497
501
526
547
525
526
524
524
514
512
510
1062
605
602
603
600
653
653
615
666
630
624
626
631
706
683
683
1243
1242
1242
1212
2006
2006
750
740
740
754
793
793
782
785
780
772
772
775
779
2127
2123
1647
1677
2164
1685
918
923
920
518
494
492
436
436
1794
1680
1680
1625
1614
1616
1008
1614
1614
594
538
538
538
540
535
532
509
509
669
644
643
576
576
571
568
545
545
590
592
655
608
610
673
1223
800
1318
776
777
718
1874
1874
1874
1844
735
737
739
737
814
812
805
807
781
781
781
810
390
390
383
371
372
377
2042
2042
896
896
896
1596
937
948
520
520
490
514
502
501
499
503
967
549
1053
1708
1734
662
1735
1723
663
655
643
643
639
684
690
688
688
462
419
405
405
1862
1862
1872
1870
1862
1858
789
789
789
563
520
507
811
1911
1488
558
890
1516
667
621
608
607
606
649
448
443
657
670
503
2088
2088
719
564
564
551
540
540
535
595
584
571
571
584
801
594
825
854
1731
1723
1728
887
1702
1701
687
892
1704
740
723
741
712
702
716
704
738
750
752
753
412
398
384
1902
1899
841
841
503
1879
508
1887
516
908
1489
1489
582
1014
1589
630
627
1021
640
1036
695
1600
681
667
463
454
710
509
502
514
2157
2153
780
538
776
538
575
578
798
572
560
560
558
607
859
617
1822
1822
1596
1553
1539
1539
914
672
926
922
725
722
715
702
703
739
739
740
739
383
372
774
765
771
769
2011
2011
839
463
463
465
465
471
1783
549
923
561
942
1834
960
1689
1708
1695
608
610
686
675
1739
698
698
552
552
469
458
458
458
2032
769
775
777
775
777
631
632
548
537
2120
1908
1951
1951
1951
1613
1601
1585
647
644
911
767
766
681
672
670
716
713
713
714
456
734
479
480
479
474
2125
815
833
1789
862
856
1803
856
599
1632
628
631
628
623
621
627
1696
967
1689
1677
970
706
706
731
733
733
737
451
432
418
790
1756
790
788
783
784
783
784
463
464
2078
526
520
2136
1882
1921
1921
1565
1554
664
666
652
1571
652
652
652
649
1005
697
699
723
723
723
424
413
415
413
1117
833
816
802
802
802
805
796
2168
511
1798
1812
905
1834
1688
614
616
966
966
966
667
656
656
656
992
992
1044
1826
1761
1750
1750
758
758
758
481
467
467
467
469
825
814
814
808
808
808
808
531
517
2137
1917
1917
1917
1656
1656
617
1685
644
1685
644
1680
969
969
974
689
720
720
723
720
424
413
413
418
415
808
797
794
794
794
2155
1901
565
1945
1945
1661
1647
921
918
918
921
622
610
610
610
611
655
655
666
659
661
1018
1020
1018
723
711
711
711
2122
1837
1837
1837
1837
1831
534
520
520
541
878
875
1909
1925
1926
905
1626
1615
908
629
643
1674
683
685
674
670
670
450
437
437
439
728
1043
1045
1045
767
753
757
754
783
786
772
768
768
549
535
536
535
580
580
2226
608
1921
1963
1963
1963
694
694
969
965
965
746
732
732
732
760
2079
1836
1822
1822
1822
1822
874
876
877
876
876
486
898
1876
1876
1876
1581
1569
1569
1569
1910
581
581
581
581
584
581
581
571
1039
574
1039
1039
650
641
638
641
641
651
710
710
710
710
710
713
712
695
737
710
710
1823
1823
1823
1225
1547
1225
1225
835
806
807
806
808
812
865
863
861
863
873
1656
873
879
880
898
969
898
1696
1712
978
969
966
955
955
1777
2157
2157
580
580
557
1121
1139
1903
1922
1175
1700
1177
1690
660
691
688
665
698
675
721
724
722
722
580
730
570
559
1837
1837
1837
2124
818
818
818
818
676
661
661
669
720
719
718
687
740
690
694
704
744
710
762
720
944
962
962
1595
2068
2068
2068
1678
1664
829
829
857
509
445
431
959
441
970
1757
966
1757
989
1779
1779
1788
2260
1050
1016
1016
1014
621
623
621
474
464
465
468
2382
1931
1123
775
716
1137
1137
789
728
712
712
1193
599
599
599
413
402
2117
855
849
702
691
867
867
867
720
709
2174
2174
1657
768
1678
768
1655
768
582
593
1681
1681
2301
2289
893
894
1768
913
1644
931
745
1651
2420
1889
843
849
872
872
875
687
676
676
679
676
676
695
713
699
947
1888
1888
1842
983
983
986
798
787
1887
814
1887
1539
837
837
837
837
453
461
461
464
461
461
461
928
925
924
924
926
1185
1627
1187
1185
1028
1017
1018
1013
1013
1016
1013
1009
1009
645
624
2244
2194
2194
1109
1112
725
1812
1154
1151
1813
1150
766
784
781
781
781
781
781
778
814
807
1931
1782
1775
1751
1750
1752
1565
882
882
882
879
2017
1839
961
958
958
958
494
510
494
494
496
513
506
1029
1029
1029
1029
1758
602
1758
1758
1591
639
1632
1635
1628
1628
686
1628
686
1628
686
717
716
716
716
721
487
473
473
478
770
1271
1270
1268
799
819
803
800
552
552
552
575
860
856
870
863
861
861
861
861
629
2118
1927
1955
1955
1955
745
748
745
745
745
747
1030
1030
1030
826
815
811
814
811
811
821
1666
1681
1708
2115
1731
2159
952
958
956
956
1817
1817
1817
1814
1011
592
581
584
581
581
581
580
569
1057
1057
1902
1902
1902
1904
1449
679
645
645
645
645
406
667
1149
730
719
719
719
719
719
718
707
1226
1223
1578
1578
1579
1273
854
1597
843
840
839
857
835
1625
2167
899
896
896
655
940
929
922
922
922
711
713
714
734
734
446
435
777
786
1839
786
1839
792
1866
1634
1919
859
856
568
557
874
874
589
575
618
627
622
622
622
496
482
490
489
1790
1786
1786
2069
722
722
725
722
593
582
745
626
637
627
477
469
472
1939
1939
1929
1929
850
850
721
731
726
726
1972
1573
1562
599
599
599
460
451
2083
831
850
1659
719
1679
1696
912
1695
1684
610
612
593
593
593
364
353
988
988
839
825
2301
1830
1827
1826
1585
901
901
901
762
749
923
920
923
781
841
839
820
820
566
567
572
572
570
364
847
618
1735
1735
1447
2066
1804
473
476
473
473
351
495
344
748
1010
1010
1010
784
770
786
786
2221
1632
847
847
657
1685
1704
910
1704
1575
912
950
741
1609
618
620
620
620
620
433
422
2171
836
836
836
849
840
719
707
858
859
1796
1793
1793
1645
574
581
578
578
578
839
828
826
826
848
848
661
1733
1733
2097
487
744
982
1832
1712
1009
1701
1009
1678
1700
597
598
883
894
889
1762
889
907
1559
925
1567
2229
763
763
766
569
558
558
558
558
558
820
826
813
813
1099
1099
1099
2224
1779
1779
2084
732
750
736
985
985
791
780
780
780
780
783
780
1935
1726
851
851
851
872
469
906
1157
1175
1175
1815
1002
1837
1007
1855
591
596
594
594
1070
1089
1819
1808
1092
1089
1089
1085
1085
2249
726
558
547
547
1181
1942
1217
1942
1942
1236
1774
1781
1262
859
1272
869
856
856
857
856
713
715
718
715
715
419
406
408
2274
1940
1940
1940
834
825
823
1027
1030
1027
879
868
1770
595
602
497
486
961
959
1879
986
1879
986
1879
986
1711
2404
2183
1755
1084
1081
1755
1081
781
793
1782
1782
708
710
712
710
710
860
895
892
1875
1872
921
813
804
932
827
816
625
614
614
617
614
614
614
631
2255
2026
929
932
929
929
730
719
2063
719
1686
2129
2129
2129
797
1723
1723
800
797
797
1068
1087
1758
869
869
879
887
887
488
477
477
1187
969
958
960
976
972
1725
972
1741
574
572
572
575
569
568
570
607
590
2434
2033
1132
1132
1881
1899
1899
1899
1586
1586
1174
1171
772
761
762
783
780
1631
1548
871
867
873
871
835
835
912
912
904
919
914
1394
1391
1686
996
522
511
511
511
506
516
548
1487
1091
1088
1084
1084
1088
1085
1076
1094
1844
2340
2030
1158
1122
1122
1195
1938
1159
1939
1159
1746
778
764
765
764
767
759
786
786
786
814
809
2087
1830
1891
1891
1891
1887
1887
929
931
931
931
933
534
523
523
525
542
548
1990
1034
1031
1031
1031
2034
2035
1635
1628
1625
664
693
693
696
471
471
471
474
715
762
751
751
754
751
1196
1195
1193
796
1787
1788
838
1787
838
1787
838
833
624
626
626
626
626
2326
932
932
932
710
710
710
710
962
963
1962
1023
1926
1926
470
459
459
459
350
856
859
856
856
849
850
849
849
863
2135
2120
2113
474
473
473
487
966
966
658
1733
665
665
1751
669
557
584
584
584
1844
787
1844
776
1839
780
777
667
698
704
705
695
695
505
737
734
735
732
726
725
539
751
743
2027
1990
2035
2035
2035
1638
1627
1627
853
660
692
698
699
696
699
567
556
556
559
1738
1734
608
799
796
796
815
1809
1829
712
1601
1601
730
733
734
732
733
462
449
450
451
801
1698
801
1697
803
971
971
971
842
845
603
925
1828
1828
955
1828
955
1503
1515
984
979
979
979
982
708
697
697
697
2204
2223
807
802
802
802
825
477
464
1150
1150
1150
864
864
864
884
1615
1615
1789
1789
1680
2165
628
656
656
1051
1051
1783
1053
720
1807
735
1807
1617
770
772
772
772
772
803
1691
1197
1691
1197
1691
1197
1589
1578
874
874
628
617
617
617
619
617
613
613
975
992
993
1698
1716
1022
1022
1039
1749
1042
1039
1040
764
753
2209
2204
1977
810
810
852
840
856
859
856
856
852
855
852
852
893
892
905
894
896
901
900
959
961
1321
1324
1321
1046
1031
1034
1031
1023
1023
1051
1053
1055
1057
1057
1091
2148
2148
2148
1862
1862
1862
1853
2186
1900
1876
1160
1197
1169
1169
558
550
547
547
547
550
2003
2000
1669
1658
1661
606
606
1710
1326
1296
1710
1296
685
677
674
675
694
702
704
762
731
750
739
741
741
746
738
740
809
811
808
805
805
1526
1498
1903
1498
879
873
875
875
881
983
991
987
2029
1005
1005
2051
1016
1799
1039
1038
1040
1040
1013
530
516
1092
1881
1885
1882
1874
1873
2218
1880
1150
1152
1152
1122
642
628
1170
1170
1140
685
687
689
691
689
532
521
530
544
544
544
771
760
755
755
2072
2063
795
2035
2035
2172
2157
692
711
711
713
713
934
777
1570
783
1580
812
812
812
843
545
545
543
528
869
869
1085
1088
1085
928
1726
1729
1726
1719
1719
962
959
958
975
1739
972
671
671
666
2535
727
729
731
731
731
403
2590
440
439
430
456
454
1171
836
1171
1185
1186
881
884
881
876
895
890
890
890
576
579
594
590
584
2126
2114
2114
698
2163
2164
1074
2133
1653
1095
1092
1658
778
772
767
767
786
781
775
820
806
1184
1772
1772
1772
1615
875
877
879
879
881
497
484
491
928
924
917
930
920
927
924
537
222
225
535
225
224
232
242
105
249
247
116
2471
117
116
121
1929
131
590
134
135
593
143
141
144
152
158
159
153
620
1038
1794
1048
1794
1046
659
188
343
342
213
210
188
209
196
191
683
678
682
688
250
251
260
250
252
257
247
732
735
261
258
740
279
737
742
277
294
285
475
773
284
782
280
279
303
302
1946
787
1640
1657
1657
818
820
335
338
351
830
339
823
346
344
318
827
359
845
843
229
403
398
394
604
610
2090
438
420
422
322
322
293
294
1797
1787
300
298
1789
1787
1787
356
464
326
978
327
323
306
1470
310
506
331
996
733
1476
1494
1491
1480
375
1486
385
384
548
2241
2233
1895
386
378
410
394
412
396
420
578
1560
479
1554
477
1544
448
1125
448
423
1583
1199
462
1188
893
475
1193
1186
899
513
515
515
1230
1229
800
1229
804
1232
805
550
1233
578
830
623
623
849
623
639
875
524
526
526
526
707
707
951
977
974
974
974
601
604
602
587
489
489
644
546
546
536
527
525
527
525
527
544
728
728
549
551
604
590
590
575
595
914
600
598
780
1199
667
672
669
358
365
362
369
713
871
712
777
796
1289
1335
801
800
803
802
494
493
495
495
906
895
914
914
1436
914
918
915
1447
1495
1491
652
991
667
1037
1054
1471
1471
1461
1461
1460
1460
1460
1458
1631
816
816
638
587
512
493
493
493
1183
857
854
676
625
548
1209
933
933
933
580
580
1648
624
624
442
442
442
440
452
685
682
686
1036
858
806
730
694
700
1781
566
562
784
784
594
606
617
836
631
626
624
892
892
892
893
1779
1681
1965
1820
1816
754
754
777
990
990
782
1817
1807
1796
1796
1799
1796
1796
1796
861
1077
865
543
918
596
532
515
493
493
1899
548
545
548
548
411
413
406
409
410
638
624
599
599
1078
476
2051
697
697
700
700
542
567
546
591
1220
613
631
647
640
653
643
659
650
663
1329
1344
1342
1328
746
743
749
940
1424
1424
1424
2029
1134
1070
1056
1034
1031
2092
1914
1863
1064
1064
1064
934
936
960
942
946
2193
2193
1920
1903
1903
1903
1903
1025
672
545
1924
1076
1943
1090
1943
1783
1128
778
625
633
1142
674
652
639
642
639
486
475
477
475
1234
1231
533
530
530
530
532
2184
794
781
781
782
629
618
620
617
617
650
881
654
654
680
684
684
686
691
690
692
952
910
1142
997
2175
1854
1789
1772
788
2238
2238
2238
850
1064
854
1068
915
922
922
1856
1878
1909
1917
1917
981
567
555
999
999
1069
1069
2028
1867
1869
1869
576
576
486
475
472
472
472
472
470
719
707
625
622
529
494
522
525
522
551
549
551
572
572
601
638
1317
642
1335
683
1350
681
1350
714
714
1427
744
1425
791
791
790
792
1527
862
868
872
871
876
875
898
900
901
2056
1911
1651
1220
1135
1135
1064
1954
1915
1933
1933
2513
2513
2513
1117
1119
1104
661
653
588
1194
1194
1194
1194
1194
1933
1922
1922
1922
2133
772
761
696
609
589
579
570
536
536
538
514
514
2069
2069
680
660
650
644
607
607
609
583
628
632
635
584
588
590
592
598
656
670
635
628
677
630
685
639
638
728
1545
1545
1563
1549
1847
743
745
745
751
749
755
778
780
2386
2386
1252
1244
2010
1923
1923
1213
1830
1823
1838
2492
2073
1206
1962
1962
1964
1950
1952
640
600
586
574
536
536
538
672
627
636
620
608
573
611
604
606
605
607
605
607
609
611
653
655
666
664
681
724
744
737
739
738
740
742
736
733
760
771
773
799
801
804
817
817
852
854
846
863
854
853
882
849
896
922
914
925
1627
1738
1726
1717
1685
1619
1157
1114
1614
1613
1613
1613
1131
1116
1078
1078
1045
1038
1028
582
1042
534
596
1093
1092
2641
2641
2641
2629
2674
2233
2225
2160
2028
2008
1998
1991
1200
1955
703
1239
1923
1925
812
760
1946
557
604
584
587
530
496
494
632
490
602
498
606
559
524
522
523
518
516
555
557
559
561
563
549
550
589
592
638
796
640
776
664
792
666
793
710
808
730
774
772
753
789
755
806
825
785
848
850
1023
997
997
920
909
907
905
903
903
944
1105
946
1079
1102
1028
1014
1012
1010
1008
1013
1017
1171
1151
1145
1101
1101
1067
1065
1063
1237
1102
1096
1076
1065
1055
1032
396
335
336
331
1193
2759
2759
2759
2759
1170
1128
1181
463
461
460
457
465
462
509
507
507
505
487
490
484
484
548
545
1245
545
543
544
543
545
547
1333
571
574
565
554
542
532
531
526
517
660
659
659
657
640
629
649
768
782
600
701
708
842
715
716
858
704
699
690
882
880
903
901
899
904
748
970
965
978
1748
1726
1101
1040
1119
1055
1053
1051
967
1052
1816
1146
897
882
860
836
813
829
788
432
1116
1085
436
1182
1180
1195
977
955
934
919
908
3180
3168
3130
3130
599
599
599
595
595
3171
3169
3171
1023
667
1394
697
686
692
690
684
520
525
1473
1471
3455
525
649
648
535
537
590
646
629
630
632
634
636
753
642
644
698
684
685
701
691
703
705
730
729
1777
1775
781
780
782
784
786
790
790
792
797
1845
1871
876
872
862
540
890
892
894
927
605
605
1998
1996
1994
1996
1993
1795
681
1363
1350
1357
1195
1084
1086
2100
2100
2098
1928
1939
825
825
1496
1514
1495
830
832
414
839
416
678
427
1213
876
873
1232
873
873
711
460
462
4104
4087
533
542
545
543
557
563
564
1006
1006
844
593
598
593
632
691
3836
3784
732
732
738
3579
3582
3614
3570
814
812
812
828
475
830
476
881
881
537
537
537
537
537
915
542
567
567
611
611
609
609
607
604
992
989
645
645
613
618
294
371
668
328
328
706
706
703
703
703
705
452
381
725
3786
3751
3714
480
480
2330
492
2035
492
490
871
868
617
546
1744
1744
1582
1331
3178
2452
2452
1835
699
696
696
696
475
474
472
472
472
1515
525
522
522
522
549
807
806
806
806
582
582
582
586
577
633
637
637
658
931
1663
931
931
934
707
735
757
748
1390
748
766
766
1416
766
1816
1498
1498
1498
855
855
858
855
468
468
466
471
473
487
926
926
926
926
537
537
537
527
576
581
580
582
1700
1700
1700
641
633
645
647
643
645
1081
1080
660
696
698
698
704
1817
1566
1489
1495
1176
1176
787
787
787
787
785
1545
1545
1913
1913
1913
857
859
1637
1639
1637
1637
1413
1417
1414
590
585
581
556
558
555
556
556
984
983
985
982
663
660
656
631
632
629
629
629
631
684
686
688
695
693
698
700
704
703
705
782
779
753
829
811
811
814
811
811
797
854
858
858
858
858
858
1802
1804
1806
1853
1853
1853
1853
1855
950
952
1861
1861
1861
1861
1472
1472
1472
1492
1024
1490
595
1068
593
613
583
660
660
660
658
644
628
608
608
612
627
627
725
747
699
678
748
1218
678
678
678
678
1278
1763
768
813
818
815
815
929
926
344
929
934
927
908
893
873
873
380
380
1456
381
1456
937
938
937
940
939
939
939
467
953
2008
2008
531
533
557
557
560
582
571
571
1784
1135
1153
1821
1834
1809
1807
1807
1807
1807
2229
2229
756
758
759
758
512
498
487
484
486
1917
829
829
1924
832
1924
830
584
569
555
555
596
600
600
2029
635
635
698
698
1006
1006
763
746
732
732
732
733
465
454
761
454
365
366
777
777
780
787
787
2227
1759
1759
480
478
484
1820
915
649
635
928
642
551
550
672
664
689
600
594
1951
1989
1976
1959
1939
1939
1939
1939
1939
723
723
723
552
538
534
506
753
753
753
582
1539
2106
2106
2106
663
669
667
736
1674
750
1691
725
970
970
969
798
778
775
581
570
572
570
570
867
863
835
833
860
625
626
2378
1882
1879
1633
1619
921
927
732
718
718
719
718
951
951
768
771
769
769
461
1030
1730
857
849
846
846
846
845
2086
2086
514
500
500
1873
1870
1870
1866
1866
980
980
980
669
585
571
571
1919
1651
1052
1659
1074
763
1681
1589
681
665
669
704
710
712
753
753
756
545
534
534
534
539
534
2132
828
1787
1784
1786
1613
869
1607
870
661
650
655
651
650
650
907
699
705
703
703
703
411
721
409
392
1733
1705
1701
1023
1023
815
804
804
1747
1747
1553
1542
507
509
877
899
896
1604
912
1626
931
1645
2163
2163
673
676
673
452
443
446
443
443
441
1056
1053
758
752
736
1072
1075
780
774
785
2098
593
880
877
877
1922
877
656
645
645
645
645
671
677
947
947
947
726
715
716
715
2055
1744
1660
1646
1646
782
782
780
1679
1679
1679
1472
1460
1460
2150
2150
1717
888
890
890
892
890
513
1562
929
1563
929
1562
943
933
593
574
574
574
574
574
576
569
574
641
617
660
697
681
678
681
678
678
678
665
674
733
733
733
735
737
751
737
752
750
752
754
755
826
807
803
1259
1259
901
1909
1927
1635
1629
1612
882
935
935
903
902
938
932
914
914
1690
1690
2047
2047
1000
1000
556
522
508
508
508
508
508
499
486
1828
1866
1645
1634
1634
1634
1636
1145
1634
1632
611
613
610
609
611
618
625
1228
697
629
791
754
740
740
741
740
740
729
718
746
746
747
746
746
751
750
882
848
823
821
813
811
1447
1922
1447
1922
1944
1567
882
959
954
976
973
1600
962
951
951
2045
2045
1008
1060
1038
1707
1725
1725
1725
1061
1059
657
551
1081
1081
551
679
573
1099
1099
697
591
1844
1840
653
653
653
517
658
506
506
506
511
1933
1907
561
561
763
763
579
582
764
769
627
619
616
619
616
2040
2036
2036
681
683
685
709
710
711
713
929
1642
929
1610
929
1643
841
831
830
830
1653
833
1653
832
857
857
503
500
508
476
478
475
910
1760
1749
1738
1738
2336
2335
982
980
980
980
626
994
997
637
636
520
510
509
509
1926
703
702
702
1882
609
595
1882
595
1506
612
612
612
669
830
1454
829
829
710
699
700
699
2077
2076
2073
745
500
500
500
500
500
520
518
791
791
791
1615
1612
1612
840
1476
1465
858
613
613
613
613
613
884
639
668
670
670
656
656
419
971
989
1621
1637
1637
1637
1637
771
771
767
767
753
1878
575
578
575
575
575
596
596
590
602
619
621
623
911
671
621
662
659
656
657
675
703
695
706
709
711
1898
713
752
762
762
1094
793
795
1991
1106
1991
1106
1634
892
1624
1623
909
909
912
909
927
1685
1585
1574
1574
951
560
1626
1601
1601
1030
1019
1016
1016
1022
2254
2254
1885
702
702
590
579
579
581
579
1757
1786
1187
793
1541
789
789
680
666
667
703
703
685
699
714
720
730
733
722
734
737
738
740
740
798
798
959
955
955
843
832
832
832
863
865
867
869
869
871
873
875
875
889
891
893
893
927
927
967
1881
1881
1877
1863
1863
1628
1615
1615
1924
1924
1916
1047
1049
1051
1049
1057
1044
474
472
452
1730
1730
1730
1130
1130
1751
1128
1121
547
550
530
506
547
547
555
600
600
605
600
605
601
608
615
631
619
630
630
627
637
638
640
640
642
693
695
695
695
695
701
703
1386
813
813
793
772
812
2054
1662
815
1658
815
814
1662
798
819
798
798
808
1612
1601
1601
1601
2178
2170
2170
2166
916
914
1674
548
1675
598
599
601
603
604
550
1770
525
525
512
512
512
512
512
514
705
705
652
551
1840
604
604
591
592
594
592
591
591
639
640
642
642
323
648
312
851
798
762
762
749
749
750
749
2003
750
749
1431
1435
753
1415
2103
460
460
2103
2103
1504
1533
905
1533
903
1533
903
584
574
921
949
955
630
642
1611
638
1611
646
691
723
720
554
554
534
531
531
531
533
2399
791
791
625
628
602
605
602
1825
1825
1826
671
673
675
675
677
364
355
718
718
945
945
779
779
756
756
416
418
1565
1512
837
834
1460
834
1460
836
1452
850
857
1468
557
563
561
561
389
356
2120
2112
981
1594
985
1592
982
671
662
1015
1626
488
485
485
485
485
485
1086
775
762
1718
1718
1718
1399
1388
1937
1937
843
843
843
673
638
627
624
624
624
723
725
725
725
725
401
755
758
1016
1016
844
811
797
797
797
473
475
477
858
876
876
1710
893
1733
911
911
1585
1812
2186
1008
681
1709
1049
1686
1049
1686
1050
1713
737
743
741
794
1781
1781
1781
2021
2021
866
869
867
867
700
661
649
647
649
666
666
934
934
934
764
728
714
1973
1973
1973
1662
778
784
782
782
784
401
390
390
390
851
851
854
851
1109
1109
943
904
889
479
950
968
968
1843
968
966
966
971
966
2246
1906
1061
1943
1061
1771
1070
1765
688
677
677
677
706
696
695
2048
767
773
771
771
771
491
477
477
477
1917
1914
1914
1914
1914
1914
1910
1910
1915
551
553
555
558
555
899
899
899
899
619
627
1655
626
624
1723
686
436
425
425
425
425
735
1060
1060
1060
780
766
766
766
1813
795
796
793
793
521
1854
1687
2235
1912
891
641
633
633
630
630
920
668
656
965
965
1811
1797
1797
1797
1797
1797
741
741
2095
815
817
817
817
819
534
520
520
524
1936
1936
1936
885
884
884
884
601
1584
1571
1571
630
632
632
657
654
472
464
467
112
471
103
472
82
714
711
96
1033
119
97
733
1039
149
115
1049
731
760
741
127
168
116
113
124
165
120
134
142
768
133
779
144
773
149
150
154
152
162
184
181
187
592
191
599
191
196
2235
855
853
672
661
261
664
234
262
663
231
661
244
886
884
273
936
1896
325
326
326
328
328
328
755
335
279
767
340
808
798
797
797
797
371
370
368
2013
2013
369
366
343
376
363
360
358
2061
2060
365
343
1786
1772
1769
390
383
1769
423
336
360
1775
370
1774
340
348
919
339
919
943
943
943
521
944
953
953
1833
1583
1572
1859
450
451
430
437
438
436
443
438
556
462
453
460
1614
1902
568
1617
545
550
544
721
749
1675
1673
1669
519
522
1674
551
1677
552
1395
1384
555
1386
549
721
1390
563
561
1397
1404
656
636
636
596
596
620
622
605
1445
1445
1264
843
1254
1254
1259
1254
1245
654
1253
426
427
1271
1268
436
915
909
711
940
733
940
921
763
533
541
547
550
491
514
568
554
571
560
560
565
427
427
1059
1054
1101
1101
643
513
659
515
494
485
483
551
540
540
543
540
540
542
540
547
587
587
584
584
791
658
632
637
639
638
635
645
662
665
663
665
668
669
671
1333
805
1328
785
1328
774
793
1332
1429
1406
1401
834
834
869
870
858
859
859
862
940
940
958
958
1462
987
989
571
993
573
997
515
498
412
1553
1066
638
637
1052
578
561
492
679
1391
1143
545
545
545
1765
657
657
458
461
458
458
460
461
703
886
826
721
814
723
726
723
1896
784
784
585
585
585
585
585
814
589
634
640
886
1756
918
915
694
720
720
720
725
724
1845
1834
1834
1878
1742
1742
1722
1711
1714
1711
1711
1711
852
854
856
858
858
580
459
456
431
1786
483
483
483
481
481
481
480
271
271
977
977
977
699
576
593
568
1887
1017
369
369
636
633
633
634
631
631
662
637
663
865
741
743
715
2072
534
772
541
774
542
778
546
782
781
599
599
609
609
2184
2187
2184
675
675
665
679
669
683
2279
1875
1871
1811
1794
1706
1706
1706
1725
1728
1725
781
1526
1526
1544
833
835
835
559
560
488
474
471
471
471
471
471
473
917
1654
641
1654
651
582
539
569
566
566
569
569
566
605
605
570
570
631
628
636
631
637
636
637
639
784
1118
842
1864
1586
714
785
771
768
699
772
706
776
776
1950
1950
1950
844
1557
1557
1557
1555
1631
1630
1605
932
934
878
460
936
451
936
936
521
1701
1701
1700
1491
1491
1491
1491
511
613
565
548
548
548
533
533
535
533
552
554
530
558
536
1127
621
621
621
607
1214
1216
1218
1224
618
620
622
1243
700
697
1243
697
701
700
699
705
1308
766
753
752
1332
758
921
915
864
847
1439
844
846
846
852
872
875
876
983
983
968
990
1712
1640
1642
2059
2059
2059
2104
1828
1050
1056
1141
1078
530
1135
507
503
1827
1827
1206
1827
1827
1846
1195
649
626
622
584
581
583
1227
588
603
603
603
1249
1263
1266
1263
1966
1958
693
693
693
409
409
383
381
378
846
824
819
781
781
772
772
775
772
2128
508
506
502
573
538
900
577
540
556
555
550
554
962
956
956
959
670
2240
1843
662
662
2315
2315
770
767
722
722
749
2391
2003
1958
1938
1938
1938
1923
1928
851
879
591
525
512
889
889
889
889
892
625
559
546
925
2041
2035
2019
599
599
599
2094
534
658
523
523
523
529
521
525
1093
539
710
707
708
735
585
623
609
609
609
612
607
804
651
653
658
655
663
661
688
688
676
689
1778
1038
1755
972
1751
979
1732
1751
1751
2412
2409
2409
846
534
1050
1050
1852
1076
1852
1852
1566
932
935
621
998
1009
1607
1009
1607
1009
656
1052
1050
635
588
588
445
434
436
436
434
436
440
1128
1131
738
709
2106
703
703
560
552
549
549
549
551
553
592
594
599
598
603
602
607
606
634
636
641
640
660
662
962
664
666
1383
1384
1381
1066
1987
1723
1657
1019
1644
2039
2039
818
819
852
852
836
842
1052
909
901
898
898
898
864
1112
1796
1796
1796
2207
1819
985
985
1746
643
615
1042
1042
633
698
741
693
693
565
514
500
500
500
496
1890
1890
1890
1890
627
766
580
566
551
541
544
541
539
543
544
555
549
566
653
653
649
608
595
595
585
600
632
632
632
658
663
661
664
970
845
794
780
780
712
713
712
2181
2181
2181
2226
1914
920
916
872
862
862
863
862
885
899
899
893
903
903
912
934
964
960
2015
1948
2064
2006
1863
1855
1852
1852
1852
1846
1846
734
663
618
548
512
512
490
487
487
772
701
785
657
594
555
555
529
530
562
570
556
570
568
574
575
574
631
625
621
659
659
659
829
882
762
729
729
702
702
701
703
746
746
774
2199
2202
2195
841
841
844
841
841
1849
852
852
852
925
927
929
929
931
919
937
937
937
2005
1999
1871
1820
1806
1809
1806
1802
1758
1753
1024
1077
1077
629
631
629
613
558
480
480
1855
1834
1831
1855
1831
556
556
584
579
579
579
581
780
793
768
635
716
636
640
637
658
699
686
686
708
694
709
686
716
709
743
968
973
1781
916
837
837
857
1741
1711
859
858
860
862
859
904
2262
946
1784
1745
1745
1720
1720
1720
1720
1720
1720
1030
1073
1072
1072
1042
1045
521
489
1086
1108
1068
1074
1072
551
546
546
546
546
546
1189
1191
1193
597
1187
1187
600
597
655
1254
1253
1245
1235
1237
713
539
540
540
540
2009
2012
2009
757
757
605
608
783
783
611
391
621
849
457
377
377
867
868
523
523
446
449
448
934
778
778
452
1790
1774
1717
1641
1641
1641
2280
1830
874
550
1705
1724
608
610
604
612
612
490
499
664
551
547
528
528
515
515
519
519
705
573
571
620
620
595
609
601
615
617
1221
2044
2040
1030
2036
2036
1034
954
784
788
785
492
400
387
828
830
826
845
845
1043
845
2228
2228
1143
1133
1133
1131
558
688
1004
1073
1002
610
596
1088
1067
1067
1028
1033
2367
2367
787
696
724
743
1876
1895
1895
772
774
2507
2507
830
829
826
511
504
493
490
490
864
864
549
540
529
526
525
530
2088
2056
2055
594
600
606
604
606
988
988
988
988
673
664
650
650
648
2021
1800
1800
1723
726
727
726
395
342
329
2248
2092
790
790
792
792
817
1705
505
1719
476
481
480
480
1929
553
539
1808
1827
976
641
1798
575
594
605
607
624
2071
2071
1911
683
719
719
548
537
744
741
570
562
548
548
548
547
550
778
608
608
610
2095
2093
872
870
698
687
676
675
675
2165
2207
1914
1823
1809
786
792
790
790
790
502
510
510
845
863
1906
885
882
1924
594
1950
1637
616
657
666
661
661
661
437
442
430
683
1037
1734
1037
1037
749
738
769
775
773
773
1784
777
1770
586
2227
586
578
579
338
335
336
2256
917
690
690
683
1922
936
945
712
712
706
1984
1656
1601
1586
485
473
474
2049
2049
822
856
856
848
848
604
604
604
1736
1732
630
619
619
962
959
951
703
704
706
696
1825
1654
719
717
1888
1885
798
802
796
789
789
462
459
451
439
1790
1778
1780
1778
494
494
878
903
899
892
894
561
561
1878
1878
1878
1590
1579
610
614
621
614
669
657
1634
657
657
1052
1045
711
710
706
455
441
440
770
758
776
776
774
776
777
785
1767
2129
538
839
584
573
573
598
587
592
632
630
947
947
1929
1727
1727
1720
1708
1708
1700
1994
1990
764
761
504
504
491
480
480
480
797
807
807
807
807
550
1616
1616
1616
1609
1595
1595
601
606
605
694
678
666
669
666
985
661
982
724
662
724
432
418
425
739
728
746
746
1750
763
763
1762
1453
2107
824
827
587
576
576
843
605
594
594
894
896
1583
1577
1564
1564
1566
1967
1952
728
733
730
730
736
737
449
450
442
764
764
771
768
768
483
1433
502
502
502
502
1762
1762
1762
597
1513
608
1531
599
596
598
930
599
645
658
662
659
428
417
421
420
421
733
723
710
426
709
715
726
1670
746
1684
2017
809
809
809
579
568
568
831
831
601
1564
1564
1551
1540
1540
1542
661
661
659
659
665
1911
1907
1598
750
752
752
538
452
441
548
441
448
1698
1698
1723
1486
845
1476
1475
847
634
633
544
566
566
567
564
562
608
608
608
636
636
636
628
650
641
646
643
644
642
644
1041
830
827
741
730
730
730
730
1717
762
764
764
766
768
766
798
798
784
786
1814
1813
1855
1570
1573
1563
1551
1551
1554
912
918
916
481
481
455
445
442
462
462
983
983
983
548
548
520
509
1680
1701
1711
1502
596
1098
661
661
633
1548
1548
674
680
678
678
696
680
423
702
702
701
420
424
712
427
766
766
766
1691
1684
1470
1470
1387
1373
542
2006
542
549
862
862
607
880
880
880
626
612
1862
1539
1539
1539
594
577
577
433
425
778
458
779
458
789
458
788
788
666
654
652
1662
2020
582
571
1714
762
748
768
623
650
649
625
671
624
670
670
680
680
1846
724
1846
724
1909
1901
1893
760
518
504
504
504
517
508
827
803
805
802
557
546
546
546
833
2041
1606
1606
632
630
630
631
397
935
934
689
678
674
1644
2151
1684
1707
1707
1707
520
520
520
511
802
802
802
804
569
1783
1780
1782
1535
604
601
602
590
621
623
623
623
623
333
322
955
952
952
719
708
749
749
740
719
719
719
719
429
418
1720
1717
1593
1579
470
469
469
483
476
316
2066
316
1826
1818
891
891
891
601
591
1721
1577
1568
1567
475
1625
464
1625
673
673
469
468
473
544
532
730
532
738
535
533
738
584
582
1705
790
787
629
650
643
1753
1766
1521
1512
668
668
668
668
651
1866
1565
736
742
740
740
740
403
392
394
392
1665
1661
1661
1661
844
844
844
486
477
507
496
491
486
502
494
519
1565
1554
584
429
1584
421
1590
423
1001
1001
1019
682
1618
671
670
494
494
1951
705
704
726
758
1698
758
1698
758
788
633
622
622
622
622
655
644
644
675
673
1880
1556
1876
1586
1575
1572
788
790
790
791
788
434
423
426
423
825
825
826
823
469
458
459
458
555
561
559
565
1800
1640
1640
1633
621
618
618
409
644
1043
1051
1047
690
696
1701
715
1719
514
514
505
800
1800
794
1800
2049
864
864
864
658
641
641
632
890
890
1922
1922
1941
1606
1593
985
797
783
784
777
772
774
760
755
755
494
483
488
483
2104
502
841
824
822
822
561
550
550
550
1842
1838
1838
1838
1719
679
987
985
985
724
713
713
732
726
1778
756
758
767
767
767
465
460
442
444
1866
829
1867
1866
1880
2101
2097
891
891
891
891
589
584
566
607
613
611
614
2037
2037
1683
1672
684
1035
1035
733
729
710
715
693
445
444
1744
1744
481
480
790
790
505
505
2203
834
834
591
577
577
577
883
884
1899
632
635
1969
984
738
727
730
727
720
727
2019
2048
2048
1861
1850
1850
1841
1780
1780
1778
1517
1506
1825
892
894
878
883
880
880
522
522
499
1614
1614
1614
554
551
551
551
556
550
1005
990
991
988
630
630
606
609
606
638
635
634
637
633
635
664
684
686
718
706
708
727
712
712
1189
1189
831
833
808
808
804
806
804
843
846
1966
898
936
938
928
944
946
948
950
954
950
2096
2096
1797
1789
1771
1771
1002
2162
1052
1083
1083
1071
578
538
524
1910
1910
1910
1664
1655
1653
1653
582
585
588
594
612
452
1201
1189
715
675
661
1244
1243
1733
742
544
541
1806
776
762
760
760
589
584
587
594
592
603
2167
820
820
674
691
691
692
683
699
693
752
746
951
973
2016
974
2016
832
821
1688
1688
849
849
847
847
1728
1728
2167
2149
957
963
963
965
903
903
476
465
991
991
931
933
933
509
495
1896
1896
1896
1896
564
570
568
568
568
1050
677
666
465
649
649
457
459
462
459
462
469
463
470
2064
712
709
572
561
561
561
561
562
557
569
569
622
620
848
848
848
683
700
700
700
700
702
698
694
748
747
749
751
2334
2347
2347
2400
2396
2395
1891
1851
1837
1833
1833
892
894
894
515
913
913
916
534
923
544
1748
1940
1794
1783
603
608
594
576
595
509
496
496
496
496
503
496
494
2059
707
696
678
708
619
607
607
612
607
607
607
599
648
662
664
674
676
678
682
682
733
722
724
722
895
877
877
790
790
793
776
833
835
835
837
839
841
843
2230
2226
2226
2212
2209
1782
1771
1752
1752
1752
1587
943
943
943
971
1613
1632
1632
1632
1025
1031
1031
546
1881
566
566
566
483
469
471
469
469
469
641
530
532
532
1814
1813
531
711
708
711
625
612
611
612
614
612
639
631
646
643
645
645
650
650
651
716
716
871
900
900
817
803
803
803
803
803
803
840
840
842
844
846
846
2142
1736
2191
1812
1778
1760
1760
1691
1683
1680
1680
1680
964
1680
1680
1011
1042
1045
1042
521
513
498
503
498
498
1083
1080
1080
559
551
536
536
536
536
584
584
577
603
606
599
609
611
615
613
617
620
647
1249
1250
728
720
706
705
705
705
690
712
740
742
745
744
746
748
748
2080
2080
2076
1591
846
846
828
830
853
1621
894
896
898
900
902
1698
1615
1749
1601
1719
1606
1624
1624
1624
1624
539
536
574
1025
1025
515
511
492
475
475
480
475
469
632
474
554
553
535
517
517
509
506
500
530
530
535
547
547
549
710
632
631
568
625
608
608
624
626
656
656
654
654
1892
1892
1940
1975
730
1975
1963
1963
1452
1444
1429
1444
1444
1444
1444
1444
1428
1026
1026
948
947
928
911
911
1499
911
1499
911
1060
1519
961
961
967
55
54
55
60
84
84
87
91
96
96
99
103
108
123
126
131
131
135
136
141
143
145
165
170
171
172
175
182
182
182
185
205
207
210
210
216
227
258
288
332
341
336
342
340
344
351
350
348
373
371
377
375
383
379
385
383
391
400
400
402
407
406
404
406
476
507
509
511
516
515
489
495
497
482
524
520
510
595
592
592
592
582
584
586
604
600
645
615
615
667
713
716
703
697
717
696
695
739
735
773
790
804
803
803
799
798
791
827
821
804
866
861
863
866
861
917
867
918
884
928
883
884
873
385
944
947
934
446
437
435
430
442
438
481
487
485
487
489
512
518
537
536
570
568
1128
1150
1149
1151
1151
1180
1184
1177
1165
1164
666
1169
1299
731
757
755
749
755
755
760
763
759
765
807
802
1452
1452
867
852
858
608
488
860
495
874
553
548
681
558
933
570
558
566
562
1602
1602
990
625
623
609
400
1676
1679
1676
487
706
454
497
484
511
505
506
501
499
525
499
509
534
803
571
807
581
580
578
576
607
578
594
592
889
912
666
664
662
663
658
704
664
704
720
762
721
716
714
712
760
1047
1039
830
2051
2053
840
806
805
806
369
2130
2122
900
866
866
425
2186
499
493
491
516
485
485
485
519
548
542
558
543
538
540
542
545
542
1054
1048
618
623
625
627
661
631
627
669
669
671
665
703
669
672
695
1227
731
698
730
771
773
773
773
752
747
744
733
727
1325
804
796
784
870
872
1383
876
873
862
855
833
580
582
554
439
1497
1495
946
946
947
1556
1554
1570
1570
701
703
675
560
560
609
584
581
489
489
496
486
486
488
1693
1690
1684
1731
1731
1721
688
688
594
596
598
591
593
596
542
591
587
587
599
577
1418
644
632
652
639
659
640
662
667
667
1499
722
742
733
761
759
813
815
1612
815
815
815
1658
1652
883
902
881
892
563
573
926
912
904
587
493
495
500
597
1802
1800
3568
1847
3619
686
688
690
633
635
639
600
602
604
659
661
625
628
628
630
635
634
636
689
690
689
694
695
695
697
1660
1972
2083
2004
810
809
1745
811
813
815
1660
1628
562
862
569
609
611
613
615
617
621
621
623
949
949
1588
1587
1587
1587
1592
690
700
705
701
700
4164
4163
776
771
773
513
517
1943
1911
4259
1797
1797
1799
907
900
899
901
641
4377
3879
719
712
710
712
714
714
712
714
755
757
750
752
770
1971
776
783
778
813
793
841
841
815
847
849
851
853
874
873
875
880
756
758
760
483
2154
938
940
942
944
823
825
827
545
1002
2256
2235
1926
1730
2276
2266
1946
675
675
677
679
683
683
434
434
434
1838
1840
746
749
748
753
752
754
500
509
509
550
552
557
568
529
531
535
538
586
588
590
592
602
585
1690
1698
1693
620
642
641
1441
1465
1461
1459
2095
1800
4682
4684
1859
1857
1855
808
793
799
523
406
1598
1607
1605
4836
895
901
625
506
504
495
915
498
495
564
564
565
710
564
560
564
601
564
580
585
740
584
584
587
591
634
632
645
642
689
683
648
700
672
716
718
744
743
729
699
797
818
1585
816
1585
812
863
810
795
861
883
885
1682
1682
873
871
926
913
906
863
978
997
1519
907
566
1022
1007
574
971
970
1603
1603
1016
675
678
677
679
642
1693
1677
1652
5247
5265
802
763
1725
765
829
711
1750
576
848
768
633
635
641
645
642
643
1843
561
694
696
701
700
702
613
614
717
716
718
720
723
720
724
726
745
757
775
777
761
781
765
787
789
831
1863
1740
862
858
849
851
853
847
902
901
903
903
903
906
1762
1988
1866
1908
1907
1905
1904
1010
1003
567
567
1062
1046
1048
586
2006
2000
1998
6045
483
481
2014
773
555
573
575
571
595
616
618
632
637
636
638
640
645
1302
866
851
668
670
686
688
716
693
695
726
693
755
758
760
756
746
750
752
803
803
767
819
775
825
823
826
822
769
827
885
884
886
888
890
807
863
798
843
2058
2054
1938
2438
2079
949
892
880
929
908
925
6689
1858
2203
2124
6780
657
1956
1958
678
1978
729
731
682
684
615
617
622
621
621
623
624
599
599
1194
754
753
693
695
697
699
699
701
706
678
679
724
726
619
619
615
617
619
619
619
2233
2212
683
802
689
808
693
705
701
712
705
744
744
746
2327
1905
804
797
807
801
815
812
805
798
2419
1987
7098
931
931
919
910
924
969
963
488
487
487
489
2144
1047
1049
1991
1993
1995
2219
613
615
615
617
614
616
667
672
671
676
675
613
613
618
617
2152
1986
734
739
738
676
676
678
724
725
531
515
521
367
524
2269
2218
2188
2145
799
799
1721
1627
1474
1474
838
1476
1478
7694
708
693
694
696
545
590
592
5980
651
656
651
657
390
400
389
388
1966
1874
1704
1697
7931
1746
770
6225
825
834
564
553
574
558
560
559
575
616
618
621
622
624
632
644
661
1448
663
1365
1379
1484
1401
1400
1202
752
754
754
6118
5787
5828
837
840
837
1188
1359
1194
1237
972
961
931
608
606
597
5221
1302
1300
1035
994
669
672
660
5306
550
550
552
550
559
552
558
556
584
584
582
588
587
590
1196
1188
1186
630
630
632
668
662
1236
678
682
683
682
684
1314
1298
965
965
4638
796
806
801
806
401
5239
858
1093
2767
2178
2827
2813
4839
968
966
969
1015
1018
1015
611
1060
1058
1060
1063
1062
1064
1066
4548
3751
1158
713
1160
717
2280
2266
2491
702
834
691
1261
594
887
746
629
771
760
635
635
671
635
1354
956
692
693
728
692
710
695
712
696
769
753
771
769
767
765
765
767
1069
779
823
1111
1109
808
823
831
823
823
869
934
872
872
918
925
1621
1621
1217
2252
939
928
356
358
358
1151
1140
980
980
985
1032
1030
2667
1048
1064
1104
517
520
393
393
393
395
395
402
393
2801
2494
1229
632
632
637
632
508
642
515
515
512
551
551
553
555
577
580
583
581
587
582
592
585
597
632
632
624
650
664
682
682
1481
725
735
722
737
762
739
762
764
762
1602
1600
849
824
850
802
846
824
1690
1690
1691
1690
1688
869
904
889
858
1724
1141
1139
1137
1755
953
996
962
950
940
1816
1227
1225
1102
1099
3192
1041
3273
2945
2945
2936
760
762
751
768
653
655
2811
2811
2360
1304
1304
1275
1249
866
866
854
752
3453
2911
679
681
604
592
597
533
511
519
2983
2578
568
569
564
562
588
588
572
588
802
719
708
715
629
653
657
656
656
651
675
671
669
794
754
734
729
727
763
735
766
771
769
771
766
763
793
942
931
865
843
878
856
854
847
866
866
352
350
364
2979
2979
954
932
930
936
420
418
430
428
467
465
449
481
453
446
489
454
489
507
507
522
524
544
522
525
524
524
592
551
552
595
536
602
603
605
610
644
640
659
1254
698
659
701
657
702
1291
678
682
740
685
1326
763
1326
763
722
810
808
696
790
787
750
1427
1428
1423
757
521
523
525
914
812
911
917
890
1514
851
1025
859
623
896
623
602
599
550
555
425
559
416
1656
1653
426
1646
673
673
624
626
494
632
503
495
494
541
533
566
533
528
530
534
536
536
579
571
565
576
560
586
585
588
588
1369
1367
641
668
642
670
656
684
649
686
651
1477
1472
774
762
761
782
786
789
786
485
487
838
535
861
541
866
858
853
853
567
569
1661
1679
639
641
643
645
692
694
696
701
700
716
718
710
710
1820
1818
1820
1833
4441
1963
732
734
736
738
661
610
593
589
586
974
976
979
980
978
790
792
794
796
2036
4771
732
731
733
735
848
797
765
784
769
779
779
840
2182
846
845
846
848
896
895
897
899
903
903
905
461
465
2298
964
966
968
970
972
974
977
535
584
583
585
587
594
614
2079
1887
1861
1867
1866
1867
646
649
650
669
1561
1557
2503
2281
2205
2015
1963
793
796
796
1699
1689
1683
1687
1497
4402
4405
4402
4402
4400
4400
1377
908
906
906
658
5266
1012
766
4696
539
539
1026
550
550
572
572
1059
1072
1069
821
633
635
640
611
438
411
652
623
430
4582
4556
4209
703
677
479
477
479
477
477
477
739
546
546
546
546
546
806
782
582
580
795
597
598
839
813
640
614
611
611
4429
680
682
682
684
363
355
353
351
766
766
764
764
762
407
4591
4485
813
477
510
502
521
516
514
545
536
562
534
559
556
554
552
953
585
576
577
579
996
1042
1042
1043
672
702
694
695
690
704
702
702
704
4544
787
763
2660
2484
2484
4747
878
881
2559
2561
2077
1826
4591
4583
2130
961
961
967
656
619
553
542
542
563
563
556
554
554
575
568
566
1047
738
1052
699
638
624
624
664
662
762
655
656
676
669
667
666
760
753
751
916
752
809
754
796
757
798
765
798
797
834
835
827
825
823
2021
2021
868
1823
1823
2089
2091
1848
1848
962
999
999
999
477
454
482
1022
1022
1028
500
477
1037
1060
521
1058
531
541
521
2021
2015
1660
2041
618
618
646
631
509
493
493
507
499
497
500
690
689
717
564
709
587
571
571
569
567
565
626
624
622
650
646
644
640
662
660
658
846
838
713
698
696
696
915
1983
736
1999
771
771
771
773
803
801
797
799
801
801
807
2105
2108
2105
2105
894
442
442
448
1876
1769
1758
1758
947
495
495
505
1798
1897
583
514
586
520
511
455
529
457
616
450
551
550
542
488
485
470
476
521
530
523
521
533
531
551
549
545
588
586
597
595
707
595
699
597
643
652
609
639
2076
686
686
686
343
726
722
720
720
720
720
720
377
738
2201
2199
2195
447
446
432
452
475
475
854
485
488
469
1791
1787
938
588
1825
1813
1691
1671
1856
1856
636
638
638
644
649
646
543
494
499
670
668
565
514
514
686
537
542
537
535
547
548
557
555
571
570
567
579
577
788
682
1919
1919
1463
664
661
661
667
684
339
343
333
322
320
770
770
744
740
747
738
2069
2061
1605
802
457
457
450
441
438
824
497
499
547
909
547
909
909
1691
1682
1626
586
574
572
1827
1761
1680
661
667
665
665
679
432
466
417
421
430
1743
731
728
524
1777
495
478
472
482
501
547
557
557
555
1538
1543
609
611
909
909
705
698
1560
1457
700
700
1424
722
722
497
475
393
391
391
769
1528
2107
831
833
835
830
1789
1789
1789
560
534
567
564
569
569
558
946
720
698
617
614
606
606
606
606
656
693
693
664
702
702
1063
1063
835
678
817
730
1828
1825
802
1848
813
813
1522
813
831
820
1548
861
865
867
1996
1992
949
1672
1659
991
999
995
538
538
531
519
1017
523
1025
568
1035
575
565
553
1055
1052
594
606
606
608
658
648
636
1884
1884
1680
1653
1635
1918
1667
747
590
592
597
594
414
403
790
789
789
799
801
799
799
640
646
2058
1784
510
510
510
510
510
747
567
578
1872
1866
806
1883
806
1658
625
625
625
635
676
672
670
467
456
457
437
745
737
1786
1702
1702
760
757
757
757
757
554
543
1726
547
525
2144
602
608
606
606
1846
1845
1845
916
916
916
713
702
702
705
1874
1870
736
492
750
1986
1986
813
813
1523
813
813
587
1553
1565
1553
639
628
607
607
491
491
491
491
481
937
933
707
1644
1659
2179
2204
614
614
614
669
835
826
805
805
689
689
689
689
679
918
1839
1678
752
754
754
778
778
778
982
961
961
844
841
1574
1814
1632
1621
868
935
925
914
914
914
930
1685
2102
1945
1003
1013
613
613
602
591
591
1069
1066
1066
1847
1851
1848
1644
1635
1637
696
696
685
675
674
714
703
692
694
1266
1262
1757
843
851
854
855
852
852
558
549
547
547
2109
919
919
919
919
625
614
614
614
1951
1947
1703
1703
697
701
1720
699
1046
1047
1046
752
741
741
741
1754
1754
783
785
2099
2095
845
586
586
526
513
513
892
892
898
897
539
545
1795
1795
1795
1790
937
677
677
617
607
604
702
649
649
649
422
411
411
413
1042
1906
1906
1909
1902
819
757
746
746
744
744
744
763
2044
583
585
581
2061
1642
1646
675
1652
667
665
682
1668
953
950
1694
719
750
750
492
492
465
454
1055
828
817
817
817
809
807
828
1837
2331
2324
588
590
592
600
597
603
1939
1941
1645
967
967
709
712
682
671
671
993
735
460
449
449
1751
1751
1751
1752
1748
835
808
798
798
795
1529
821
1529
1467
2177
618
597
603
915
915
667
656
937
660
680
1592
1592
691
679
679
446
446
439
427
427
709
1050
1050
802
791
791
789
785
1714
2114
2112
563
561
561
869
860
865
627
632
621
610
613
366
88
89
82
69
75
1885
72
1660
1893
1652
1649
974
135
423
1657
112
137
122
154
105
126
169
126
714
170
523
189
517
742
499
522
1030
792
164
799
158
167
172
178
179
189
195
1730
184
201
793
798
793
793
1488
2074
265
261
266
246
248
271
268
254
261
1841
304
301
307
305
253
680
678
254
323
683
263
244
272
337
341
713
285
349
286
761
264
272
270
769
769
1674
1672
321
1661
1658
330
313
1662
1664
320
241
265
242
271
243
811
832
352
301
304
1716
1133
1468
1457
1139
1139
1475
1135
325
355
329
336
340
333
355
344
351
359
363
1176
1181
398
1525
649
380
373
377
1003
992
1508
992
978
501
506
450
1547
1314
1314
1307
462
1297
1296
1046
464
465
1301
1053
464
471
474
305
310
496
483
2291
496
490
2282
320
508
508
508
1372
1372
1181
1170
1170
379
1157
1143
1152
371
1145
886
876
864
864
867
866
852
1208
1201
2092
1782
637
468
1785
1509
919
1265
495
909
465
481
467
1287
533
535
530
532
532
428
448
441
429
429
432
429
429
431
430
490
1065
519
512
500
500
521
518
671
518
559
557
563
561
772
772
1134
765
659
1142
1241
1181
671
677
732
728
677
683
724
721
721
554
554
455
766
459
791
580
580
481
801
800
391
1335
1335
1284
1378
1357
507
507
526
523
545
954
461
770
996
1014
1409
1438
685
601
590
576
482
482
489
486
485
940
653
639
545
533
549
569
568
809
570
616
617
620
619
621
623
630
1692
1017
1522
1506
1035
1403
721
724
724
726
982
979
1474
1467
1456
782
782
614
498
1938
1768
1752
1741
1185
1120
1653
1127
979
1671
1694
1694
1694
1035
607
607
597
596
555
557
555
557
698
645
575
649
636
638
633
632
634
650
608
589
585
587
630
681
682
680
682
687
686
688
664
694
687
686
684
688
734
736
738
717
722
721
724
725
1358
1473
1385
1382
1382
2064
2061
829
835
852
945
905
905
1524
1271
1547
1155
1104
1102
1584
1584
1584
2083
1984
1984
1028
1120
1077
1098
1098
1092
2181
2072
1150
2029
2029
2029
1945
1934
1917
1826
1826
731
736
733
668
589
529
551
529
531
1900
800
800
738
569
657
617
601
603
600
645
645
623
645
639
641
692
689
689
685
697
696
947
885
800
740
738
766
768
773
772
774
774
873
859
860
857
857
856
856
871
869
2266
2263
2262
943
943
973
964
998
1000
2121
2385
1085
1087
1089
1091
1093
1098
1095
1093
1093
2224
2111
2055
2055
1951
1953
1141
1134
621
630
620
559
524
507
443
1168
655
2097
2017
534
534
559
560
557
557
557
2114
2107
822
761
726
710
645
649
646
668
663
706
696
710
700
714
707
721
702
718
749
748
750
752
1034
973
1868
938
939
875
1829
1770
1730
1939
912
912
1797
1797
1797
1797
1006
1797
1006
1797
996
996
996
994
516
1840
1073
1073
573
546
1134
1131
1128
519
1131
542
542
542
452
607
1195
1195
1185
580
1168
1234
1236
1238
1240
645
1240
1240
647
645
2083
629
632
629
631
327
330
641
335
1355
853
787
831
714
819
711
720
719
714
409
726
843
2271
819
500
817
513
511
511
527
954
529
865
865
861
541
865
561
2407
2392
1870
1910
1849
1814
1797
1733
1733
1733
684
683
685
685
499
713
1801
733
730
1801
731
544
500
483
469
466
466
466
469
466
471
539
521
507
504
504
504
564
547
896
710
1959
426
423
604
620
2039
2036
663
652
664
693
668
694
501
698
505
550
550
550
763
759
759
594
1582
1601
620
1601
1511
2243
2242
1743
1716
1677
2273
2273
734
1627
538
538
783
528
532
1005
828
846
846
629
629
616
600
597
602
597
600
602
620
620
620
963
1155
1843
984
984
973
717
717
430
419
424
421
423
404
818
816
805
771
775
772
775
485
807
2008
1684
871
549
546
881
552
533
538
890
886
410
939
410
623
1845
1841
1655
496
496
496
1032
1032
766
752
1634
773
1639
1622
1640
1984
1984
630
847
670
1732
1732
1728
1728
725
725
723
596
599
540
510
510
513
1798
786
659
659
1701
1701
634
637
634
634
606
561
573
584
585
583
745
713
718
713
716
713
713
713
684
669
671
708
701
1068
1663
1663
1671
1652
761
769
764
772
772
770
2009
2042
2039
2039
1098
1101
1042
1031
1814
1832
1832
955
958
955
596
460
991
461
993
990
991
1008
649
1141
513
509
1185
1199
1979
1997
1226
1997
1226
1710
1226
1172
1172
636
633
622
622
443
432
1275
1239
487
490
487
489
489
491
494
2186
775
775
763
762
585
574
590
606
609
609
608
608
611
613
614
661
666
665
667
671
949
1502
1143
1008
1025
1901
1774
1002
988
986
1956
1988
1985
870
870
522
902
954
943
1930
1897
970
1867
1867
1881
1881
1002
972
624
982
1014
1053
664
573
527
527
462
1987
2024
2024
1994
1958
755
664
621
618
553
587
587
590
587
591
593
582
585
549
628
626
625
578
629
584
638
637
1287
630
637
633
635
694
693
677
685
986
690
688
689
691
1417
1419
1420
1070
955
2248
936
1889
1753
811
812
811
2328
2328
1032
986
975
1868
921
927
925
1015
932
1019
1019
458
1020
511
1026
2511
1971
2016
2003
2003
1826
1815
1815
1100
602
1847
1847
656
1157
1157
1157
678
669
628
556
532
535
535
534
532
534
704
666
594
570
547
574
574
574
574
615
615
591
593
592
596
596
600
600
657
623
661
628
667
635
648
640
642
681
681
951
944
1811
1717
1671
1671
768
947
875
779
855
855
855
855
2271
2271
2271
1898
864
864
864
1769
1758
941
498
498
1050
1816
1050
1816
1838
1786
1081
1789
1788
560
507
487
490
476
476
476
476
478
652
652
609
553
533
533
523
541
1210
568
576
598
598
602
602
649
1295
1304
675
674
1304
676
674
682
713
1361
725
1361
832
831
831
832
834
835
868
868
870
1057
1056
1010
957
937
1613
951
953
956
999
1001
996
984
997
2425
2421
2424
1942
1119
1108
1108
1111
1108
1942
1870
1846
1846
2048
2023
1156
1934
1931
1931
1931
1931
1936
756
492
695
663
616
527
527
527
524
524
567
541
543
545
552
592
581
586
581
577
601
836
603
827
650
802
652
713
736
736
1007
934
743
1021
948
1516
1516
1505
769
800
790
812
857
847
849
854
853
857
859
864
863
1017
1070
932
929
919
938
939
976
985
1018
983
985
968
949
996
977
1066
1084
2045
2063
1107
2017
1983
1963
1963
1113
1144
1144
1108
1092
1086
1101
508
2053
2055
2053
2053
2047
2051
2697
2697
2725
2725
643
514
512
514
512
514
606
516
575
575
521
730
642
598
616
792
704
635
671
723
636
650
644
644
735
712
712
712
710
709
708
710
712
735
768
754
770
760
763
799
799
806
806
807
814
1032
1040
1685
1648
1067
977
968
893
895
897
898
940
936
1007
1004
1004
984
984
954
955
954
1006
1004
975
2708
2708
2708
2705
2229
1062
1050
1028
999
413
1022
423
2214
2167
2078
2078
2078
2071
1133
1098
1069
2131
517
518
515
511
507
470
456
454
457
602
557
554
551
507
493
491
489
532
528
576
562
558
541
567
556
588
594
592
592
627
628
633
659
659
661
771
722
720
718
783
738
741
739
765
767
753
765
768
826
824
822
821
968
964
955
923
908
905
903
889
891
904
899
894
894
884
897
899
885
899
958
952
942
925
2735
2735
2718
962
427
430
428
434
430
430
499
431
428
489
425
485
490
490
490
518
514
510
509
510
512
514
516
510
545
545
542
533
524
515
493
483
470
589
604
617
624
616
1296
780
765
763
593
681
659
794
648
655
820
674
838
849
847
871
870
867
867
869
1487
950
938
933
931
945
947
1566
972
1029
1014
992
1032
1047
1019
1669
1642
1108
1106
1105
1102
1102
1133
1136
949
968
926
945
2777
2768
2762
2762
2766
2743
2742
1245
1249
1242
1237
1055
1028
3579
2984
1097
1070
1059
612
535
506
508
462
460
1120
565
645
536
490
491
503
501
499
2915
2913
580
575
573
562
570
572
629
627
625
614
612
660
652
650
648
652
648
651
707
705
706
702
905
753
750
746
745
738
759
965
885
856
813
808
813
811
809
855
853
853
851
865
889
891
893
890
892
903
893
891
409
938
936
3357
3316
2717
998
1000
1008
1003
510
515
510
425
425
571
574
486
486
486
486
491
488
486
609
512
512
512
537
532
545
555
557
558
558
551
574
616
618
625
625
628
626
627
628
658
649
639
690
686
683
717
716
717
879
743
877
770
763
786
837
839
841
841
836
842
835
818
838
1504
1020
1018
933
933
937
934
933
931
3319
3315
967
2649
2649
1062
1014
1001
1031
1014
1081
1056
3467
2775
2775
2777
3404
3397
1156
1156
659
661
622
610
569
512
2627
1254
1241
1227
2760
2733
640
640
640
645
640
618
644
2786
631
876
840
825
784
727
755
758
758
760
757
751
742
763
765
798
826
828
830
832
834
839
834
836
886
1043
1032
901
992
903
934
951
935
957
959
945
965
969
1005
1005
1005
1007
1005
1004
1000
3143
3132
2518
2502
2647
1115
1117
1119
1121
1114
1115
2097
2009
2009
2009
2009
586
592
508
510
509
503
472
472
477
1234
1234
1224
667
584
577
591
587
474
474
474
474
474
476
476
487
2158
2148
2128
2124
705
677
674
674
568
571
568
568
573
629
632
629
631
633
824
793
792
793
653
679
703
715
705
715
707
744
746
786
786
786
786
786
786
817
819
821
821
823
825
1941
1929
1888
1831
2002
1884
1883
1883
1883
1886
1883
1869
1869
954
954
1003
1003
1009
557
547
513
513
513
522
512
1964
565
562
1103
657
647
612
612
613
615
612
612
636
649
648
650
1189
1189
740
733
698
698
718
733
739
741
753
777
808
808
811
808
808
845
847
849
851
851
851
851
851
861
2339
2339
2331
913
913
913
913
927
968
492
498
1772
1769
1738
1739
1738
1632
1632
1632
1632
1904
605
599
590
530
513
513
516
513
510
1739
1739
684
681
673
664
605
588
588
588
588
618
620
622
648
807
803
1864
795
733
1861
715
716
721
718
792
792
1949
792
1524
794
1517
815
1486
1483
1499
840
840
839
2148
2148
2164
2164
1690
1690
1690
599
1054
1054
1054
634
614
615
615
617
1084
1084
660
643
643
1110
647
647
648
696
673
665
673
673
751
715
711
753
753
758
771
770
1290
768
771
844
1294
810
820
1980
823
822
1981
823
864
864
1401
977
960
961
981
978
954
926
422
984
984
1671
1661
1652
481
498
477
491
1048
1034
1034
1037
1048
534
1052
1052
1052
2267
2263
2266
1789
1747
1730
1730
1730
643
649
647
510
503
487
489
507
504
504
502
1836
1829
774
766
1851
766
626
621
774
606
605
585
631
650
669
669
669
667
687
687
918
778
1997
774
758
756
2033
2031
1607
784
782
782
780
2099
1648
1648
869
875
875
857
857
453
1741
1743
1741
1741
1741
1720
1718
1718
1737
966
1733
948
1733
949
570
570
595
584
584
584
584
584
584
615
631
606
604
611
642
617
617
619
619
690
725
664
716
664
664
669
668
670
768
707
709
2010
1257
1239
1239
835
820
778
779
2104
2104
917
933
869
1612
869
936
1493
1489
1473
1471
968
940
940
940
1515
1512
1512
960
1510
2287
1769
1758
1750
514
514
1057
517
1057
1057
579
568
568
1097
1097
601
593
590
590
619
619
641
602
602
600
647
692
692
692
678
675
673
1267
732
1271
742
789
742
789
748
747
798
803
806
805
807
807
1403
1400
903
1976
919
1958
919
1958
935
937
918
920
918
949
952
949
447
433
435
434
2117
1666
487
493
493
1052
1052
1052
1052
546
535
535
1760
1735
578
584
623
1872
1870
678
1225
1225
1225
741
1876
730
1876
1893
759
777
1923
817
814
814
521
503
492
832
851
843
855
849
859
560
542
528
875
2141
2141
2107
2107
2107
1611
1600
1602
684
660
649
681
683
507
690
689
689
548
2230
543
573
777
777
777
636
625
625
625
663
678
683
692
696
739
739
749
743
745
745
751
953
953
953
953
815
801
1968
1968
1951
855
1970
856
1971
1984
881
881
882
885
2091
2093
2093
968
968
598
598
511
498
498
2135
2138
2135
1629
1618
1623
2166
1071
701
701
612
595
597
614
607
609
611
681
683
681
681
664
646
670
725
740
733
733
733
734
725
755
747
772
772
761
786
787
786
788
790
793
1369
1369
1017
1017
928
1977
935
931
1988
923
929
927
933
2069
1027
1027
1046
1821
1818
1807
1042
1072
1074
1050
1050
1050
1099
659
536
532
2248
2248
1931
1931
1931
1790
1779
1779
749
1202
759
1810
643
643
578
578
2039
630
630
610
612
612
614
612
614
616
785
795
761
758
692
692
733
733
816
716
714
713
711
750
766
764
764
2095
2092
1722
972
1722
1640
986
959
1641
867
865
867
910
912
914
916
2247
1025
1799
1052
1799
1799
1817
1026
1084
1084
1064
1083
1083
1847
1101
1870
1124
793
578
578
552
1166
1158
2505
2507
2017
650
650
647
647
643
638
637
645
639
1282
1282
954
736
736
710
750
750
761
750
750
746
743
750
752
803
805
815
817
817
819
824
823
823
873
876
1501
1170
955
955
153
930
932
932
978
978
974
974
958
2395
2394
2394
275
2439
1996
1876
1872
1844
1083
1084
1086
1088
1093
1092
1094
511
1114
1119
1114
1116
536
1122
1867
1867
1847
1906
1906
473
626
1899
1899
664
666
668
642
642
577
566
566
566
2095
731
737
709
1429
1429
1429
1429
1425
1425
2065
1734
1519
1519
1478
1478
818
1454
753
871
742
742
742
915
889
889
824
813
813
941
915
915
850
839
839
971
2267
2267
2267
1679
1659
1659
1659
54
54
54
55
57
57
58
62
64
66
70
74
76
94
97
100
102
105
108
112
114
133
136
138
138
141
141
157
150
156
177
197
237
240
247
250
260
251
253
251
259
269
271
311
357
343
364
361
351
365
369
360
359
392
392
386
396
396
431
430
432
434
437
439
440
469
475
475
478
475
475
480
475
485
506
507
511
507
507
507
546
546
546
546
538
538
618
621
618
618
595
679
659
641
644
670
643
671
672
672
684
675
700
728
728
705
704
706
709
840
840
806
802
837
839
844
843
845
842
846
764
476
883
865
890
872
788
502
504
506
508
561
557
559
561
563
567
581
583
1083
611
1083
1083
632
1101
1121
674
680
1171
1171
1172
1172
1171
1228
1229
1259
1256
1252
1252
823
826
542
1257
1262
857
1302
881
879
1320
642
1397
1400
1431
1395
1031
1033
1035
1023
742
739
739
533
447
448
445
445
447
1514
1467
1101
1098
1597
1600
1597
548
544
897
894
894
688
578
607
584
608
592
643
643
626
647
632
649
638
649
644
681
689
730
730
753
756
756
1132
1132
1435
1132
979
839
1481
1959
1975
1975
1976
893
914
910
945
964
963
1030
1030
1030
1030
1030
2157
2149
1106
1108
1068
1108
1110
1130
1132
2228
1154
1185
1182
1182
1181
764
639
628
583
2325
2327
2329
2287
818
693
828
703
601
601
534
534
536
534
534
2429
2018
589
591
837
789
708
708
641
641
641
644
641
665
670
677
674
671
680
681
681
732
732
732
992
950
866
866
799
818
818
1969
1991
2311
2021
853
853
922
919
2096
1940
1803
1802
2203
1049
1078
1077
1079
1061
1085
603
1091
603
1115
1987
1987
1987
1987
1971
1134
1136
1199
611
597
1207
1207
1207
606
606
579
2081
631
823
819
719
705
702
702
712
705
702
700
700
702
706
706
708
728
756
744
736
748
746
738
750
752
855
855
1500
1037
1033
934
916
916
837
856
924
865
879
884
881
925
925
915
915
973
2058
1933
1922
2530
2530
2530
2529
1025
1024
1028
1034
1031
1966
1885
1885
1818
1818
1818
1818
1818
1818
1113
1111
1119
446
457
1151
450
1151
441
1154
1193
527
524
517
508
481
478
478
480
478
492
509
512
509
509
509
513
506
495
497
558
548
550
583
585
588
587
589
591
594
595
602
638
638
767
768
760
751
748
748
748
748
714
714
756
756
2273
2260
837
839
841
841
843
845
849
849
851
868
868
863
872
857
864
2387
2387
2430
1968
1964
1864
1847
1847
1847
1820
1839
1839
1829
1829
616
618
607
518
518
484
479
486
479
500
498
496
498
500
502
500
524
522
1114
1104
743
732
643
644
609
604
604
604
602
628
640
638
639
638
643
644
647
646
673
672
704
735
737
739
757
759
949
860
860
829
821
821
821
852
847
845
835
894
885
887
875
889
889
968
2397
974
2397
974
2397
2397
1761
1761
1754
1745
1733
1733
1733
1733
1733
1064
1734
1066
1078
1064
524
1073
503
540
504
1128
1130
1119
561
554
548
504
500
498
522
548
668
636
636
629
577
573
588
589
582
630
616
628
614
627
610
635
642
611
657
685
683
679
669
677
682
780
735
733
731
729
747
845
800
784
782
784
782
876
874
872
865
1015
918
916
1012
1000
918
956
952
950
924
948
922
916
928
931
931
1007
1005
1001
965
373
995
995
972
414
451
450
449
451
2450
2448
453
2446
448
451
451
521
521
524
521
547
545
533
539
1173
568
639
588
590
600
616
699
699
699
689
696
700
685
709
707
1322
1346
772
765
758
794
792
785
786
804
807
808
811
811
809
829
829
1470
1444
899
899
899
899
899
914
899
909
2532
2443
2443
2409
2404
1010
1009
1010
1001
969
979
3027
2666
2534
2534
1086
1049
1028
1128
1125
1093
541
2600
581
467
458
2593
2608
459
2591
463
615
502
631
637
531
531
534
531
1207
532
531
582
596
595
599
598
593
596
722
608
610
612
612
614
618
791
680
819
739
722
724
726
726
916
784
784
784
784
784
782
798
800
802
806
803
2293
2416
2285
2409
870
2515
2483
905
907
907
2366
1821
1821
1821
1821
991
993
543
549
549
507
471
471
471
1029
579
1038
537
501
501
505
600
555
1864
566
569
566
566
406
406
411
406
406
637
635
612
612
612
615
456
453
452
2049
2046
2034
521
529
524
531
527
529
589
586
596
592
616
616
816
814
814
814
657
654
654
682
682
682
1545
1539
1536
1536
1536
1539
760
750
750
750
362
351
336
1796
2339
1801
1789
865
867
867
867
867
479
470
453
453
913
1737
1723
1726
531
531
976
974
587
575
548
560
560
551
558
556
563
605
392
652
671
1412
674
671
689
1943
710
1406
2003
566
572
597
826
618
615
615
837
1562
1541
1541
1541
1541
1381
1384
2156
2153
1727
1455
1469
1469
1469
798
533
604
595
597
598
574
579
848
581
849
849
646
637
637
637
616
616
639
647
645
693
690
960
688
762
734
734
734
824
1713
760
1711
760
1048
802
801
801
806
826
828
850
866
853
850
851
881
1186
978
969
969
948
969
966
966
1986
1023
1013
1079
1079
1102
1096
1096
1096
2094
2094
2094
1706
2135
2135
687
676
693
682
1769
1754
1754
1757
1754
1754
1754
1754
750
750
1577
544
531
517
819
819
613
600
586
588
578
586
588
635
630
627
627
641
653
653
935
924
1765
950
947
1764
722
719
819
764
766
771
846
832
832
832
835
856
856
856
858
839
389
843
395
857
865
866
418
411
875
430
2026
464
470
468
525
1009
1009
553
1937
1931
1928
1908
1907
1910
1907
1907
1907
590
590
2187
2186
460
451
419
655
656
471
525
516
481
503
702
547
534
536
538
530
530
783
793
2099
796
791
679
670
2143
2146
639
645
413
399
399
325
714
714
732
727
719
719
729
729
727
494
483
2319
2340
1840
456
456
613
537
518
518
650
639
639
563
545
1927
1927
607
1784
1774
1757
1757
1742
1751
1761
1758
2053
715
717
717
717
717
1861
754
753
753
754
549
538
541
538
540
538
598
587
589
587
587
587
1998
642
636
636
947
947
947
703
679
693
2066
1589
795
795
795
791
773
467
790
790
462
461
800
803
795
2239
1745
1745
871
871
1658
1596
1676
1644
1644
587
471
470
496
493
493
491
700
493
691
689
652
539
539
745
1740
581
591
590
590
587
585
608
608
602
826
826
789
1836
672
672
652
1630
1930
1914
743
749
750
744
747
753
1722
1747
1671
1652
1652
1649
1648
1648
1404
831
840
837
487
487
423
412
414
1725
414
1500
1500
923
921
1500
572
572
507
496
533
572
574
574
572
571
567
566
612
612
612
1663
1107
1668
757
1668
673
663
1691
675
675
677
677
679
730
857
1459
732
1448
817
1495
1846
1458
1842
835
835
507
507
439
430
432
434
436
874
881
553
551
483
488
489
491
968
537
1003
1003
1005
1005
555
1007
1001
586
594
598
600
602
649
1153
1155
1152
1152
1694
1694
726
728
733
1228
1228
1749
1212
1210
899
899
1779
792
836
1831
1855
1855
904
517
506
918
933
931
947
948
945
945
560
951
549
619
608
610
1023
612
636
614
2019
1997
1647
1647
1585
1572
2064
2039
711
717
717
1653
1653
1653
780
782
771
582
585
516
527
525
523
844
564
655
566
563
656
590
578
584
589
593
591
621
619
615
625
619
649
647
646
647
651
650
1013
1023
1941
834
1941
834
770
747
752
803
803
801
807
843
838
837
847
2096
853
892
888
892
925
925
945
946
941
954
982
984
986
988
988
990
979
978
1042
1042
1039
608
2293
2293
2292
1961
1961
667
669
671
2359
668
2351
511
1926
1984
2399
610
554
534
506
795
508
508
808
508
654
515
512
684
625
605
577
579
575
573
571
569
639
635
632
630
623
634
668
666
666
662
662
667
666
668
696
854
798
707
782
754
754
752
750
794
1119
963
2387
872
870
869
868
870
872
877
876
900
929
932
932
934
936
2095
2533
2125
2125
1030
2151
1029
1962
1036
613
617
474
480
471
484
1072
1101
1118
695
2079
2013
2002
2002
2312
599
580
605
581
579
577
575
573
571
684
691
681
625
653
634
627
625
623
652
644
723
721
719
702
718
703
713
702
761
752
786
784
782
760
780
762
780
786
766
837
860
830
828
828
829
876
874
872
985
977
945
921
920
917
915
913
911
953
950
962
1001
999
999
996
992
992
993
970
352
2526
2522
2519
1085
1068
437
428
428
432
429
428
427
435
1110
503
543
499
496
507
468
496
499
499
532
534
1239
1223
570
598
591
579
594
570
588
596
693
711
711
711
752
730
767
755
754
767
759
758
821
823
817
816
820
821
822
827
827
831
1555
1540
913
859
891
929
929
931
931
925
927
869
870
848
1662
1639
1017
1008
1032
1032
2794
2791
2634
959
2685
2629
988
2609
983
1136
2587
1139
1137
1150
1073
1053
1060
570
2996
2996
564
471
449
447
447
450
447
1192
661
2787
2787
2787
690
604
750
598
599
598
622
713
600
598
607
667
667
667
667
667
667
661
664
662
673
671
744
738
715
718
720
919
722
954
846
840
825
824
812
814
814
841
836
978
888
886
889
886
886
887
1588
1094
943
943
1038
1028
1020
1026
1032
1023
1018
479
483
479
414
1038
3343
428
2921
500
2786
2792
2785
1132
581
579
1131
519
593
1147
603
2081
2081
2081
2081
2081
2834
2826
638
640
642
645
646
648
646
484
472
674
674
674
675
509
498
525
523
523
523
2180
525
526
563
547
549
551
551
579
607
605
583
583
610
609
607
668
671
654
682
676
678
680
702
713
714
716
725
726
719
754
783
1036
872
861
843
841
842
841
829
846
827
827
827
867
865
865
857
898
2551
2628
2622
961
2604
964
970
953
971
999
999
983
2155
2187
2064
2064
2064
2064
2064
1106
1117
551
557
556
549
506
495
1140
581
497
495
495
495
495
493
483
487
2188
2184
1584
1584
726
683
672
647
680
648
635
679
681
678
679
672
672
660
690
718
712
714
718
718
720
722
722
831
803
803
968
964
921
881
879
879
881
858
882
874
860
873
914
914
916
918
920
924
1991
1991
985
2034
1874
1860
1848
1844
1840
1803
1849
1048
1050
1066
1106
557
517
498
478
478
478
481
1941
1179
1206
657
617
595
578
578
578
640
642
642
642
645
664
1312
770
733
711
691
691
691
692
2210
2191
482
470
470
470
511
846
849
846
567
555
558
558
879
876
606
608
623
969
690
679
678
678
678
1809
1756
1754
1910
1906
1863
1936
1932
797
799
799
799
508
490
474
474
1894
1893
1893
1888
1890
1891
877
877
876
877
585
566
552
551
551
1971
633
633
633
633
633
651
1010
659
2025
693
690
690
1496
1475
1452
1085
794
792
778
778
778
1494
792
1497
833
816
888
888
841
837
906
456
1619
455
896
2321
2321
2321
538
538
538
538
525
527
568
568
975
974
588
584
584
588
585
571
571
1848
1152
1848
1135
1848
662
1121
1591
1599
1598
758
720
1158
775
767
767
767
754
754
795
793
794
793
416
1720
1720
854
852
852
852
855
475
509
509
509
509
509
2154
573
573
559
565
573
578
576
1917
1917
1050
1047
1626
1047
670
659
1640
687
687
687
687
1689
1689
1689
759
768
763
763
474
466
2097
2097
1785
1788
1785
1785
1768
866
865
865
865
576
565
883
901
1781
622
627
625
630
628
502
1878
716
705
706
706
1529
602
602
602
602
604
602
602
2076
814
814
688
1663
1663
1663
1650
1650
1652
729
728
726
726
726
726
726
750
755
754
756
756
759
371
984
984
858
989
870
1794
1794
1812
899
899
899
899
899
899
1924
1926
553
527
560
531
534
1959
467
456
1045
1042
1042
1042
658
1059
1056
1658
1658
1704
1693
574
574
574
574
574
532
532
1757
804
1757
776
804
777
776
2230
1805
1804
726
718
715
715
715
715
718
673
673
936
1611
936
1600
936
1633
1632
1632
774
1511
780
781
781
786
783
412
912
415
1550
930
930
930
930
930
930
907
1599
1619
948
931
1636
931
931
931
963
1671
612
597
2243
2243
657
563
552
552
554
552
552
552
556
1124
1836
766
758
1854
743
2071
804
713
699
699
699
702
700
699
699
745
746
746
748
941
2004
944
944
2022
1663
1633
1633
1633
850
849
850
903
892
892
892
892
892
923
920
920
1602
1602
944
1602
1602
1621
1675
2251
2251
1854
1019
1019
1019
619
1748
1706
1706
618
620
608
597
600
601
599
597
598
669
669
1136
659
648
657
