****************************************************************
*                      CasHMC version 1.3                      *
*                       result log file                        *
*            Date : 2018/04/03      Time : 14:51:03            *
****************************************************************

- Trace type : file
- Trace file : ./trace/SPEC_CPU2006_example/mase_trace_lbm_base.alpha.v0.trc

  ============= CasHMC statistic result =============

  Elapsed epoch : 0
  Elapsed clock : 299997

        HMC bandwidth : 24.4393 GB/s  (Considered only data size)
       Link bandwidth : 40.6939 GB/s  (Included flow packet)
     Transmitted data : 7.50769 MB (7872384 B)

    Active link power :     250 mW
     Sleep link power :       0 mW
      Down link power :       0 mW
  Total power on link :     250 mW

     Sleep mode ratio :       0 %
      Down mode ratio :       0 %
Total low-power ratio :       0 %

    Tran latency mean : 122.335 ns
                 std  : 32.2651 ns
                 max  : 201 ns
                 min  : 48 ns
    Link latency mean : 78.4053 ns
                 std  : 25.5401 ns
                 max  : 148 ns
                 min  : 36 ns
   Vault latency mean : 19.8637 ns
                 std  : 4.18242 ns
                 max  : 28.8 ns
                 min  : 15.2 ns
   Retry latency mean : 0 ns
                 std  : 0 ns
                 max  : 0 ns
                 min  : 0 ns

           Read count : 63734
          Write count : 59279
         Atomic count : 0
        Request count : 123013
       Response count : 122977
           Flow count : 81283
    Transaction count : 122972
    Error abort count : 0
    Error retry count : 0

  ----------------------  [Link 0]
  |               Read per link : 15924
  |              Write per link : 14827
  |             Atomic per link : 0
  |            Request per link : 30751
  |           Response per link : 30745
  |               Flow per link : 24502
  |        Error abort per link : 0
  |            Sleep mode ratio : 0 %
  |             Down mode ratio : 0 %
  |  Total low power mode ratio : 0 %
  |        Downstream Bandwidth : 4.91664 GB/s
  |          Upstream Bandwidth : 5.21854 GB/s
  |             Total Bandwidth : 10.1352 GB/s
  |  Downstream effec Bandwidth : 2.94589 GB/s
  |    Upstream effec Bandwidth : 2.91768 GB/s
  |       Total effec Bandwidth : 5.86357 GB/s
  | Downstream transmitted data : 926.688 KB (948928 B)
  |   Upstream transmitted data : 917.812 KB (939840 B)
  -----  Total transmitted data : 1.80127 MB (1888768 B)

  ----------------------  [Link 1]
  |               Read per link : 15948
  |              Write per link : 14810
  |             Atomic per link : 0
  |            Request per link : 30758
  |           Response per link : 30744
  |               Flow per link : 17256
  |        Error abort per link : 0
  |            Sleep mode ratio : 0 %
  |             Down mode ratio : 0 %
  |  Total low power mode ratio : 0 %
  |        Downstream Bandwidth : 4.89136 GB/s
  |          Upstream Bandwidth : 5.34316 GB/s
  |             Total Bandwidth : 10.2345 GB/s
  |  Downstream effec Bandwidth : 2.94251 GB/s
  |    Upstream effec Bandwidth : 3.38001 GB/s
  |       Total effec Bandwidth : 6.32253 GB/s
  | Downstream transmitted data : 925.625 KB (947840 B)
  |   Upstream transmitted data : 1.03833 MB (1088768 B)
  -----  Total transmitted data : 1.94226 MB (2036608 B)

  ----------------------  [Link 2]
  |               Read per link : 15922
  |              Write per link : 14827
  |             Atomic per link : 0
  |            Request per link : 30749
  |           Response per link : 30744
  |               Flow per link : 18124
  |        Error abort per link : 0
  |            Sleep mode ratio : 0 %
  |             Down mode ratio : 0 %
  |  Total low power mode ratio : 0 %
  |        Downstream Bandwidth : 4.87188 GB/s
  |          Upstream Bandwidth : 5.33298 GB/s
  |             Total Bandwidth : 10.2049 GB/s
  |  Downstream effec Bandwidth : 2.94589 GB/s
  |    Upstream effec Bandwidth : 3.30432 GB/s
  |       Total effec Bandwidth : 6.25021 GB/s
  | Downstream transmitted data : 926.688 KB (948928 B)
  |   Upstream transmitted data : 1.01508 MB (1064384 B)
  -----  Total transmitted data : 1.92004 MB (2013312 B)

  ----------------------  [Link 3]
  |               Read per link : 15940
  |              Write per link : 14815
  |             Atomic per link : 0
  |            Request per link : 30755
  |           Response per link : 30744
  |               Flow per link : 21401
  |        Error abort per link : 0
  |            Sleep mode ratio : 0 %
  |             Down mode ratio : 0 %
  |  Total low power mode ratio : 0 %
  |        Downstream Bandwidth :  4.8927 GB/s
  |          Upstream Bandwidth : 5.22668 GB/s
  |             Total Bandwidth : 10.1194 GB/s
  |  Downstream effec Bandwidth : 2.94351 GB/s
  |    Upstream effec Bandwidth : 3.05815 GB/s
  |       Total effec Bandwidth : 6.00165 GB/s
  | Downstream transmitted data : 925.938 KB (948160 B)
  |   Upstream transmitted data :     962 KB (985088 B)
  -----  Total transmitted data : 1.84369 MB (1933248 B)

  * Effec bandwidth takes data transmission into account regardless of packet header and tail
