****************************************************************
*                      CasHMC version 1.3                      *
*                       result log file                        *
*            Date : 2018/04/03      Time : 14:50:50            *
****************************************************************

- Trace type : file
- Trace file : ./trace/SPEC_CPU2006_example/mase_trace_gromacs_base.alpha.v0.trc

  ============= CasHMC statistic result =============

  Elapsed epoch : 0
  Elapsed clock : 299952

        HMC bandwidth : 3.52439 GB/s  (Considered only data size)
       Link bandwidth : 10.0345 GB/s  (Included flow packet)
     Transmitted data : 1.08252 MB (1135104 B)

    Active link power :     250 mW
     Sleep link power :       0 mW
      Down link power :       0 mW
  Total power on link :     250 mW

     Sleep mode ratio :       0 %
      Down mode ratio :       0 %
Total low-power ratio :       0 %

    Tran latency mean : 60.2898 ns
                 std  : 9.11634 ns
                 max  : 384 ns
                 min  : 52 ns
    Link latency mean : 53.2449 ns
                 std  : 9.02685 ns
                 max  : 360 ns
                 min  : 40 ns
   Vault latency mean : 20.3668 ns
                 std  : 3.8261 ns
                 max  : 24 ns
                 min  : 15.2 ns
   Retry latency mean : 0 ns
                 std  : 0 ns
                 max  : 0 ns
                 min  : 0 ns

           Read count : 11453
          Write count : 6282
         Atomic count : 0
        Request count : 17735
       Response count : 17735
           Flow count : 95579
    Transaction count : 17735
    Error abort count : 0
    Error retry count : 0

  ----------------------  [Link 0]
  |               Read per link : 1868
  |              Write per link : 2566
  |             Atomic per link : 0
  |            Request per link : 4434
  |           Response per link : 4434
  |               Flow per link : 23847
  |        Error abort per link : 0
  |            Sleep mode ratio : 0 %
  |             Down mode ratio : 0 %
  |  Total low power mode ratio : 0 %
  |        Downstream Bandwidth : 1.30058 GB/s
  |          Upstream Bandwidth : 1.24509 GB/s
  |             Total Bandwidth : 2.54567 GB/s
  |  Downstream effec Bandwidth :  0.5099 GB/s
  |    Upstream effec Bandwidth : 0.410543 GB/s
  |       Total effec Bandwidth : 0.920443 GB/s
  | Downstream transmitted data : 160.375 KB (164224 B)
  |   Upstream transmitted data : 129.125 KB (132224 B)
  -----  Total transmitted data :   289.5 KB (296448 B)

  ----------------------  [Link 1]
  |               Read per link : 3853
  |              Write per link : 581
  |             Atomic per link : 0
  |            Request per link : 4434
  |           Response per link : 4434
  |               Flow per link : 23923
  |        Error abort per link : 0
  |            Sleep mode ratio : 0 %
  |             Down mode ratio : 0 %
  |  Total low power mode ratio : 0 %
  |        Downstream Bandwidth : 0.90852 GB/s
  |          Upstream Bandwidth : 1.56502 GB/s
  |             Total Bandwidth : 2.47354 GB/s
  |  Downstream effec Bandwidth : 0.115453 GB/s
  |    Upstream effec Bandwidth : 0.729081 GB/s
  |       Total effec Bandwidth : 0.844534 GB/s
  | Downstream transmitted data : 36.3125 KB (37184 B)
  |   Upstream transmitted data : 229.312 KB (234816 B)
  -----  Total transmitted data : 265.625 KB (272000 B)

  ----------------------  [Link 2]
  |               Read per link : 1865
  |              Write per link : 2569
  |             Atomic per link : 0
  |            Request per link : 4434
  |           Response per link : 4434
  |               Flow per link : 23912
  |        Error abort per link : 0
  |            Sleep mode ratio : 0 %
  |             Down mode ratio : 0 %
  |  Total low power mode ratio : 0 %
  |        Downstream Bandwidth : 1.30307 GB/s
  |          Upstream Bandwidth : 1.24683 GB/s
  |             Total Bandwidth :  2.5499 GB/s
  |  Downstream effec Bandwidth : 0.510496 GB/s
  |    Upstream effec Bandwidth : 0.41094 GB/s
  |       Total effec Bandwidth : 0.921437 GB/s
  | Downstream transmitted data : 160.562 KB (164416 B)
  |   Upstream transmitted data :  129.25 KB (132352 B)
  -----  Total transmitted data : 289.812 KB (296768 B)

  ----------------------  [Link 3]
  |               Read per link : 3867
  |              Write per link : 566
  |             Atomic per link : 0
  |            Request per link : 4433
  |           Response per link : 4433
  |               Flow per link : 23897
  |        Error abort per link : 0
  |            Sleep mode ratio : 0 %
  |             Down mode ratio : 0 %
  |  Total low power mode ratio : 0 %
  |        Downstream Bandwidth : 0.904596 GB/s
  |          Upstream Bandwidth :  1.5608 GB/s
  |             Total Bandwidth : 2.46539 GB/s
  |  Downstream effec Bandwidth : 0.112472 GB/s
  |    Upstream effec Bandwidth : 0.725306 GB/s
  |       Total effec Bandwidth : 0.837778 GB/s
  | Downstream transmitted data :  35.375 KB (36224 B)
  |   Upstream transmitted data : 228.125 KB (233600 B)
  -----  Total transmitted data :   263.5 KB (269824 B)

  * Effec bandwidth takes data transmission into account regardless of packet header and tail
